CRITICAL - 2023-12-10 04:46:25 --> Undefined variable $etiquetas
in APPPATH\Views\your_unique_news.php on line 61.
 1 APPPATH\Views\your_unique_news.php(61): CodeIgniter\Debug\Exceptions->errorHandler(2, 'Undefined variable $etiquetas', 'C:\\xampp\\htdocs\\code\\app\\Views\\your_unique_news.php', 61)
 2 SYSTEMPATH\View\View.php(228): include('C:\\xampp\\htdocs\\code\\app\\Views\\your_unique_news.php')
 3 SYSTEMPATH\View\View.php(231): CodeIgniter\View\View->CodeIgniter\View\{closure}()
 4 SYSTEMPATH\Common.php(1190): CodeIgniter\View\View->render('your_unique_news', [], true)
 5 APPPATH\Controllers\YourNews.php(38): view('your_unique_news', [...])
 6 SYSTEMPATH\CodeIgniter.php(942): App\Controllers\YourNews->index()
 7 SYSTEMPATH\CodeIgniter.php(502): CodeIgniter\CodeIgniter->runController(Object(App\Controllers\YourNews))
 8 SYSTEMPATH\CodeIgniter.php(361): CodeIgniter\CodeIgniter->handleRequest(null, Object(Config\Cache), false)
 9 FCPATH\index.php(79): CodeIgniter\CodeIgniter->run()
CRITICAL - 2023-12-10 04:46:26 --> Undefined variable $etiquetas
in APPPATH\Views\your_unique_news.php on line 61.
 1 APPPATH\Views\your_unique_news.php(61): CodeIgniter\Debug\Exceptions->errorHandler(2, 'Undefined variable $etiquetas', 'C:\\xampp\\htdocs\\code\\app\\Views\\your_unique_news.php', 61)
 2 SYSTEMPATH\View\View.php(228): include('C:\\xampp\\htdocs\\code\\app\\Views\\your_unique_news.php')
 3 SYSTEMPATH\View\View.php(231): CodeIgniter\View\View->CodeIgniter\View\{closure}()
 4 SYSTEMPATH\Common.php(1190): CodeIgniter\View\View->render('your_unique_news', [], true)
 5 APPPATH\Controllers\YourNews.php(38): view('your_unique_news', [...])
 6 SYSTEMPATH\CodeIgniter.php(942): App\Controllers\YourNews->index()
 7 SYSTEMPATH\CodeIgniter.php(502): CodeIgniter\CodeIgniter->runController(Object(App\Controllers\YourNews))
 8 SYSTEMPATH\CodeIgniter.php(361): CodeIgniter\CodeIgniter->handleRequest(null, Object(Config\Cache), false)
 9 FCPATH\index.php(79): CodeIgniter\CodeIgniter->run()
CRITICAL - 2023-12-10 18:09:51 --> Trying to access array offset on value of type null
in APPPATH\Views\your_unique_news.php on line 74.
 1 APPPATH\Views\your_unique_news.php(74): CodeIgniter\Debug\Exceptions->errorHandler(2, 'Trying to access array offset on value of type null', 'C:\\xampp\\htdocs\\code\\app\\Views\\your_unique_news.php', 74)
 2 SYSTEMPATH\View\View.php(228): include('C:\\xampp\\htdocs\\code\\app\\Views\\your_unique_news.php')
 3 SYSTEMPATH\View\View.php(231): CodeIgniter\View\View->CodeIgniter\View\{closure}()
 4 SYSTEMPATH\Common.php(1190): CodeIgniter\View\View->render('your_unique_news', [], true)
 5 APPPATH\Controllers\YourNews.php(59): view('your_unique_news', [...])
 6 SYSTEMPATH\CodeIgniter.php(942): App\Controllers\YourNews->index()
 7 SYSTEMPATH\CodeIgniter.php(502): CodeIgniter\CodeIgniter->runController(Object(App\Controllers\YourNews))
 8 SYSTEMPATH\CodeIgniter.php(361): CodeIgniter\CodeIgniter->handleRequest(null, Object(Config\Cache), false)
 9 FCPATH\index.php(79): CodeIgniter\CodeIgniter->run()
CRITICAL - 2023-12-10 18:37:05 --> Undefined variable $users
in APPPATH\Views\your_unique_news.php on line 74.
 1 APPPATH\Views\your_unique_news.php(74): CodeIgniter\Debug\Exceptions->errorHandler(2, 'Undefined variable $users', 'C:\\xampp\\htdocs\\code\\app\\Views\\your_unique_news.php', 74)
 2 SYSTEMPATH\View\View.php(228): include('C:\\xampp\\htdocs\\code\\app\\Views\\your_unique_news.php')
 3 SYSTEMPATH\View\View.php(231): CodeIgniter\View\View->CodeIgniter\View\{closure}()
 4 SYSTEMPATH\Common.php(1190): CodeIgniter\View\View->render('your_unique_news', [], true)
 5 APPPATH\Controllers\YourNews.php(59): view('your_unique_news', [...])
 6 SYSTEMPATH\CodeIgniter.php(942): App\Controllers\YourNews->index()
 7 SYSTEMPATH\CodeIgniter.php(502): CodeIgniter\CodeIgniter->runController(Object(App\Controllers\YourNews))
 8 SYSTEMPATH\CodeIgniter.php(361): CodeIgniter\CodeIgniter->handleRequest(null, Object(Config\Cache), false)
 9 FCPATH\index.php(79): CodeIgniter\CodeIgniter->run()
CRITICAL - 2023-12-10 18:37:34 --> Undefined variable $users
in APPPATH\Views\your_unique_news.php on line 74.
 1 APPPATH\Views\your_unique_news.php(74): CodeIgniter\Debug\Exceptions->errorHandler(2, 'Undefined variable $users', 'C:\\xampp\\htdocs\\code\\app\\Views\\your_unique_news.php', 74)
 2 SYSTEMPATH\View\View.php(228): include('C:\\xampp\\htdocs\\code\\app\\Views\\your_unique_news.php')
 3 SYSTEMPATH\View\View.php(231): CodeIgniter\View\View->CodeIgniter\View\{closure}()
 4 SYSTEMPATH\Common.php(1190): CodeIgniter\View\View->render('your_unique_news', [], true)
 5 APPPATH\Controllers\YourNews.php(59): view('your_unique_news', [...])
 6 SYSTEMPATH\CodeIgniter.php(942): App\Controllers\YourNews->index()
 7 SYSTEMPATH\CodeIgniter.php(502): CodeIgniter\CodeIgniter->runController(Object(App\Controllers\YourNews))
 8 SYSTEMPATH\CodeIgniter.php(361): CodeIgniter\CodeIgniter->handleRequest(null, Object(Config\Cache), false)
 9 FCPATH\index.php(79): CodeIgniter\CodeIgniter->run()
CRITICAL - 2023-12-10 18:37:39 --> Undefined variable $users
in APPPATH\Views\your_unique_news.php on line 74.
 1 APPPATH\Views\your_unique_news.php(74): CodeIgniter\Debug\Exceptions->errorHandler(2, 'Undefined variable $users', 'C:\\xampp\\htdocs\\code\\app\\Views\\your_unique_news.php', 74)
 2 SYSTEMPATH\View\View.php(228): include('C:\\xampp\\htdocs\\code\\app\\Views\\your_unique_news.php')
 3 SYSTEMPATH\View\View.php(231): CodeIgniter\View\View->CodeIgniter\View\{closure}()
 4 SYSTEMPATH\Common.php(1190): CodeIgniter\View\View->render('your_unique_news', [], true)
 5 APPPATH\Controllers\YourNews.php(59): view('your_unique_news', [...])
 6 SYSTEMPATH\CodeIgniter.php(942): App\Controllers\YourNews->index()
 7 SYSTEMPATH\CodeIgniter.php(502): CodeIgniter\CodeIgniter->runController(Object(App\Controllers\YourNews))
 8 SYSTEMPATH\CodeIgniter.php(361): CodeIgniter\CodeIgniter->handleRequest(null, Object(Config\Cache), false)
 9 FCPATH\index.php(79): CodeIgniter\CodeIgniter->run()
CRITICAL - 2023-12-10 18:38:21 --> Cannot access offset of type string on string
in APPPATH\Views\your_unique_news.php on line 76.
 1 SYSTEMPATH\View\View.php(228): include()
 2 SYSTEMPATH\View\View.php(231): CodeIgniter\View\View->CodeIgniter\View\{closure}()
 3 SYSTEMPATH\Common.php(1190): CodeIgniter\View\View->render('your_unique_news', [], true)
 4 APPPATH\Controllers\YourNews.php(59): view('your_unique_news', [...])
 5 SYSTEMPATH\CodeIgniter.php(942): App\Controllers\YourNews->index()
 6 SYSTEMPATH\CodeIgniter.php(502): CodeIgniter\CodeIgniter->runController(Object(App\Controllers\YourNews))
 7 SYSTEMPATH\CodeIgniter.php(361): CodeIgniter\CodeIgniter->handleRequest(null, Object(Config\Cache), false)
 8 FCPATH\index.php(79): CodeIgniter\CodeIgniter->run()
CRITICAL - 2023-12-10 18:40:23 --> Undefined variable $users
in APPPATH\Views\your_unique_news.php on line 75.
 1 APPPATH\Views\your_unique_news.php(75): CodeIgniter\Debug\Exceptions->errorHandler(2, 'Undefined variable $users', 'C:\\xampp\\htdocs\\code\\app\\Views\\your_unique_news.php', 75)
 2 SYSTEMPATH\View\View.php(228): include('C:\\xampp\\htdocs\\code\\app\\Views\\your_unique_news.php')
 3 SYSTEMPATH\View\View.php(231): CodeIgniter\View\View->CodeIgniter\View\{closure}()
 4 SYSTEMPATH\Common.php(1190): CodeIgniter\View\View->render('your_unique_news', [], true)
 5 APPPATH\Controllers\YourNews.php(59): view('your_unique_news', [...])
 6 SYSTEMPATH\CodeIgniter.php(942): App\Controllers\YourNews->index()
 7 SYSTEMPATH\CodeIgniter.php(502): CodeIgniter\CodeIgniter->runController(Object(App\Controllers\YourNews))
 8 SYSTEMPATH\CodeIgniter.php(361): CodeIgniter\CodeIgniter->handleRequest(null, Object(Config\Cache), false)
 9 FCPATH\index.php(79): CodeIgniter\CodeIgniter->run()
CRITICAL - 2023-12-10 18:40:24 --> Undefined variable $users
in APPPATH\Views\your_unique_news.php on line 75.
 1 APPPATH\Views\your_unique_news.php(75): CodeIgniter\Debug\Exceptions->errorHandler(2, 'Undefined variable $users', 'C:\\xampp\\htdocs\\code\\app\\Views\\your_unique_news.php', 75)
 2 SYSTEMPATH\View\View.php(228): include('C:\\xampp\\htdocs\\code\\app\\Views\\your_unique_news.php')
 3 SYSTEMPATH\View\View.php(231): CodeIgniter\View\View->CodeIgniter\View\{closure}()
 4 SYSTEMPATH\Common.php(1190): CodeIgniter\View\View->render('your_unique_news', [], true)
 5 APPPATH\Controllers\YourNews.php(59): view('your_unique_news', [...])
 6 SYSTEMPATH\CodeIgniter.php(942): App\Controllers\YourNews->index()
 7 SYSTEMPATH\CodeIgniter.php(502): CodeIgniter\CodeIgniter->runController(Object(App\Controllers\YourNews))
 8 SYSTEMPATH\CodeIgniter.php(361): CodeIgniter\CodeIgniter->handleRequest(null, Object(Config\Cache), false)
 9 FCPATH\index.php(79): CodeIgniter\CodeIgniter->run()
CRITICAL - 2023-12-10 18:40:57 --> Call to undefined function bae_url()
in APPPATH\Views\your_unique_news.php on line 76.
 1 SYSTEMPATH\View\View.php(228): include()
 2 SYSTEMPATH\View\View.php(231): CodeIgniter\View\View->CodeIgniter\View\{closure}()
 3 SYSTEMPATH\Common.php(1190): CodeIgniter\View\View->render('your_unique_news', [], true)
 4 APPPATH\Controllers\YourNews.php(59): view('your_unique_news', [...])
 5 SYSTEMPATH\CodeIgniter.php(942): App\Controllers\YourNews->index()
 6 SYSTEMPATH\CodeIgniter.php(502): CodeIgniter\CodeIgniter->runController(Object(App\Controllers\YourNews))
 7 SYSTEMPATH\CodeIgniter.php(361): CodeIgniter\CodeIgniter->handleRequest(null, Object(Config\Cache), false)
 8 FCPATH\index.php(79): CodeIgniter\CodeIgniter->run()
CRITICAL - 2023-12-10 18:40:58 --> Call to undefined function bae_url()
in APPPATH\Views\your_unique_news.php on line 76.
 1 SYSTEMPATH\View\View.php(228): include()
 2 SYSTEMPATH\View\View.php(231): CodeIgniter\View\View->CodeIgniter\View\{closure}()
 3 SYSTEMPATH\Common.php(1190): CodeIgniter\View\View->render('your_unique_news', [], true)
 4 APPPATH\Controllers\YourNews.php(59): view('your_unique_news', [...])
 5 SYSTEMPATH\CodeIgniter.php(942): App\Controllers\YourNews->index()
 6 SYSTEMPATH\CodeIgniter.php(502): CodeIgniter\CodeIgniter->runController(Object(App\Controllers\YourNews))
 7 SYSTEMPATH\CodeIgniter.php(361): CodeIgniter\CodeIgniter->handleRequest(null, Object(Config\Cache), false)
 8 FCPATH\index.php(79): CodeIgniter\CodeIgniter->run()
CRITICAL - 2023-12-10 18:41:04 --> Cannot access offset of type string on string
in APPPATH\Views\your_unique_news.php on line 76.
 1 SYSTEMPATH\View\View.php(228): include()
 2 SYSTEMPATH\View\View.php(231): CodeIgniter\View\View->CodeIgniter\View\{closure}()
 3 SYSTEMPATH\Common.php(1190): CodeIgniter\View\View->render('your_unique_news', [], true)
 4 APPPATH\Controllers\YourNews.php(59): view('your_unique_news', [...])
 5 SYSTEMPATH\CodeIgniter.php(942): App\Controllers\YourNews->index()
 6 SYSTEMPATH\CodeIgniter.php(502): CodeIgniter\CodeIgniter->runController(Object(App\Controllers\YourNews))
 7 SYSTEMPATH\CodeIgniter.php(361): CodeIgniter\CodeIgniter->handleRequest(null, Object(Config\Cache), false)
 8 FCPATH\index.php(79): CodeIgniter\CodeIgniter->run()
CRITICAL - 2023-12-10 18:41:24 --> Cannot access offset of type string on string
in APPPATH\Views\your_unique_news.php on line 76.
 1 SYSTEMPATH\View\View.php(228): include()
 2 SYSTEMPATH\View\View.php(231): CodeIgniter\View\View->CodeIgniter\View\{closure}()
 3 SYSTEMPATH\Common.php(1190): CodeIgniter\View\View->render('your_unique_news', [], true)
 4 APPPATH\Controllers\YourNews.php(59): view('your_unique_news', [...])
 5 SYSTEMPATH\CodeIgniter.php(942): App\Controllers\YourNews->index()
 6 SYSTEMPATH\CodeIgniter.php(502): CodeIgniter\CodeIgniter->runController(Object(App\Controllers\YourNews))
 7 SYSTEMPATH\CodeIgniter.php(361): CodeIgniter\CodeIgniter->handleRequest(null, Object(Config\Cache), false)
 8 FCPATH\index.php(79): CodeIgniter\CodeIgniter->run()
CRITICAL - 2023-12-10 18:43:13 --> Cannot access offset of type string on string
in APPPATH\Views\your_unique_news.php on line 76.
 1 SYSTEMPATH\View\View.php(228): include()
 2 SYSTEMPATH\View\View.php(231): CodeIgniter\View\View->CodeIgniter\View\{closure}()
 3 SYSTEMPATH\Common.php(1190): CodeIgniter\View\View->render('your_unique_news', [], true)
 4 APPPATH\Controllers\YourNews.php(59): view('your_unique_news', [...])
 5 SYSTEMPATH\CodeIgniter.php(942): App\Controllers\YourNews->index()
 6 SYSTEMPATH\CodeIgniter.php(502): CodeIgniter\CodeIgniter->runController(Object(App\Controllers\YourNews))
 7 SYSTEMPATH\CodeIgniter.php(361): CodeIgniter\CodeIgniter->handleRequest(null, Object(Config\Cache), false)
 8 FCPATH\index.php(79): CodeIgniter\CodeIgniter->run()
CRITICAL - 2023-12-10 18:44:08 --> Cannot access offset of type string on string
in APPPATH\Views\your_unique_news.php on line 77.
 1 SYSTEMPATH\View\View.php(228): include()
 2 SYSTEMPATH\View\View.php(231): CodeIgniter\View\View->CodeIgniter\View\{closure}()
 3 SYSTEMPATH\Common.php(1190): CodeIgniter\View\View->render('your_unique_news', [], true)
 4 APPPATH\Controllers\YourNews.php(59): view('your_unique_news', [...])
 5 SYSTEMPATH\CodeIgniter.php(942): App\Controllers\YourNews->index()
 6 SYSTEMPATH\CodeIgniter.php(502): CodeIgniter\CodeIgniter->runController(Object(App\Controllers\YourNews))
 7 SYSTEMPATH\CodeIgniter.php(361): CodeIgniter\CodeIgniter->handleRequest(null, Object(Config\Cache), false)
 8 FCPATH\index.php(79): CodeIgniter\CodeIgniter->run()
CRITICAL - 2023-12-10 18:45:34 --> Cannot access offset of type string on string
in APPPATH\Views\your_unique_news.php on line 76.
 1 SYSTEMPATH\View\View.php(228): include()
 2 SYSTEMPATH\View\View.php(231): CodeIgniter\View\View->CodeIgniter\View\{closure}()
 3 SYSTEMPATH\Common.php(1190): CodeIgniter\View\View->render('your_unique_news', [], true)
 4 APPPATH\Controllers\YourNews.php(59): view('your_unique_news', [...])
 5 SYSTEMPATH\CodeIgniter.php(942): App\Controllers\YourNews->index()
 6 SYSTEMPATH\CodeIgniter.php(502): CodeIgniter\CodeIgniter->runController(Object(App\Controllers\YourNews))
 7 SYSTEMPATH\CodeIgniter.php(361): CodeIgniter\CodeIgniter->handleRequest(null, Object(Config\Cache), false)
 8 FCPATH\index.php(79): CodeIgniter\CodeIgniter->run()
CRITICAL - 2023-12-10 18:46:45 --> Cannot access offset of type string on string
in APPPATH\Views\your_unique_news.php on line 76.
 1 SYSTEMPATH\View\View.php(228): include()
 2 SYSTEMPATH\View\View.php(231): CodeIgniter\View\View->CodeIgniter\View\{closure}()
 3 SYSTEMPATH\Common.php(1190): CodeIgniter\View\View->render('your_unique_news', [], true)
 4 APPPATH\Controllers\YourNews.php(59): view('your_unique_news', [...])
 5 SYSTEMPATH\CodeIgniter.php(942): App\Controllers\YourNews->index()
 6 SYSTEMPATH\CodeIgniter.php(502): CodeIgniter\CodeIgniter->runController(Object(App\Controllers\YourNews))
 7 SYSTEMPATH\CodeIgniter.php(361): CodeIgniter\CodeIgniter->handleRequest(null, Object(Config\Cache), false)
 8 FCPATH\index.php(79): CodeIgniter\CodeIgniter->run()
CRITICAL - 2023-12-10 18:46:46 --> Cannot access offset of type string on string
in APPPATH\Views\your_unique_news.php on line 76.
 1 SYSTEMPATH\View\View.php(228): include()
 2 SYSTEMPATH\View\View.php(231): CodeIgniter\View\View->CodeIgniter\View\{closure}()
 3 SYSTEMPATH\Common.php(1190): CodeIgniter\View\View->render('your_unique_news', [], true)
 4 APPPATH\Controllers\YourNews.php(59): view('your_unique_news', [...])
 5 SYSTEMPATH\CodeIgniter.php(942): App\Controllers\YourNews->index()
 6 SYSTEMPATH\CodeIgniter.php(502): CodeIgniter\CodeIgniter->runController(Object(App\Controllers\YourNews))
 7 SYSTEMPATH\CodeIgniter.php(361): CodeIgniter\CodeIgniter->handleRequest(null, Object(Config\Cache), false)
 8 FCPATH\index.php(79): CodeIgniter\CodeIgniter->run()
CRITICAL - 2023-12-10 18:48:27 --> Call to undefined method App\Controllers\Users::set()
in APPPATH\Controllers\Users.php on line 97.
 1 SYSTEMPATH\CodeIgniter.php(942): App\Controllers\Users->cambiarEstadoPerfil('2', '0')
 2 SYSTEMPATH\CodeIgniter.php(502): CodeIgniter\CodeIgniter->runController(Object(App\Controllers\Users))
 3 SYSTEMPATH\CodeIgniter.php(361): CodeIgniter\CodeIgniter->handleRequest(null, Object(Config\Cache), false)
 4 FCPATH\index.php(79): CodeIgniter\CodeIgniter->run()
CRITICAL - 2023-12-10 19:26:21 --> Undefined variable $etiquetas
in APPPATH\Views\portada_publica.php on line 18.
 1 APPPATH\Views\portada_publica.php(18): CodeIgniter\Debug\Exceptions->errorHandler(2, 'Undefined variable $etiquetas', 'C:\\xampp\\htdocs\\code\\app\\Views\\portada_publica.php', 18)
 2 SYSTEMPATH\View\View.php(228): include('C:\\xampp\\htdocs\\code\\app\\Views\\portada_publica.php')
 3 SYSTEMPATH\View\View.php(231): CodeIgniter\View\View->CodeIgniter\View\{closure}()
 4 SYSTEMPATH\Common.php(1190): CodeIgniter\View\View->render('portada_publica', [], true)
 5 APPPATH\Controllers\YourNews.php(63): view('portada_publica')
 6 SYSTEMPATH\CodeIgniter.php(942): App\Controllers\YourNews->portadaPublica()
 7 SYSTEMPATH\CodeIgniter.php(502): CodeIgniter\CodeIgniter->runController(Object(App\Controllers\YourNews))
 8 SYSTEMPATH\CodeIgniter.php(361): CodeIgniter\CodeIgniter->handleRequest(null, Object(Config\Cache), false)
 9 FCPATH\index.php(79): CodeIgniter\CodeIgniter->run()
