CRITICAL - 2023-12-12 00:26:22 --> Trying to access array offset on value of type null
in APPPATH\Views\your_unique_news.php on line 89.
 1 APPPATH\Views\your_unique_news.php(89): CodeIgniter\Debug\Exceptions->errorHandler(2, 'Trying to access array offset on value of type null', 'C:\\xampp\\htdocs\\code\\app\\Views\\your_unique_news.php', 89)
 2 SYSTEMPATH\View\View.php(228): include('C:\\xampp\\htdocs\\code\\app\\Views\\your_unique_news.php')
 3 SYSTEMPATH\View\View.php(231): CodeIgniter\View\View->CodeIgniter\View\{closure}()
 4 SYSTEMPATH\Common.php(1190): CodeIgniter\View\View->render('your_unique_news', [], true)
 5 APPPATH\Controllers\YourNews.php(59): view('your_unique_news', [...])
 6 SYSTEMPATH\CodeIgniter.php(942): App\Controllers\YourNews->index()
 7 SYSTEMPATH\CodeIgniter.php(502): CodeIgniter\CodeIgniter->runController(Object(App\Controllers\YourNews))
 8 SYSTEMPATH\CodeIgniter.php(361): CodeIgniter\CodeIgniter->handleRequest(null, Object(Config\Cache), false)
 9 FCPATH\index.php(79): CodeIgniter\CodeIgniter->run()
CRITICAL - 2023-12-12 00:26:31 --> Trying to access array offset on value of type null
in APPPATH\Views\your_unique_news.php on line 89.
 1 APPPATH\Views\your_unique_news.php(89): CodeIgniter\Debug\Exceptions->errorHandler(2, 'Trying to access array offset on value of type null', 'C:\\xampp\\htdocs\\code\\app\\Views\\your_unique_news.php', 89)
 2 SYSTEMPATH\View\View.php(228): include('C:\\xampp\\htdocs\\code\\app\\Views\\your_unique_news.php')
 3 SYSTEMPATH\View\View.php(231): CodeIgniter\View\View->CodeIgniter\View\{closure}()
 4 SYSTEMPATH\Common.php(1190): CodeIgniter\View\View->render('your_unique_news', [], true)
 5 APPPATH\Controllers\YourNews.php(59): view('your_unique_news', [...])
 6 SYSTEMPATH\CodeIgniter.php(942): App\Controllers\YourNews->index()
 7 SYSTEMPATH\CodeIgniter.php(502): CodeIgniter\CodeIgniter->runController(Object(App\Controllers\YourNews))
 8 SYSTEMPATH\CodeIgniter.php(361): CodeIgniter\CodeIgniter->handleRequest(null, Object(Config\Cache), false)
 9 FCPATH\index.php(79): CodeIgniter\CodeIgniter->run()
CRITICAL - 2023-12-12 00:26:31 --> Trying to access array offset on value of type null
in APPPATH\Views\your_unique_news.php on line 89.
 1 APPPATH\Views\your_unique_news.php(89): CodeIgniter\Debug\Exceptions->errorHandler(2, 'Trying to access array offset on value of type null', 'C:\\xampp\\htdocs\\code\\app\\Views\\your_unique_news.php', 89)
 2 SYSTEMPATH\View\View.php(228): include('C:\\xampp\\htdocs\\code\\app\\Views\\your_unique_news.php')
 3 SYSTEMPATH\View\View.php(231): CodeIgniter\View\View->CodeIgniter\View\{closure}()
 4 SYSTEMPATH\Common.php(1190): CodeIgniter\View\View->render('your_unique_news', [], true)
 5 APPPATH\Controllers\YourNews.php(59): view('your_unique_news', [...])
 6 SYSTEMPATH\CodeIgniter.php(942): App\Controllers\YourNews->index()
 7 SYSTEMPATH\CodeIgniter.php(502): CodeIgniter\CodeIgniter->runController(Object(App\Controllers\YourNews))
 8 SYSTEMPATH\CodeIgniter.php(361): CodeIgniter\CodeIgniter->handleRequest(null, Object(Config\Cache), false)
 9 FCPATH\index.php(79): CodeIgniter\CodeIgniter->run()
CRITICAL - 2023-12-12 02:44:04 --> CodeIgniter\Database\BaseBuilder::like(): Argument #2 ($match) must be of type string, null given, called in C:\xampp\htdocs\code\system\Model.php on line 871
in SYSTEMPATH\Database\BaseBuilder.php on line 983.
 1 SYSTEMPATH\Model.php(871): CodeIgniter\Database\BaseBuilder->like('title', null)
 2 APPPATH\Models\YourNew.php(87): CodeIgniter\Model->__call('like', [...])
 3 APPPATH\Controllers\YourNews.php(76): App\Models\YourNew->searchNews('12345', null)
 4 SYSTEMPATH\CodeIgniter.php(942): App\Controllers\YourNews->search()
 5 SYSTEMPATH\CodeIgniter.php(502): CodeIgniter\CodeIgniter->runController(Object(App\Controllers\YourNews))
 6 SYSTEMPATH\CodeIgniter.php(361): CodeIgniter\CodeIgniter->handleRequest(null, Object(Config\Cache), false)
 7 FCPATH\index.php(79): CodeIgniter\CodeIgniter->run()
CRITICAL - 2023-12-12 02:44:09 --> CodeIgniter\Database\BaseBuilder::like(): Argument #2 ($match) must be of type string, null given, called in C:\xampp\htdocs\code\system\Model.php on line 871
in SYSTEMPATH\Database\BaseBuilder.php on line 983.
 1 SYSTEMPATH\Model.php(871): CodeIgniter\Database\BaseBuilder->like('title', null)
 2 APPPATH\Models\YourNew.php(87): CodeIgniter\Model->__call('like', [...])
 3 APPPATH\Controllers\YourNews.php(76): App\Models\YourNew->searchNews('12345', null)
 4 SYSTEMPATH\CodeIgniter.php(942): App\Controllers\YourNews->search()
 5 SYSTEMPATH\CodeIgniter.php(502): CodeIgniter\CodeIgniter->runController(Object(App\Controllers\YourNews))
 6 SYSTEMPATH\CodeIgniter.php(361): CodeIgniter\CodeIgniter->handleRequest(null, Object(Config\Cache), false)
 7 FCPATH\index.php(79): CodeIgniter\CodeIgniter->run()
CRITICAL - 2023-12-12 02:44:09 --> CodeIgniter\Database\BaseBuilder::like(): Argument #2 ($match) must be of type string, null given, called in C:\xampp\htdocs\code\system\Model.php on line 871
in SYSTEMPATH\Database\BaseBuilder.php on line 983.
 1 SYSTEMPATH\Model.php(871): CodeIgniter\Database\BaseBuilder->like('title', null)
 2 APPPATH\Models\YourNew.php(87): CodeIgniter\Model->__call('like', [...])
 3 APPPATH\Controllers\YourNews.php(76): App\Models\YourNew->searchNews('12345', null)
 4 SYSTEMPATH\CodeIgniter.php(942): App\Controllers\YourNews->search()
 5 SYSTEMPATH\CodeIgniter.php(502): CodeIgniter\CodeIgniter->runController(Object(App\Controllers\YourNews))
 6 SYSTEMPATH\CodeIgniter.php(361): CodeIgniter\CodeIgniter->handleRequest(null, Object(Config\Cache), false)
 7 FCPATH\index.php(79): CodeIgniter\CodeIgniter->run()
CRITICAL - 2023-12-12 02:44:15 --> CodeIgniter\Database\BaseBuilder::like(): Argument #2 ($match) must be of type string, null given, called in C:\xampp\htdocs\code\system\Model.php on line 871
in SYSTEMPATH\Database\BaseBuilder.php on line 983.
 1 SYSTEMPATH\Model.php(871): CodeIgniter\Database\BaseBuilder->like('title', null)
 2 APPPATH\Models\YourNew.php(87): CodeIgniter\Model->__call('like', [...])
 3 APPPATH\Controllers\YourNews.php(76): App\Models\YourNew->searchNews('12345', null)
 4 SYSTEMPATH\CodeIgniter.php(942): App\Controllers\YourNews->search()
 5 SYSTEMPATH\CodeIgniter.php(502): CodeIgniter\CodeIgniter->runController(Object(App\Controllers\YourNews))
 6 SYSTEMPATH\CodeIgniter.php(361): CodeIgniter\CodeIgniter->handleRequest(null, Object(Config\Cache), false)
 7 FCPATH\index.php(79): CodeIgniter\CodeIgniter->run()
CRITICAL - 2023-12-12 03:57:11 --> require(vendor/autoload.php): Failed to open stream: No such file or directory
in APPPATH\Controllers\Users.php on line 12.
 1 APPPATH\Controllers\Users.php(12): CodeIgniter\Debug\Exceptions->errorHandler(2, 'require(vendor/autoload.php): Failed to open stream: No such file or directory', 'C:\\xampp\\htdocs\\code\\app\\Controllers\\Users.php', 12)
 2 APPPATH\Controllers\Users.php(12): require()
 3 SYSTEMPATH\Autoloader\Autoloader.php(312): include_once('C:\\xampp\\htdocs\\code\\app\\Controllers\\Users.php')
 4 SYSTEMPATH\Autoloader\Autoloader.php(291): CodeIgniter\Autoloader\Autoloader->includeFile('C:\\xampp\\htdocs\\code\\app\\Controllers\\Users.php')
 5 SYSTEMPATH\Autoloader\Autoloader.php(269): CodeIgniter\Autoloader\Autoloader->loadInNamespace('App\\Controllers\\Users')
 6 [internal function]: CodeIgniter\Autoloader\Autoloader->loadClass('App\\Controllers\\Users')
 7 SYSTEMPATH\CodeIgniter.php(900): class_exists('\\App\\Controllers\\Users', true)
 8 SYSTEMPATH\CodeIgniter.php(489): CodeIgniter\CodeIgniter->startController()
 9 SYSTEMPATH\CodeIgniter.php(361): CodeIgniter\CodeIgniter->handleRequest(null, Object(Config\Cache), false)
10 FCPATH\index.php(79): CodeIgniter\CodeIgniter->run()
CRITICAL - 2023-12-12 03:57:17 --> require(vendor/autoload.php): Failed to open stream: No such file or directory
in APPPATH\Controllers\Users.php on line 12.
 1 APPPATH\Controllers\Users.php(12): CodeIgniter\Debug\Exceptions->errorHandler(2, 'require(vendor/autoload.php): Failed to open stream: No such file or directory', 'C:\\xampp\\htdocs\\code\\app\\Controllers\\Users.php', 12)
 2 APPPATH\Controllers\Users.php(12): require()
 3 SYSTEMPATH\Autoloader\Autoloader.php(312): include_once('C:\\xampp\\htdocs\\code\\app\\Controllers\\Users.php')
 4 SYSTEMPATH\Autoloader\Autoloader.php(291): CodeIgniter\Autoloader\Autoloader->includeFile('C:\\xampp\\htdocs\\code\\app\\Controllers\\Users.php')
 5 SYSTEMPATH\Autoloader\Autoloader.php(269): CodeIgniter\Autoloader\Autoloader->loadInNamespace('App\\Controllers\\Users')
 6 [internal function]: CodeIgniter\Autoloader\Autoloader->loadClass('App\\Controllers\\Users')
 7 SYSTEMPATH\CodeIgniter.php(900): class_exists('\\App\\Controllers\\Users', true)
 8 SYSTEMPATH\CodeIgniter.php(489): CodeIgniter\CodeIgniter->startController()
 9 SYSTEMPATH\CodeIgniter.php(361): CodeIgniter\CodeIgniter->handleRequest(null, Object(Config\Cache), false)
10 FCPATH\index.php(79): CodeIgniter\CodeIgniter->run()
CRITICAL - 2023-12-12 03:58:38 --> require(vendor/autoload.php): Failed to open stream: No such file or directory
in APPPATH\Controllers\Users.php on line 12.
 1 APPPATH\Controllers\Users.php(12): CodeIgniter\Debug\Exceptions->errorHandler(2, 'require(vendor/autoload.php): Failed to open stream: No such file or directory', 'C:\\xampp\\htdocs\\code\\app\\Controllers\\Users.php', 12)
 2 APPPATH\Controllers\Users.php(12): require()
 3 SYSTEMPATH\Autoloader\Autoloader.php(312): include_once('C:\\xampp\\htdocs\\code\\app\\Controllers\\Users.php')
 4 SYSTEMPATH\Autoloader\Autoloader.php(291): CodeIgniter\Autoloader\Autoloader->includeFile('C:\\xampp\\htdocs\\code\\app\\Controllers\\Users.php')
 5 SYSTEMPATH\Autoloader\Autoloader.php(269): CodeIgniter\Autoloader\Autoloader->loadInNamespace('App\\Controllers\\Users')
 6 [internal function]: CodeIgniter\Autoloader\Autoloader->loadClass('App\\Controllers\\Users')
 7 SYSTEMPATH\CodeIgniter.php(900): class_exists('\\App\\Controllers\\Users', true)
 8 SYSTEMPATH\CodeIgniter.php(489): CodeIgniter\CodeIgniter->startController()
 9 SYSTEMPATH\CodeIgniter.php(361): CodeIgniter\CodeIgniter->handleRequest(null, Object(Config\Cache), false)
10 FCPATH\index.php(79): CodeIgniter\CodeIgniter->run()
ERROR - 2023-12-12 03:59:01 --> mysqli_sql_exception: Duplicate entry '11' for key 'PRIMARY' in C:\xampp\htdocs\code\system\Database\MySQLi\Connection.php:306
Stack trace:
#0 C:\xampp\htdocs\code\system\Database\MySQLi\Connection.php(306): mysqli->query('INSERT INTO `us...', 0)
#1 C:\xampp\htdocs\code\system\Database\BaseConnection.php(693): CodeIgniter\Database\MySQLi\Connection->execute('INSERT INTO `us...')
#2 C:\xampp\htdocs\code\system\Database\BaseConnection.php(607): CodeIgniter\Database\BaseConnection->simpleQuery('INSERT INTO `us...')
#3 C:\xampp\htdocs\code\system\Database\BaseBuilder.php(2308): CodeIgniter\Database\BaseConnection->query('INSERT INTO `us...', Array, false)
#4 C:\xampp\htdocs\code\system\Model.php(319): CodeIgniter\Database\BaseBuilder->insert()
#5 C:\xampp\htdocs\code\system\BaseModel.php(788): CodeIgniter\Model->doInsert(Array)
#6 C:\xampp\htdocs\code\system\Model.php(715): CodeIgniter\BaseModel->insert(Array, true)
#7 C:\xampp\htdocs\code\app\Models\User.php(45): CodeIgniter\Model->insert(Array)
#8 C:\xampp\htdocs\code\app\Controllers\Users.php(46): App\Models\User->insertUser('11', 'Josu\xC3\xA9', 'U', 'josuedavidbolan...', '$2y$10$h7vKwoEU...', '100 metros nore...', 'Casa rosada con...', 'Costa Rica', 'Ciudad Quesada', '21010', '321', 1, 0)
#9 C:\xampp\htdocs\code\system\CodeIgniter.php(942): App\Controllers\Users->insertar()
#10 C:\xampp\htdocs\code\system\CodeIgniter.php(502): CodeIgniter\CodeIgniter->runController(Object(App\Controllers\Users))
#11 C:\xampp\htdocs\code\system\CodeIgniter.php(361): CodeIgniter\CodeIgniter->handleRequest(NULL, Object(Config\Cache), false)
#12 C:\xampp\htdocs\code\public\index.php(79): CodeIgniter\CodeIgniter->run()
#13 {main}
CRITICAL - 2023-12-12 03:59:01 --> Duplicate entry '11' for key 'PRIMARY'
in SYSTEMPATH\Database\BaseConnection.php on line 647.
 1 SYSTEMPATH\Database\BaseBuilder.php(2308): CodeIgniter\Database\BaseConnection->query('INSERT INTO `user` (`id`, `first_name`, `last_name`, `email_address`, `password`, `address`, `address2`, `country`, `city`, `postal_code`, `phone_number`, `role_id`, `publica`) VALUES (:id:, :first_name:, :last_name:, :email_address:, :password:, :address:, :address2:, :country:, :city:, :postal_code:, :phone_number:, :role_id:, :publica:)', [...], false)
 2 SYSTEMPATH\Model.php(319): CodeIgniter\Database\BaseBuilder->insert()
 3 SYSTEMPATH\BaseModel.php(788): CodeIgniter\Model->doInsert([...])
 4 SYSTEMPATH\Model.php(715): CodeIgniter\BaseModel->insert([...], true)
 5 APPPATH\Models\User.php(45): CodeIgniter\Model->insert([...])
 6 APPPATH\Controllers\Users.php(46): App\Models\User->insertUser('11', 'Josué', 'U', 'josuedavidbolanos2004@gmail.com', '$2y$10$h7vKwoEUtz3sXlMIdHGC..D/hFmt.xsqeONy6aB9n8sT6fFfyBKMO', '100 metros noreste del super carlos', 'Casa rosada con amapola en frente', 'Costa Rica', 'Ciudad Quesada', '21010', '321', 1, 0)
 7 SYSTEMPATH\CodeIgniter.php(942): App\Controllers\Users->insertar()
 8 SYSTEMPATH\CodeIgniter.php(502): CodeIgniter\CodeIgniter->runController(Object(App\Controllers\Users))
 9 SYSTEMPATH\CodeIgniter.php(361): CodeIgniter\CodeIgniter->handleRequest(null, Object(Config\Cache), false)
10 FCPATH\index.php(79): CodeIgniter\CodeIgniter->run()
ERROR - 2023-12-12 04:36:15 --> mysqli_sql_exception: Duplicate entry '12345' for key 'PRIMARY' in C:\xampp\htdocs\code\system\Database\MySQLi\Connection.php:306
Stack trace:
#0 C:\xampp\htdocs\code\system\Database\MySQLi\Connection.php(306): mysqli->query('INSERT INTO `us...', 0)
#1 C:\xampp\htdocs\code\system\Database\BaseConnection.php(693): CodeIgniter\Database\MySQLi\Connection->execute('INSERT INTO `us...')
#2 C:\xampp\htdocs\code\system\Database\BaseConnection.php(607): CodeIgniter\Database\BaseConnection->simpleQuery('INSERT INTO `us...')
#3 C:\xampp\htdocs\code\system\Database\BaseBuilder.php(2308): CodeIgniter\Database\BaseConnection->query('INSERT INTO `us...', Array, false)
#4 C:\xampp\htdocs\code\system\Model.php(319): CodeIgniter\Database\BaseBuilder->insert()
#5 C:\xampp\htdocs\code\system\BaseModel.php(788): CodeIgniter\Model->doInsert(Array)
#6 C:\xampp\htdocs\code\system\Model.php(715): CodeIgniter\BaseModel->insert(Array, true)
#7 C:\xampp\htdocs\code\app\Models\User.php(45): CodeIgniter\Model->insert(Array)
#8 C:\xampp\htdocs\code\app\Controllers\Users.php(48): App\Models\User->insertUser('12345', 'Josu\xC3\xA9', 'U', 'josuedavidbolan...', '$2y$10$TbSmhMg6...', '100 metros nore...', 'Casa rosada con...', 'Costa Rica', 'Ciudad Quesada', '21010', '84440540', 1, 0)
#9 C:\xampp\htdocs\code\system\CodeIgniter.php(942): App\Controllers\Users->insertar()
#10 C:\xampp\htdocs\code\system\CodeIgniter.php(502): CodeIgniter\CodeIgniter->runController(Object(App\Controllers\Users))
#11 C:\xampp\htdocs\code\system\CodeIgniter.php(361): CodeIgniter\CodeIgniter->handleRequest(NULL, Object(Config\Cache), false)
#12 C:\xampp\htdocs\code\public\index.php(79): CodeIgniter\CodeIgniter->run()
#13 {main}
CRITICAL - 2023-12-12 04:36:15 --> Duplicate entry '12345' for key 'PRIMARY'
in SYSTEMPATH\Database\BaseConnection.php on line 647.
 1 SYSTEMPATH\Database\BaseBuilder.php(2308): CodeIgniter\Database\BaseConnection->query('INSERT INTO `user` (`id`, `first_name`, `last_name`, `email_address`, `password`, `address`, `address2`, `country`, `city`, `postal_code`, `phone_number`, `role_id`, `publica`) VALUES (:id:, :first_name:, :last_name:, :email_address:, :password:, :address:, :address2:, :country:, :city:, :postal_code:, :phone_number:, :role_id:, :publica:)', [...], false)
 2 SYSTEMPATH\Model.php(319): CodeIgniter\Database\BaseBuilder->insert()
 3 SYSTEMPATH\BaseModel.php(788): CodeIgniter\Model->doInsert([...])
 4 SYSTEMPATH\Model.php(715): CodeIgniter\BaseModel->insert([...], true)
 5 APPPATH\Models\User.php(45): CodeIgniter\Model->insert([...])
 6 APPPATH\Controllers\Users.php(48): App\Models\User->insertUser('12345', 'Josué', 'U', 'josuedavidbolanos2004@gmail.com', '$2y$10$TbSmhMg6ZYChBNsruzfrL.lxlpAC0kMuApN9rRs3g874qT2B2QLga', '100 metros noreste del super carlos', 'Casa rosada con amapola en frente', 'Costa Rica', 'Ciudad Quesada', '21010', '84440540', 1, 0)
 7 SYSTEMPATH\CodeIgniter.php(942): App\Controllers\Users->insertar()
 8 SYSTEMPATH\CodeIgniter.php(502): CodeIgniter\CodeIgniter->runController(Object(App\Controllers\Users))
 9 SYSTEMPATH\CodeIgniter.php(361): CodeIgniter\CodeIgniter->handleRequest(null, Object(Config\Cache), false)
10 FCPATH\index.php(79): CodeIgniter\CodeIgniter->run()
CRITICAL - 2023-12-12 04:40:13 --> Trying to access array offset on value of type null
in APPPATH\Views\your_unique_news.php on line 96.
 1 APPPATH\Views\your_unique_news.php(96): CodeIgniter\Debug\Exceptions->errorHandler(2, 'Trying to access array offset on value of type null', 'C:\\xampp\\htdocs\\code\\app\\Views\\your_unique_news.php', 96)
 2 SYSTEMPATH\View\View.php(228): include('C:\\xampp\\htdocs\\code\\app\\Views\\your_unique_news.php')
 3 SYSTEMPATH\View\View.php(231): CodeIgniter\View\View->CodeIgniter\View\{closure}()
 4 SYSTEMPATH\Common.php(1190): CodeIgniter\View\View->render('your_unique_news', [], true)
 5 APPPATH\Controllers\YourNews.php(59): view('your_unique_news', [...])
 6 SYSTEMPATH\CodeIgniter.php(942): App\Controllers\YourNews->index()
 7 SYSTEMPATH\CodeIgniter.php(502): CodeIgniter\CodeIgniter->runController(Object(App\Controllers\YourNews))
 8 SYSTEMPATH\CodeIgniter.php(361): CodeIgniter\CodeIgniter->handleRequest(null, Object(Config\Cache), false)
 9 FCPATH\index.php(79): CodeIgniter\CodeIgniter->run()
CRITICAL - 2023-12-12 04:40:13 --> Trying to access array offset on value of type null
in APPPATH\Views\your_unique_news.php on line 96.
 1 APPPATH\Views\your_unique_news.php(96): CodeIgniter\Debug\Exceptions->errorHandler(2, 'Trying to access array offset on value of type null', 'C:\\xampp\\htdocs\\code\\app\\Views\\your_unique_news.php', 96)
 2 SYSTEMPATH\View\View.php(228): include('C:\\xampp\\htdocs\\code\\app\\Views\\your_unique_news.php')
 3 SYSTEMPATH\View\View.php(231): CodeIgniter\View\View->CodeIgniter\View\{closure}()
 4 SYSTEMPATH\Common.php(1190): CodeIgniter\View\View->render('your_unique_news', [], true)
 5 APPPATH\Controllers\YourNews.php(59): view('your_unique_news', [...])
 6 SYSTEMPATH\CodeIgniter.php(942): App\Controllers\YourNews->index()
 7 SYSTEMPATH\CodeIgniter.php(502): CodeIgniter\CodeIgniter->runController(Object(App\Controllers\YourNews))
 8 SYSTEMPATH\CodeIgniter.php(361): CodeIgniter\CodeIgniter->handleRequest(null, Object(Config\Cache), false)
 9 FCPATH\index.php(79): CodeIgniter\CodeIgniter->run()
CRITICAL - 2023-12-12 04:40:43 --> CodeIgniter\Database\BaseBuilder::like(): Argument #2 ($match) must be of type string, null given, called in C:\xampp\htdocs\code\system\Model.php on line 871
in SYSTEMPATH\Database\BaseBuilder.php on line 983.
 1 SYSTEMPATH\Model.php(871): CodeIgniter\Database\BaseBuilder->like('title', null)
 2 APPPATH\Models\YourNew.php(87): CodeIgniter\Model->__call('like', [...])
 3 APPPATH\Controllers\YourNews.php(76): App\Models\YourNew->searchNews('2', null)
 4 SYSTEMPATH\CodeIgniter.php(942): App\Controllers\YourNews->search()
 5 SYSTEMPATH\CodeIgniter.php(502): CodeIgniter\CodeIgniter->runController(Object(App\Controllers\YourNews))
 6 SYSTEMPATH\CodeIgniter.php(361): CodeIgniter\CodeIgniter->handleRequest(null, Object(Config\Cache), false)
 7 FCPATH\index.php(79): CodeIgniter\CodeIgniter->run()
CRITICAL - 2023-12-12 04:40:51 --> CodeIgniter\Database\BaseBuilder::like(): Argument #2 ($match) must be of type string, null given, called in C:\xampp\htdocs\code\system\Model.php on line 871
in SYSTEMPATH\Database\BaseBuilder.php on line 983.
 1 SYSTEMPATH\Model.php(871): CodeIgniter\Database\BaseBuilder->like('title', null)
 2 APPPATH\Models\YourNew.php(87): CodeIgniter\Model->__call('like', [...])
 3 APPPATH\Controllers\YourNews.php(76): App\Models\YourNew->searchNews('2', null)
 4 SYSTEMPATH\CodeIgniter.php(942): App\Controllers\YourNews->search()
 5 SYSTEMPATH\CodeIgniter.php(502): CodeIgniter\CodeIgniter->runController(Object(App\Controllers\YourNews))
 6 SYSTEMPATH\CodeIgniter.php(361): CodeIgniter\CodeIgniter->handleRequest(null, Object(Config\Cache), false)
 7 FCPATH\index.php(79): CodeIgniter\CodeIgniter->run()
CRITICAL - 2023-12-12 04:41:00 --> CodeIgniter\Database\BaseBuilder::like(): Argument #2 ($match) must be of type string, null given, called in C:\xampp\htdocs\code\system\Model.php on line 871
in SYSTEMPATH\Database\BaseBuilder.php on line 983.
 1 SYSTEMPATH\Model.php(871): CodeIgniter\Database\BaseBuilder->like('title', null)
 2 APPPATH\Models\YourNew.php(87): CodeIgniter\Model->__call('like', [...])
 3 APPPATH\Controllers\YourNews.php(76): App\Models\YourNew->searchNews('2', null)
 4 SYSTEMPATH\CodeIgniter.php(942): App\Controllers\YourNews->search()
 5 SYSTEMPATH\CodeIgniter.php(502): CodeIgniter\CodeIgniter->runController(Object(App\Controllers\YourNews))
 6 SYSTEMPATH\CodeIgniter.php(361): CodeIgniter\CodeIgniter->handleRequest(null, Object(Config\Cache), false)
 7 FCPATH\index.php(79): CodeIgniter\CodeIgniter->run()
CRITICAL - 2023-12-12 05:00:38 --> Trying to access array offset on value of type null
in APPPATH\Views\your_unique_news.php on line 95.
 1 APPPATH\Views\your_unique_news.php(95): CodeIgniter\Debug\Exceptions->errorHandler(2, 'Trying to access array offset on value of type null', 'C:\\xampp\\htdocs\\code\\app\\Views\\your_unique_news.php', 95)
 2 SYSTEMPATH\View\View.php(228): include('C:\\xampp\\htdocs\\code\\app\\Views\\your_unique_news.php')
 3 SYSTEMPATH\View\View.php(231): CodeIgniter\View\View->CodeIgniter\View\{closure}()
 4 SYSTEMPATH\Common.php(1190): CodeIgniter\View\View->render('your_unique_news', [], true)
 5 APPPATH\Controllers\YourNews.php(59): view('your_unique_news', [...])
 6 SYSTEMPATH\CodeIgniter.php(942): App\Controllers\YourNews->index()
 7 SYSTEMPATH\CodeIgniter.php(502): CodeIgniter\CodeIgniter->runController(Object(App\Controllers\YourNews))
 8 SYSTEMPATH\CodeIgniter.php(361): CodeIgniter\CodeIgniter->handleRequest(null, Object(Config\Cache), false)
 9 FCPATH\index.php(79): CodeIgniter\CodeIgniter->run()
ERROR - 2023-12-12 05:50:11 --> mysqli_sql_exception: Cannot delete or update a parent row: a foreign key constraint fails (`newscover`.`news`, CONSTRAINT `fk_news_news_sources` FOREIGN KEY (`news_source_id`) REFERENCES `news_sources` (`id`)) in C:\xampp\htdocs\code\system\Database\MySQLi\Connection.php:306
Stack trace:
#0 C:\xampp\htdocs\code\system\Database\MySQLi\Connection.php(306): mysqli->query('DELETE FROM `ne...', 0)
#1 C:\xampp\htdocs\code\system\Database\BaseConnection.php(693): CodeIgniter\Database\MySQLi\Connection->execute('DELETE FROM `ne...')
#2 C:\xampp\htdocs\code\system\Database\BaseConnection.php(607): CodeIgniter\Database\BaseConnection->simpleQuery('DELETE FROM `ne...')
#3 C:\xampp\htdocs\code\system\Database\BaseBuilder.php(2790): CodeIgniter\Database\BaseConnection->query('DELETE FROM `ne...', Array, false)
#4 C:\xampp\htdocs\code\system\Model.php(445): CodeIgniter\Database\BaseBuilder->delete()
#5 C:\xampp\htdocs\code\system\BaseModel.php(1080): CodeIgniter\Model->doDelete(Array, false)
#6 C:\xampp\htdocs\code\app\Models\NewsSource.php(25): CodeIgniter\BaseModel->delete(Array)
#7 C:\xampp\htdocs\code\app\Controllers\NewsSources.php(80): App\Models\NewsSource->deleteNewsSources('108')
#8 C:\xampp\htdocs\code\system\CodeIgniter.php(942): App\Controllers\NewsSources->delete('108')
#9 C:\xampp\htdocs\code\system\CodeIgniter.php(502): CodeIgniter\CodeIgniter->runController(Object(App\Controllers\NewsSources))
#10 C:\xampp\htdocs\code\system\CodeIgniter.php(361): CodeIgniter\CodeIgniter->handleRequest(NULL, Object(Config\Cache), false)
#11 C:\xampp\htdocs\code\public\index.php(79): CodeIgniter\CodeIgniter->run()
#12 {main}
CRITICAL - 2023-12-12 05:50:11 --> Cannot delete or update a parent row: a foreign key constraint fails (`newscover`.`news`, CONSTRAINT `fk_news_news_sources` FOREIGN KEY (`news_source_id`) REFERENCES `news_sources` (`id`))
in SYSTEMPATH\Database\BaseConnection.php on line 647.
 1 SYSTEMPATH\Database\BaseBuilder.php(2790): CodeIgniter\Database\BaseConnection->query('DELETE FROM `news_sources`
WHERE `id` IN :id:', [...], false)
 2 SYSTEMPATH\Model.php(445): CodeIgniter\Database\BaseBuilder->delete()
 3 SYSTEMPATH\BaseModel.php(1080): CodeIgniter\Model->doDelete([...], false)
 4 APPPATH\Models\NewsSource.php(25): CodeIgniter\BaseModel->delete([...])
 5 APPPATH\Controllers\NewsSources.php(80): App\Models\NewsSource->deleteNewsSources('108')
 6 SYSTEMPATH\CodeIgniter.php(942): App\Controllers\NewsSources->delete('108')
 7 SYSTEMPATH\CodeIgniter.php(502): CodeIgniter\CodeIgniter->runController(Object(App\Controllers\NewsSources))
 8 SYSTEMPATH\CodeIgniter.php(361): CodeIgniter\CodeIgniter->handleRequest(null, Object(Config\Cache), false)
 9 FCPATH\index.php(79): CodeIgniter\CodeIgniter->run()
ERROR - 2023-12-12 05:50:30 --> mysqli_sql_exception: Cannot delete or update a parent row: a foreign key constraint fails (`newscover`.`news`, CONSTRAINT `fk_news_news_sources` FOREIGN KEY (`news_source_id`) REFERENCES `news_sources` (`id`)) in C:\xampp\htdocs\code\system\Database\MySQLi\Connection.php:306
Stack trace:
#0 C:\xampp\htdocs\code\system\Database\MySQLi\Connection.php(306): mysqli->query('DELETE FROM `ne...', 0)
#1 C:\xampp\htdocs\code\system\Database\BaseConnection.php(693): CodeIgniter\Database\MySQLi\Connection->execute('DELETE FROM `ne...')
#2 C:\xampp\htdocs\code\system\Database\BaseConnection.php(607): CodeIgniter\Database\BaseConnection->simpleQuery('DELETE FROM `ne...')
#3 C:\xampp\htdocs\code\system\Database\BaseBuilder.php(2790): CodeIgniter\Database\BaseConnection->query('DELETE FROM `ne...', Array, false)
#4 C:\xampp\htdocs\code\system\Model.php(445): CodeIgniter\Database\BaseBuilder->delete()
#5 C:\xampp\htdocs\code\system\BaseModel.php(1080): CodeIgniter\Model->doDelete(Array, false)
#6 C:\xampp\htdocs\code\app\Models\NewsSource.php(25): CodeIgniter\BaseModel->delete(Array)
#7 C:\xampp\htdocs\code\app\Controllers\NewsSources.php(80): App\Models\NewsSource->deleteNewsSources('108')
#8 C:\xampp\htdocs\code\system\CodeIgniter.php(942): App\Controllers\NewsSources->delete('108')
#9 C:\xampp\htdocs\code\system\CodeIgniter.php(502): CodeIgniter\CodeIgniter->runController(Object(App\Controllers\NewsSources))
#10 C:\xampp\htdocs\code\system\CodeIgniter.php(361): CodeIgniter\CodeIgniter->handleRequest(NULL, Object(Config\Cache), false)
#11 C:\xampp\htdocs\code\public\index.php(79): CodeIgniter\CodeIgniter->run()
#12 {main}
CRITICAL - 2023-12-12 05:50:30 --> Cannot delete or update a parent row: a foreign key constraint fails (`newscover`.`news`, CONSTRAINT `fk_news_news_sources` FOREIGN KEY (`news_source_id`) REFERENCES `news_sources` (`id`))
in SYSTEMPATH\Database\BaseConnection.php on line 647.
 1 SYSTEMPATH\Database\BaseBuilder.php(2790): CodeIgniter\Database\BaseConnection->query('DELETE FROM `news_sources`
WHERE `id` IN :id:', [...], false)
 2 SYSTEMPATH\Model.php(445): CodeIgniter\Database\BaseBuilder->delete()
 3 SYSTEMPATH\BaseModel.php(1080): CodeIgniter\Model->doDelete([...], false)
 4 APPPATH\Models\NewsSource.php(25): CodeIgniter\BaseModel->delete([...])
 5 APPPATH\Controllers\NewsSources.php(80): App\Models\NewsSource->deleteNewsSources('108')
 6 SYSTEMPATH\CodeIgniter.php(942): App\Controllers\NewsSources->delete('108')
 7 SYSTEMPATH\CodeIgniter.php(502): CodeIgniter\CodeIgniter->runController(Object(App\Controllers\NewsSources))
 8 SYSTEMPATH\CodeIgniter.php(361): CodeIgniter\CodeIgniter->handleRequest(null, Object(Config\Cache), false)
 9 FCPATH\index.php(79): CodeIgniter\CodeIgniter->run()
