CRITICAL - 2023-12-06 15:33:03 --> Undefined variable $id
in APPPATH\Controllers\Categories.php on line 68.
 1 APPPATH\Controllers\Categories.php(68): CodeIgniter\Debug\Exceptions->errorHandler(2, 'Undefined variable $id', 'C:\\xampp\\htdocs\\code\\app\\Controllers\\Categories.php', 68)
 2 SYSTEMPATH\CodeIgniter.php(942): App\Controllers\Categories->editCategory()
 3 SYSTEMPATH\CodeIgniter.php(502): CodeIgniter\CodeIgniter->runController(Object(App\Controllers\Categories))
 4 SYSTEMPATH\CodeIgniter.php(361): CodeIgniter\CodeIgniter->handleRequest(null, Object(Config\Cache), false)
 5 FCPATH\index.php(79): CodeIgniter\CodeIgniter->run()
ERROR - 2023-12-06 16:13:55 --> mysqli_sql_exception: Column 'user_id' cannot be null in C:\xampp\htdocs\code\system\Database\MySQLi\Connection.php:306
Stack trace:
#0 C:\xampp\htdocs\code\system\Database\MySQLi\Connection.php(306): mysqli->query('INSERT INTO `ne...', 0)
#1 C:\xampp\htdocs\code\system\Database\BaseConnection.php(693): CodeIgniter\Database\MySQLi\Connection->execute('INSERT INTO `ne...')
#2 C:\xampp\htdocs\code\system\Database\BaseConnection.php(607): CodeIgniter\Database\BaseConnection->simpleQuery('INSERT INTO `ne...')
#3 C:\xampp\htdocs\code\system\Database\BaseBuilder.php(2308): CodeIgniter\Database\BaseConnection->query('INSERT INTO `ne...', Array, false)
#4 C:\xampp\htdocs\code\system\Model.php(319): CodeIgniter\Database\BaseBuilder->insert()
#5 C:\xampp\htdocs\code\system\BaseModel.php(788): CodeIgniter\Model->doInsert(Array)
#6 C:\xampp\htdocs\code\system\Model.php(715): CodeIgniter\BaseModel->insert(Array, true)
#7 C:\xampp\htdocs\code\app\Models\NewsSource.php(20): CodeIgniter\Model->insert(Array)
#8 C:\xampp\htdocs\code\app\Controllers\NewsSources.php(56): App\Models\NewsSource->insertNewsSource(Array)
#9 C:\xampp\htdocs\code\system\CodeIgniter.php(942): App\Controllers\NewsSources->agregar()
#10 C:\xampp\htdocs\code\system\CodeIgniter.php(502): CodeIgniter\CodeIgniter->runController(Object(App\Controllers\NewsSources))
#11 C:\xampp\htdocs\code\system\CodeIgniter.php(361): CodeIgniter\CodeIgniter->handleRequest(NULL, Object(Config\Cache), false)
#12 C:\xampp\htdocs\code\public\index.php(79): CodeIgniter\CodeIgniter->run()
#13 {main}
CRITICAL - 2023-12-06 16:13:55 --> Column 'user_id' cannot be null
in SYSTEMPATH\Database\BaseConnection.php on line 647.
 1 SYSTEMPATH\Database\BaseBuilder.php(2308): CodeIgniter\Database\BaseConnection->query('INSERT INTO `news_sources` (`name`, `url`, `category_id`, `user_id`) VALUES (:name:, :url:, :category_id:, :user_id:)', [...], false)
 2 SYSTEMPATH\Model.php(319): CodeIgniter\Database\BaseBuilder->insert()
 3 SYSTEMPATH\BaseModel.php(788): CodeIgniter\Model->doInsert([...])
 4 SYSTEMPATH\Model.php(715): CodeIgniter\BaseModel->insert([...], true)
 5 APPPATH\Models\NewsSource.php(20): CodeIgniter\Model->insert([...])
 6 APPPATH\Controllers\NewsSources.php(56): App\Models\NewsSource->insertNewsSource([...])
 7 SYSTEMPATH\CodeIgniter.php(942): App\Controllers\NewsSources->agregar()
 8 SYSTEMPATH\CodeIgniter.php(502): CodeIgniter\CodeIgniter->runController(Object(App\Controllers\NewsSources))
 9 SYSTEMPATH\CodeIgniter.php(361): CodeIgniter\CodeIgniter->handleRequest(null, Object(Config\Cache), false)
10 FCPATH\index.php(79): CodeIgniter\CodeIgniter->run()
ERROR - 2023-12-06 16:18:28 --> mysqli_sql_exception: Column 'user_id' cannot be null in C:\xampp\htdocs\code\system\Database\MySQLi\Connection.php:306
Stack trace:
#0 C:\xampp\htdocs\code\system\Database\MySQLi\Connection.php(306): mysqli->query('INSERT INTO `ne...', 0)
#1 C:\xampp\htdocs\code\system\Database\BaseConnection.php(693): CodeIgniter\Database\MySQLi\Connection->execute('INSERT INTO `ne...')
#2 C:\xampp\htdocs\code\system\Database\BaseConnection.php(607): CodeIgniter\Database\BaseConnection->simpleQuery('INSERT INTO `ne...')
#3 C:\xampp\htdocs\code\system\Database\BaseBuilder.php(2308): CodeIgniter\Database\BaseConnection->query('INSERT INTO `ne...', Array, false)
#4 C:\xampp\htdocs\code\system\Model.php(319): CodeIgniter\Database\BaseBuilder->insert()
#5 C:\xampp\htdocs\code\system\BaseModel.php(788): CodeIgniter\Model->doInsert(Array)
#6 C:\xampp\htdocs\code\system\Model.php(715): CodeIgniter\BaseModel->insert(Array, true)
#7 C:\xampp\htdocs\code\app\Models\NewsSource.php(20): CodeIgniter\Model->insert(Array)
#8 C:\xampp\htdocs\code\app\Controllers\NewsSources.php(56): App\Models\NewsSource->insertNewsSource(Array)
#9 C:\xampp\htdocs\code\system\CodeIgniter.php(942): App\Controllers\NewsSources->agregar()
#10 C:\xampp\htdocs\code\system\CodeIgniter.php(502): CodeIgniter\CodeIgniter->runController(Object(App\Controllers\NewsSources))
#11 C:\xampp\htdocs\code\system\CodeIgniter.php(361): CodeIgniter\CodeIgniter->handleRequest(NULL, Object(Config\Cache), false)
#12 C:\xampp\htdocs\code\public\index.php(79): CodeIgniter\CodeIgniter->run()
#13 {main}
CRITICAL - 2023-12-06 16:18:28 --> Column 'user_id' cannot be null
in SYSTEMPATH\Database\BaseConnection.php on line 647.
 1 SYSTEMPATH\Database\BaseBuilder.php(2308): CodeIgniter\Database\BaseConnection->query('INSERT INTO `news_sources` (`name`, `url`, `category_id`, `user_id`) VALUES (:name:, :url:, :category_id:, :user_id:)', [...], false)
 2 SYSTEMPATH\Model.php(319): CodeIgniter\Database\BaseBuilder->insert()
 3 SYSTEMPATH\BaseModel.php(788): CodeIgniter\Model->doInsert([...])
 4 SYSTEMPATH\Model.php(715): CodeIgniter\BaseModel->insert([...], true)
 5 APPPATH\Models\NewsSource.php(20): CodeIgniter\Model->insert([...])
 6 APPPATH\Controllers\NewsSources.php(56): App\Models\NewsSource->insertNewsSource([...])
 7 SYSTEMPATH\CodeIgniter.php(942): App\Controllers\NewsSources->agregar()
 8 SYSTEMPATH\CodeIgniter.php(502): CodeIgniter\CodeIgniter->runController(Object(App\Controllers\NewsSources))
 9 SYSTEMPATH\CodeIgniter.php(361): CodeIgniter\CodeIgniter->handleRequest(null, Object(Config\Cache), false)
10 FCPATH\index.php(79): CodeIgniter\CodeIgniter->run()
CRITICAL - 2023-12-06 21:22:01 --> Undefined variable $categoryController
in APPPATH\Views\your_unique_news.php on line 20.
 1 APPPATH\Views\your_unique_news.php(20): CodeIgniter\Debug\Exceptions->errorHandler(2, 'Undefined variable $categoryController', 'C:\\xampp\\htdocs\\code\\app\\Views\\your_unique_news.php', 20)
 2 SYSTEMPATH\View\View.php(228): include('C:\\xampp\\htdocs\\code\\app\\Views\\your_unique_news.php')
 3 SYSTEMPATH\View\View.php(231): CodeIgniter\View\View->CodeIgniter\View\{closure}()
 4 SYSTEMPATH\Common.php(1190): CodeIgniter\View\View->render('your_unique_news', [], true)
 5 APPPATH\Controllers\YourNews.php(18): view('your_unique_news', [...])
 6 SYSTEMPATH\CodeIgniter.php(942): App\Controllers\YourNews->index()
 7 SYSTEMPATH\CodeIgniter.php(502): CodeIgniter\CodeIgniter->runController(Object(App\Controllers\YourNews))
 8 SYSTEMPATH\CodeIgniter.php(361): CodeIgniter\CodeIgniter->handleRequest(null, Object(Config\Cache), false)
 9 FCPATH\index.php(79): CodeIgniter\CodeIgniter->run()
CRITICAL - 2023-12-06 21:22:23 --> Undefined variable $categoryController
in APPPATH\Views\your_unique_news.php on line 20.
 1 APPPATH\Views\your_unique_news.php(20): CodeIgniter\Debug\Exceptions->errorHandler(2, 'Undefined variable $categoryController', 'C:\\xampp\\htdocs\\code\\app\\Views\\your_unique_news.php', 20)
 2 SYSTEMPATH\View\View.php(228): include('C:\\xampp\\htdocs\\code\\app\\Views\\your_unique_news.php')
 3 SYSTEMPATH\View\View.php(231): CodeIgniter\View\View->CodeIgniter\View\{closure}()
 4 SYSTEMPATH\Common.php(1190): CodeIgniter\View\View->render('your_unique_news', [], true)
 5 APPPATH\Controllers\YourNews.php(18): view('your_unique_news', [...])
 6 SYSTEMPATH\CodeIgniter.php(942): App\Controllers\YourNews->index()
 7 SYSTEMPATH\CodeIgniter.php(502): CodeIgniter\CodeIgniter->runController(Object(App\Controllers\YourNews))
 8 SYSTEMPATH\CodeIgniter.php(361): CodeIgniter\CodeIgniter->handleRequest(null, Object(Config\Cache), false)
 9 FCPATH\index.php(79): CodeIgniter\CodeIgniter->run()
CRITICAL - 2023-12-06 21:27:09 --> Undefined variable $Yournews
in APPPATH\Views\your_unique_news.php on line 58.
 1 APPPATH\Views\your_unique_news.php(58): CodeIgniter\Debug\Exceptions->errorHandler(2, 'Undefined variable $Yournews', 'C:\\xampp\\htdocs\\code\\app\\Views\\your_unique_news.php', 58)
 2 SYSTEMPATH\View\View.php(228): include('C:\\xampp\\htdocs\\code\\app\\Views\\your_unique_news.php')
 3 SYSTEMPATH\View\View.php(231): CodeIgniter\View\View->CodeIgniter\View\{closure}()
 4 SYSTEMPATH\Common.php(1190): CodeIgniter\View\View->render('your_unique_news', [], true)
 5 APPPATH\Controllers\YourNews.php(25): view('your_unique_news', [...])
 6 SYSTEMPATH\CodeIgniter.php(942): App\Controllers\YourNews->index()
 7 SYSTEMPATH\CodeIgniter.php(502): CodeIgniter\CodeIgniter->runController(Object(App\Controllers\YourNews))
 8 SYSTEMPATH\CodeIgniter.php(361): CodeIgniter\CodeIgniter->handleRequest(null, Object(Config\Cache), false)
 9 FCPATH\index.php(79): CodeIgniter\CodeIgniter->run()
CRITICAL - 2023-12-06 21:27:24 --> Undefined variable $Yournews
in APPPATH\Views\your_unique_news.php on line 58.
 1 APPPATH\Views\your_unique_news.php(58): CodeIgniter\Debug\Exceptions->errorHandler(2, 'Undefined variable $Yournews', 'C:\\xampp\\htdocs\\code\\app\\Views\\your_unique_news.php', 58)
 2 SYSTEMPATH\View\View.php(228): include('C:\\xampp\\htdocs\\code\\app\\Views\\your_unique_news.php')
 3 SYSTEMPATH\View\View.php(231): CodeIgniter\View\View->CodeIgniter\View\{closure}()
 4 SYSTEMPATH\Common.php(1190): CodeIgniter\View\View->render('your_unique_news', [], true)
 5 APPPATH\Controllers\YourNews.php(25): view('your_unique_news', [...])
 6 SYSTEMPATH\CodeIgniter.php(942): App\Controllers\YourNews->index()
 7 SYSTEMPATH\CodeIgniter.php(502): CodeIgniter\CodeIgniter->runController(Object(App\Controllers\YourNews))
 8 SYSTEMPATH\CodeIgniter.php(361): CodeIgniter\CodeIgniter->handleRequest(null, Object(Config\Cache), false)
 9 FCPATH\index.php(79): CodeIgniter\CodeIgniter->run()
CRITICAL - 2023-12-06 21:28:14 --> Undefined variable $Yournews
in APPPATH\Views\your_unique_news.php on line 58.
 1 APPPATH\Views\your_unique_news.php(58): CodeIgniter\Debug\Exceptions->errorHandler(2, 'Undefined variable $Yournews', 'C:\\xampp\\htdocs\\code\\app\\Views\\your_unique_news.php', 58)
 2 SYSTEMPATH\View\View.php(228): include('C:\\xampp\\htdocs\\code\\app\\Views\\your_unique_news.php')
 3 SYSTEMPATH\View\View.php(231): CodeIgniter\View\View->CodeIgniter\View\{closure}()
 4 SYSTEMPATH\Common.php(1190): CodeIgniter\View\View->render('your_unique_news', [], true)
 5 APPPATH\Controllers\YourNews.php(25): view('your_unique_news', [...])
 6 SYSTEMPATH\CodeIgniter.php(942): App\Controllers\YourNews->index()
 7 SYSTEMPATH\CodeIgniter.php(502): CodeIgniter\CodeIgniter->runController(Object(App\Controllers\YourNews))
 8 SYSTEMPATH\CodeIgniter.php(361): CodeIgniter\CodeIgniter->handleRequest(null, Object(Config\Cache), false)
 9 FCPATH\index.php(79): CodeIgniter\CodeIgniter->run()
CRITICAL - 2023-12-06 21:28:22 --> Undefined variable $Yournews
in APPPATH\Views\your_unique_news.php on line 57.
 1 APPPATH\Views\your_unique_news.php(57): CodeIgniter\Debug\Exceptions->errorHandler(2, 'Undefined variable $Yournews', 'C:\\xampp\\htdocs\\code\\app\\Views\\your_unique_news.php', 57)
 2 SYSTEMPATH\View\View.php(228): include('C:\\xampp\\htdocs\\code\\app\\Views\\your_unique_news.php')
 3 SYSTEMPATH\View\View.php(231): CodeIgniter\View\View->CodeIgniter\View\{closure}()
 4 SYSTEMPATH\Common.php(1190): CodeIgniter\View\View->render('your_unique_news', [], true)
 5 APPPATH\Controllers\YourNews.php(25): view('your_unique_news', [...])
 6 SYSTEMPATH\CodeIgniter.php(942): App\Controllers\YourNews->index()
 7 SYSTEMPATH\CodeIgniter.php(502): CodeIgniter\CodeIgniter->runController(Object(App\Controllers\YourNews))
 8 SYSTEMPATH\CodeIgniter.php(361): CodeIgniter\CodeIgniter->handleRequest(null, Object(Config\Cache), false)
 9 FCPATH\index.php(79): CodeIgniter\CodeIgniter->run()
CRITICAL - 2023-12-06 21:28:41 --> Undefined variable $Yournews
in APPPATH\Views\your_unique_news.php on line 56.
 1 APPPATH\Views\your_unique_news.php(56): CodeIgniter\Debug\Exceptions->errorHandler(2, 'Undefined variable $Yournews', 'C:\\xampp\\htdocs\\code\\app\\Views\\your_unique_news.php', 56)
 2 SYSTEMPATH\View\View.php(228): include('C:\\xampp\\htdocs\\code\\app\\Views\\your_unique_news.php')
 3 SYSTEMPATH\View\View.php(231): CodeIgniter\View\View->CodeIgniter\View\{closure}()
 4 SYSTEMPATH\Common.php(1190): CodeIgniter\View\View->render('your_unique_news', [], true)
 5 APPPATH\Controllers\YourNews.php(25): view('your_unique_news', [...])
 6 SYSTEMPATH\CodeIgniter.php(942): App\Controllers\YourNews->index()
 7 SYSTEMPATH\CodeIgniter.php(502): CodeIgniter\CodeIgniter->runController(Object(App\Controllers\YourNews))
 8 SYSTEMPATH\CodeIgniter.php(361): CodeIgniter\CodeIgniter->handleRequest(null, Object(Config\Cache), false)
 9 FCPATH\index.php(79): CodeIgniter\CodeIgniter->run()
CRITICAL - 2023-12-06 21:28:48 --> Undefined variable $Yournews
in APPPATH\Views\your_unique_news.php on line 58.
 1 APPPATH\Views\your_unique_news.php(58): CodeIgniter\Debug\Exceptions->errorHandler(2, 'Undefined variable $Yournews', 'C:\\xampp\\htdocs\\code\\app\\Views\\your_unique_news.php', 58)
 2 SYSTEMPATH\View\View.php(228): include('C:\\xampp\\htdocs\\code\\app\\Views\\your_unique_news.php')
 3 SYSTEMPATH\View\View.php(231): CodeIgniter\View\View->CodeIgniter\View\{closure}()
 4 SYSTEMPATH\Common.php(1190): CodeIgniter\View\View->render('your_unique_news', [], true)
 5 APPPATH\Controllers\YourNews.php(25): view('your_unique_news', [...])
 6 SYSTEMPATH\CodeIgniter.php(942): App\Controllers\YourNews->index()
 7 SYSTEMPATH\CodeIgniter.php(502): CodeIgniter\CodeIgniter->runController(Object(App\Controllers\YourNews))
 8 SYSTEMPATH\CodeIgniter.php(361): CodeIgniter\CodeIgniter->handleRequest(null, Object(Config\Cache), false)
 9 FCPATH\index.php(79): CodeIgniter\CodeIgniter->run()
CRITICAL - 2023-12-06 21:30:54 --> Undefined variable $Yournews
in APPPATH\Views\your_unique_news.php on line 58.
 1 APPPATH\Views\your_unique_news.php(58): CodeIgniter\Debug\Exceptions->errorHandler(2, 'Undefined variable $Yournews', 'C:\\xampp\\htdocs\\code\\app\\Views\\your_unique_news.php', 58)
 2 SYSTEMPATH\View\View.php(228): include('C:\\xampp\\htdocs\\code\\app\\Views\\your_unique_news.php')
 3 SYSTEMPATH\View\View.php(231): CodeIgniter\View\View->CodeIgniter\View\{closure}()
 4 SYSTEMPATH\Common.php(1190): CodeIgniter\View\View->render('your_unique_news', [], true)
 5 APPPATH\Controllers\YourNews.php(25): view('your_unique_news', [...])
 6 SYSTEMPATH\CodeIgniter.php(942): App\Controllers\YourNews->index()
 7 SYSTEMPATH\CodeIgniter.php(502): CodeIgniter\CodeIgniter->runController(Object(App\Controllers\YourNews))
 8 SYSTEMPATH\CodeIgniter.php(361): CodeIgniter\CodeIgniter->handleRequest(null, Object(Config\Cache), false)
 9 FCPATH\index.php(79): CodeIgniter\CodeIgniter->run()
CRITICAL - 2023-12-06 21:32:53 --> Undefined variable $Yournews
in APPPATH\Views\your_unique_news.php on line 55.
 1 APPPATH\Views\your_unique_news.php(55): CodeIgniter\Debug\Exceptions->errorHandler(2, 'Undefined variable $Yournews', 'C:\\xampp\\htdocs\\code\\app\\Views\\your_unique_news.php', 55)
 2 SYSTEMPATH\View\View.php(228): include('C:\\xampp\\htdocs\\code\\app\\Views\\your_unique_news.php')
 3 SYSTEMPATH\View\View.php(231): CodeIgniter\View\View->CodeIgniter\View\{closure}()
 4 SYSTEMPATH\Common.php(1190): CodeIgniter\View\View->render('your_unique_news', [], true)
 5 APPPATH\Controllers\YourNews.php(25): view('your_unique_news', [...])
 6 SYSTEMPATH\CodeIgniter.php(942): App\Controllers\YourNews->index()
 7 SYSTEMPATH\CodeIgniter.php(502): CodeIgniter\CodeIgniter->runController(Object(App\Controllers\YourNews))
 8 SYSTEMPATH\CodeIgniter.php(361): CodeIgniter\CodeIgniter->handleRequest(null, Object(Config\Cache), false)
 9 FCPATH\index.php(79): CodeIgniter\CodeIgniter->run()
CRITICAL - 2023-12-06 21:33:16 --> Undefined variable $Yournews
in APPPATH\Views\your_unique_news.php on line 55.
 1 APPPATH\Views\your_unique_news.php(55): CodeIgniter\Debug\Exceptions->errorHandler(2, 'Undefined variable $Yournews', 'C:\\xampp\\htdocs\\code\\app\\Views\\your_unique_news.php', 55)
 2 SYSTEMPATH\View\View.php(228): include('C:\\xampp\\htdocs\\code\\app\\Views\\your_unique_news.php')
 3 SYSTEMPATH\View\View.php(231): CodeIgniter\View\View->CodeIgniter\View\{closure}()
 4 SYSTEMPATH\Common.php(1190): CodeIgniter\View\View->render('your_unique_news', [], true)
 5 APPPATH\Controllers\YourNews.php(25): view('your_unique_news', [...])
 6 SYSTEMPATH\CodeIgniter.php(942): App\Controllers\YourNews->index()
 7 SYSTEMPATH\CodeIgniter.php(502): CodeIgniter\CodeIgniter->runController(Object(App\Controllers\YourNews))
 8 SYSTEMPATH\CodeIgniter.php(361): CodeIgniter\CodeIgniter->handleRequest(null, Object(Config\Cache), false)
 9 FCPATH\index.php(79): CodeIgniter\CodeIgniter->run()
CRITICAL - 2023-12-06 21:33:30 --> Undefined variable $Yournews
in APPPATH\Views\your_unique_news.php on line 55.
 1 APPPATH\Views\your_unique_news.php(55): CodeIgniter\Debug\Exceptions->errorHandler(2, 'Undefined variable $Yournews', 'C:\\xampp\\htdocs\\code\\app\\Views\\your_unique_news.php', 55)
 2 SYSTEMPATH\View\View.php(228): include('C:\\xampp\\htdocs\\code\\app\\Views\\your_unique_news.php')
 3 SYSTEMPATH\View\View.php(231): CodeIgniter\View\View->CodeIgniter\View\{closure}()
 4 SYSTEMPATH\Common.php(1190): CodeIgniter\View\View->render('your_unique_news', [], true)
 5 APPPATH\Controllers\YourNews.php(25): view('your_unique_news', [...])
 6 SYSTEMPATH\CodeIgniter.php(942): App\Controllers\YourNews->index()
 7 SYSTEMPATH\CodeIgniter.php(502): CodeIgniter\CodeIgniter->runController(Object(App\Controllers\YourNews))
 8 SYSTEMPATH\CodeIgniter.php(361): CodeIgniter\CodeIgniter->handleRequest(null, Object(Config\Cache), false)
 9 FCPATH\index.php(79): CodeIgniter\CodeIgniter->run()
CRITICAL - 2023-12-06 21:33:31 --> Undefined variable $Yournews
in APPPATH\Views\your_unique_news.php on line 55.
 1 APPPATH\Views\your_unique_news.php(55): CodeIgniter\Debug\Exceptions->errorHandler(2, 'Undefined variable $Yournews', 'C:\\xampp\\htdocs\\code\\app\\Views\\your_unique_news.php', 55)
 2 SYSTEMPATH\View\View.php(228): include('C:\\xampp\\htdocs\\code\\app\\Views\\your_unique_news.php')
 3 SYSTEMPATH\View\View.php(231): CodeIgniter\View\View->CodeIgniter\View\{closure}()
 4 SYSTEMPATH\Common.php(1190): CodeIgniter\View\View->render('your_unique_news', [], true)
 5 APPPATH\Controllers\YourNews.php(25): view('your_unique_news', [...])
 6 SYSTEMPATH\CodeIgniter.php(942): App\Controllers\YourNews->index()
 7 SYSTEMPATH\CodeIgniter.php(502): CodeIgniter\CodeIgniter->runController(Object(App\Controllers\YourNews))
 8 SYSTEMPATH\CodeIgniter.php(361): CodeIgniter\CodeIgniter->handleRequest(null, Object(Config\Cache), false)
 9 FCPATH\index.php(79): CodeIgniter\CodeIgniter->run()
CRITICAL - 2023-12-06 21:33:43 --> Undefined variable $Yournews
in APPPATH\Views\your_unique_news.php on line 55.
 1 APPPATH\Views\your_unique_news.php(55): CodeIgniter\Debug\Exceptions->errorHandler(2, 'Undefined variable $Yournews', 'C:\\xampp\\htdocs\\code\\app\\Views\\your_unique_news.php', 55)
 2 SYSTEMPATH\View\View.php(228): include('C:\\xampp\\htdocs\\code\\app\\Views\\your_unique_news.php')
 3 SYSTEMPATH\View\View.php(231): CodeIgniter\View\View->CodeIgniter\View\{closure}()
 4 SYSTEMPATH\Common.php(1190): CodeIgniter\View\View->render('your_unique_news', [], true)
 5 APPPATH\Controllers\YourNews.php(25): view('your_unique_news', [...])
 6 SYSTEMPATH\CodeIgniter.php(942): App\Controllers\YourNews->index()
 7 SYSTEMPATH\CodeIgniter.php(502): CodeIgniter\CodeIgniter->runController(Object(App\Controllers\YourNews))
 8 SYSTEMPATH\CodeIgniter.php(361): CodeIgniter\CodeIgniter->handleRequest(null, Object(Config\Cache), false)
 9 FCPATH\index.php(79): CodeIgniter\CodeIgniter->run()
CRITICAL - 2023-12-06 21:34:05 --> Undefined variable $Yournews
in APPPATH\Views\your_unique_news.php on line 55.
 1 APPPATH\Views\your_unique_news.php(55): CodeIgniter\Debug\Exceptions->errorHandler(2, 'Undefined variable $Yournews', 'C:\\xampp\\htdocs\\code\\app\\Views\\your_unique_news.php', 55)
 2 SYSTEMPATH\View\View.php(228): include('C:\\xampp\\htdocs\\code\\app\\Views\\your_unique_news.php')
 3 SYSTEMPATH\View\View.php(231): CodeIgniter\View\View->CodeIgniter\View\{closure}()
 4 SYSTEMPATH\Common.php(1190): CodeIgniter\View\View->render('your_unique_news', [], true)
 5 APPPATH\Controllers\YourNews.php(25): view('your_unique_news', [...])
 6 SYSTEMPATH\CodeIgniter.php(942): App\Controllers\YourNews->index()
 7 SYSTEMPATH\CodeIgniter.php(502): CodeIgniter\CodeIgniter->runController(Object(App\Controllers\YourNews))
 8 SYSTEMPATH\CodeIgniter.php(361): CodeIgniter\CodeIgniter->handleRequest(null, Object(Config\Cache), false)
 9 FCPATH\index.php(79): CodeIgniter\CodeIgniter->run()
CRITICAL - 2023-12-06 21:34:06 --> Undefined variable $Yournews
in APPPATH\Views\your_unique_news.php on line 55.
 1 APPPATH\Views\your_unique_news.php(55): CodeIgniter\Debug\Exceptions->errorHandler(2, 'Undefined variable $Yournews', 'C:\\xampp\\htdocs\\code\\app\\Views\\your_unique_news.php', 55)
 2 SYSTEMPATH\View\View.php(228): include('C:\\xampp\\htdocs\\code\\app\\Views\\your_unique_news.php')
 3 SYSTEMPATH\View\View.php(231): CodeIgniter\View\View->CodeIgniter\View\{closure}()
 4 SYSTEMPATH\Common.php(1190): CodeIgniter\View\View->render('your_unique_news', [], true)
 5 APPPATH\Controllers\YourNews.php(25): view('your_unique_news', [...])
 6 SYSTEMPATH\CodeIgniter.php(942): App\Controllers\YourNews->index()
 7 SYSTEMPATH\CodeIgniter.php(502): CodeIgniter\CodeIgniter->runController(Object(App\Controllers\YourNews))
 8 SYSTEMPATH\CodeIgniter.php(361): CodeIgniter\CodeIgniter->handleRequest(null, Object(Config\Cache), false)
 9 FCPATH\index.php(79): CodeIgniter\CodeIgniter->run()
CRITICAL - 2023-12-06 21:34:14 --> Undefined variable $Yournews
in APPPATH\Views\your_unique_news.php on line 55.
 1 APPPATH\Views\your_unique_news.php(55): CodeIgniter\Debug\Exceptions->errorHandler(2, 'Undefined variable $Yournews', 'C:\\xampp\\htdocs\\code\\app\\Views\\your_unique_news.php', 55)
 2 SYSTEMPATH\View\View.php(228): include('C:\\xampp\\htdocs\\code\\app\\Views\\your_unique_news.php')
 3 SYSTEMPATH\View\View.php(231): CodeIgniter\View\View->CodeIgniter\View\{closure}()
 4 SYSTEMPATH\Common.php(1190): CodeIgniter\View\View->render('your_unique_news', [], true)
 5 APPPATH\Controllers\YourNews.php(25): view('your_unique_news', [...])
 6 SYSTEMPATH\CodeIgniter.php(942): App\Controllers\YourNews->index()
 7 SYSTEMPATH\CodeIgniter.php(502): CodeIgniter\CodeIgniter->runController(Object(App\Controllers\YourNews))
 8 SYSTEMPATH\CodeIgniter.php(361): CodeIgniter\CodeIgniter->handleRequest(null, Object(Config\Cache), false)
 9 FCPATH\index.php(79): CodeIgniter\CodeIgniter->run()
CRITICAL - 2023-12-06 21:34:19 --> Undefined variable $Yournews
in APPPATH\Views\your_unique_news.php on line 55.
 1 APPPATH\Views\your_unique_news.php(55): CodeIgniter\Debug\Exceptions->errorHandler(2, 'Undefined variable $Yournews', 'C:\\xampp\\htdocs\\code\\app\\Views\\your_unique_news.php', 55)
 2 SYSTEMPATH\View\View.php(228): include('C:\\xampp\\htdocs\\code\\app\\Views\\your_unique_news.php')
 3 SYSTEMPATH\View\View.php(231): CodeIgniter\View\View->CodeIgniter\View\{closure}()
 4 SYSTEMPATH\Common.php(1190): CodeIgniter\View\View->render('your_unique_news', [], true)
 5 APPPATH\Controllers\YourNews.php(25): view('your_unique_news', [...])
 6 SYSTEMPATH\CodeIgniter.php(942): App\Controllers\YourNews->index()
 7 SYSTEMPATH\CodeIgniter.php(502): CodeIgniter\CodeIgniter->runController(Object(App\Controllers\YourNews))
 8 SYSTEMPATH\CodeIgniter.php(361): CodeIgniter\CodeIgniter->handleRequest(null, Object(Config\Cache), false)
 9 FCPATH\index.php(79): CodeIgniter\CodeIgniter->run()
CRITICAL - 2023-12-06 21:34:20 --> Undefined variable $Yournews
in APPPATH\Views\your_unique_news.php on line 55.
 1 APPPATH\Views\your_unique_news.php(55): CodeIgniter\Debug\Exceptions->errorHandler(2, 'Undefined variable $Yournews', 'C:\\xampp\\htdocs\\code\\app\\Views\\your_unique_news.php', 55)
 2 SYSTEMPATH\View\View.php(228): include('C:\\xampp\\htdocs\\code\\app\\Views\\your_unique_news.php')
 3 SYSTEMPATH\View\View.php(231): CodeIgniter\View\View->CodeIgniter\View\{closure}()
 4 SYSTEMPATH\Common.php(1190): CodeIgniter\View\View->render('your_unique_news', [], true)
 5 APPPATH\Controllers\YourNews.php(25): view('your_unique_news', [...])
 6 SYSTEMPATH\CodeIgniter.php(942): App\Controllers\YourNews->index()
 7 SYSTEMPATH\CodeIgniter.php(502): CodeIgniter\CodeIgniter->runController(Object(App\Controllers\YourNews))
 8 SYSTEMPATH\CodeIgniter.php(361): CodeIgniter\CodeIgniter->handleRequest(null, Object(Config\Cache), false)
 9 FCPATH\index.php(79): CodeIgniter\CodeIgniter->run()
CRITICAL - 2023-12-06 21:35:56 --> Undefined variable $noticias
in APPPATH\Views\your_unique_news.php on line 55.
 1 APPPATH\Views\your_unique_news.php(55): CodeIgniter\Debug\Exceptions->errorHandler(2, 'Undefined variable $noticias', 'C:\\xampp\\htdocs\\code\\app\\Views\\your_unique_news.php', 55)
 2 SYSTEMPATH\View\View.php(228): include('C:\\xampp\\htdocs\\code\\app\\Views\\your_unique_news.php')
 3 SYSTEMPATH\View\View.php(231): CodeIgniter\View\View->CodeIgniter\View\{closure}()
 4 SYSTEMPATH\Common.php(1190): CodeIgniter\View\View->render('your_unique_news', [], true)
 5 APPPATH\Controllers\YourNews.php(25): view('your_unique_news', [...])
 6 SYSTEMPATH\CodeIgniter.php(942): App\Controllers\YourNews->index()
 7 SYSTEMPATH\CodeIgniter.php(502): CodeIgniter\CodeIgniter->runController(Object(App\Controllers\YourNews))
 8 SYSTEMPATH\CodeIgniter.php(361): CodeIgniter\CodeIgniter->handleRequest(null, Object(Config\Cache), false)
 9 FCPATH\index.php(79): CodeIgniter\CodeIgniter->run()
CRITICAL - 2023-12-06 21:36:27 --> Undefined variable $delay
in APPPATH\Views\your_unique_news.php on line 58.
 1 APPPATH\Views\your_unique_news.php(58): CodeIgniter\Debug\Exceptions->errorHandler(2, 'Undefined variable $delay', 'C:\\xampp\\htdocs\\code\\app\\Views\\your_unique_news.php', 58)
 2 SYSTEMPATH\View\View.php(228): include('C:\\xampp\\htdocs\\code\\app\\Views\\your_unique_news.php')
 3 SYSTEMPATH\View\View.php(231): CodeIgniter\View\View->CodeIgniter\View\{closure}()
 4 SYSTEMPATH\Common.php(1190): CodeIgniter\View\View->render('your_unique_news', [], true)
 5 APPPATH\Controllers\YourNews.php(25): view('your_unique_news', [...])
 6 SYSTEMPATH\CodeIgniter.php(942): App\Controllers\YourNews->index()
 7 SYSTEMPATH\CodeIgniter.php(502): CodeIgniter\CodeIgniter->runController(Object(App\Controllers\YourNews))
 8 SYSTEMPATH\CodeIgniter.php(361): CodeIgniter\CodeIgniter->handleRequest(null, Object(Config\Cache), false)
 9 FCPATH\index.php(79): CodeIgniter\CodeIgniter->run()
CRITICAL - 2023-12-06 21:36:28 --> Undefined variable $delay
in APPPATH\Views\your_unique_news.php on line 58.
 1 APPPATH\Views\your_unique_news.php(58): CodeIgniter\Debug\Exceptions->errorHandler(2, 'Undefined variable $delay', 'C:\\xampp\\htdocs\\code\\app\\Views\\your_unique_news.php', 58)
 2 SYSTEMPATH\View\View.php(228): include('C:\\xampp\\htdocs\\code\\app\\Views\\your_unique_news.php')
 3 SYSTEMPATH\View\View.php(231): CodeIgniter\View\View->CodeIgniter\View\{closure}()
 4 SYSTEMPATH\Common.php(1190): CodeIgniter\View\View->render('your_unique_news', [], true)
 5 APPPATH\Controllers\YourNews.php(25): view('your_unique_news', [...])
 6 SYSTEMPATH\CodeIgniter.php(942): App\Controllers\YourNews->index()
 7 SYSTEMPATH\CodeIgniter.php(502): CodeIgniter\CodeIgniter->runController(Object(App\Controllers\YourNews))
 8 SYSTEMPATH\CodeIgniter.php(361): CodeIgniter\CodeIgniter->handleRequest(null, Object(Config\Cache), false)
 9 FCPATH\index.php(79): CodeIgniter\CodeIgniter->run()
CRITICAL - 2023-12-06 21:55:21 --> Undefined variable $noticias
in APPPATH\Views\your_unique_news.php on line 59.
 1 APPPATH\Views\your_unique_news.php(59): CodeIgniter\Debug\Exceptions->errorHandler(2, 'Undefined variable $noticias', 'C:\\xampp\\htdocs\\code\\app\\Views\\your_unique_news.php', 59)
 2 SYSTEMPATH\View\View.php(228): include('C:\\xampp\\htdocs\\code\\app\\Views\\your_unique_news.php')
 3 SYSTEMPATH\View\View.php(231): CodeIgniter\View\View->CodeIgniter\View\{closure}()
 4 SYSTEMPATH\Common.php(1190): CodeIgniter\View\View->render('your_unique_news', [], true)
 5 APPPATH\Controllers\YourNews.php(25): view('your_unique_news', [...])
 6 SYSTEMPATH\CodeIgniter.php(942): App\Controllers\YourNews->index()
 7 SYSTEMPATH\CodeIgniter.php(502): CodeIgniter\CodeIgniter->runController(Object(App\Controllers\YourNews))
 8 SYSTEMPATH\CodeIgniter.php(361): CodeIgniter\CodeIgniter->handleRequest(null, Object(Config\Cache), false)
 9 FCPATH\index.php(79): CodeIgniter\CodeIgniter->run()
CRITICAL - 2023-12-06 21:58:06 --> Undefined array key "category_name"
in APPPATH\Views\your_unique_news.php on line 73.
 1 APPPATH\Views\your_unique_news.php(73): CodeIgniter\Debug\Exceptions->errorHandler(2, 'Undefined array key "category_name"', 'C:\\xampp\\htdocs\\code\\app\\Views\\your_unique_news.php', 73)
 2 SYSTEMPATH\View\View.php(228): include('C:\\xampp\\htdocs\\code\\app\\Views\\your_unique_news.php')
 3 SYSTEMPATH\View\View.php(231): CodeIgniter\View\View->CodeIgniter\View\{closure}()
 4 SYSTEMPATH\Common.php(1190): CodeIgniter\View\View->render('your_unique_news', [], true)
 5 APPPATH\Controllers\YourNews.php(25): view('your_unique_news', [...])
 6 SYSTEMPATH\CodeIgniter.php(942): App\Controllers\YourNews->index()
 7 SYSTEMPATH\CodeIgniter.php(502): CodeIgniter\CodeIgniter->runController(Object(App\Controllers\YourNews))
 8 SYSTEMPATH\CodeIgniter.php(361): CodeIgniter\CodeIgniter->handleRequest(null, Object(Config\Cache), false)
 9 FCPATH\index.php(79): CodeIgniter\CodeIgniter->run()
CRITICAL - 2023-12-06 22:14:47 --> Undefined array key "category_name"
in APPPATH\Views\your_unique_news.php on line 73.
 1 APPPATH\Views\your_unique_news.php(73): CodeIgniter\Debug\Exceptions->errorHandler(2, 'Undefined array key "category_name"', 'C:\\xampp\\htdocs\\code\\app\\Views\\your_unique_news.php', 73)
 2 SYSTEMPATH\View\View.php(228): include('C:\\xampp\\htdocs\\code\\app\\Views\\your_unique_news.php')
 3 SYSTEMPATH\View\View.php(231): CodeIgniter\View\View->CodeIgniter\View\{closure}()
 4 SYSTEMPATH\Common.php(1190): CodeIgniter\View\View->render('your_unique_news', [], true)
 5 APPPATH\Controllers\YourNews.php(29): view('your_unique_news', [...])
 6 SYSTEMPATH\CodeIgniter.php(942): App\Controllers\YourNews->index()
 7 SYSTEMPATH\CodeIgniter.php(502): CodeIgniter\CodeIgniter->runController(Object(App\Controllers\YourNews))
 8 SYSTEMPATH\CodeIgniter.php(361): CodeIgniter\CodeIgniter->handleRequest(null, Object(Config\Cache), false)
 9 FCPATH\index.php(79): CodeIgniter\CodeIgniter->run()
