CRITICAL - 2023-12-05 06:38:00 --> Undefined variable $noticia
in APPPATH\Views\news_sources.php on line 111.
 1 APPPATH\Views\news_sources.php(111): CodeIgniter\Debug\Exceptions->errorHandler(2, 'Undefined variable $noticia', 'C:\\xampp\\htdocs\\code\\app\\Views\\news_sources.php', 111)
 2 SYSTEMPATH\View\View.php(228): include('C:\\xampp\\htdocs\\code\\app\\Views\\news_sources.php')
 3 SYSTEMPATH\View\View.php(231): CodeIgniter\View\View->CodeIgniter\View\{closure}()
 4 SYSTEMPATH\Common.php(1190): CodeIgniter\View\View->render('news_sources', [], true)
 5 APPPATH\Controllers\NewsSources.php(25): view('news_sources', [...])
 6 SYSTEMPATH\CodeIgniter.php(942): App\Controllers\NewsSources->getNewsSources()
 7 SYSTEMPATH\CodeIgniter.php(502): CodeIgniter\CodeIgniter->runController(Object(App\Controllers\NewsSources))
 8 SYSTEMPATH\CodeIgniter.php(361): CodeIgniter\CodeIgniter->handleRequest(null, Object(Config\Cache), false)
 9 FCPATH\index.php(79): CodeIgniter\CodeIgniter->run()
CRITICAL - 2023-12-05 21:20:25 --> Call to undefined method App\Models\NewsSource::getNewsSources
in SYSTEMPATH\Model.php on line 873.
 1 APPPATH\Controllers\NewsSources.php(17): CodeIgniter\Model->__call('getNewsSources', [...])
 2 SYSTEMPATH\CodeIgniter.php(942): App\Controllers\NewsSources->index()
 3 SYSTEMPATH\CodeIgniter.php(502): CodeIgniter\CodeIgniter->runController(Object(App\Controllers\NewsSources))
 4 SYSTEMPATH\CodeIgniter.php(361): CodeIgniter\CodeIgniter->handleRequest(null, Object(Config\Cache), false)
 5 FCPATH\index.php(79): CodeIgniter\CodeIgniter->run()
CRITICAL - 2023-12-05 21:20:45 --> Call to undefined method App\Models\NewsSource::getNewsSources
in SYSTEMPATH\Model.php on line 873.
 1 APPPATH\Controllers\NewsSources.php(17): CodeIgniter\Model->__call('getNewsSources', [...])
 2 SYSTEMPATH\CodeIgniter.php(942): App\Controllers\NewsSources->index()
 3 SYSTEMPATH\CodeIgniter.php(502): CodeIgniter\CodeIgniter->runController(Object(App\Controllers\NewsSources))
 4 SYSTEMPATH\CodeIgniter.php(361): CodeIgniter\CodeIgniter->handleRequest(null, Object(Config\Cache), false)
 5 FCPATH\index.php(79): CodeIgniter\CodeIgniter->run()
CRITICAL - 2023-12-05 21:20:46 --> Call to undefined method App\Models\NewsSource::getNewsSources
in SYSTEMPATH\Model.php on line 873.
 1 APPPATH\Controllers\NewsSources.php(17): CodeIgniter\Model->__call('getNewsSources', [...])
 2 SYSTEMPATH\CodeIgniter.php(942): App\Controllers\NewsSources->index()
 3 SYSTEMPATH\CodeIgniter.php(502): CodeIgniter\CodeIgniter->runController(Object(App\Controllers\NewsSources))
 4 SYSTEMPATH\CodeIgniter.php(361): CodeIgniter\CodeIgniter->handleRequest(null, Object(Config\Cache), false)
 5 FCPATH\index.php(79): CodeIgniter\CodeIgniter->run()
CRITICAL - 2023-12-05 21:20:46 --> Call to undefined method App\Models\NewsSource::getNewsSources
in SYSTEMPATH\Model.php on line 873.
 1 APPPATH\Controllers\NewsSources.php(17): CodeIgniter\Model->__call('getNewsSources', [...])
 2 SYSTEMPATH\CodeIgniter.php(942): App\Controllers\NewsSources->index()
 3 SYSTEMPATH\CodeIgniter.php(502): CodeIgniter\CodeIgniter->runController(Object(App\Controllers\NewsSources))
 4 SYSTEMPATH\CodeIgniter.php(361): CodeIgniter\CodeIgniter->handleRequest(null, Object(Config\Cache), false)
 5 FCPATH\index.php(79): CodeIgniter\CodeIgniter->run()
CRITICAL - 2023-12-05 21:20:50 --> Call to undefined method App\Models\NewsSource::getNewsSources
in SYSTEMPATH\Model.php on line 873.
 1 APPPATH\Controllers\NewsSources.php(17): CodeIgniter\Model->__call('getNewsSources', [...])
 2 SYSTEMPATH\CodeIgniter.php(942): App\Controllers\NewsSources->index()
 3 SYSTEMPATH\CodeIgniter.php(502): CodeIgniter\CodeIgniter->runController(Object(App\Controllers\NewsSources))
 4 SYSTEMPATH\CodeIgniter.php(361): CodeIgniter\CodeIgniter->handleRequest(null, Object(Config\Cache), false)
 5 FCPATH\index.php(79): CodeIgniter\CodeIgniter->run()
CRITICAL - 2023-12-05 21:20:51 --> Call to undefined method App\Models\NewsSource::getNewsSources
in SYSTEMPATH\Model.php on line 873.
 1 APPPATH\Controllers\NewsSources.php(17): CodeIgniter\Model->__call('getNewsSources', [...])
 2 SYSTEMPATH\CodeIgniter.php(942): App\Controllers\NewsSources->index()
 3 SYSTEMPATH\CodeIgniter.php(502): CodeIgniter\CodeIgniter->runController(Object(App\Controllers\NewsSources))
 4 SYSTEMPATH\CodeIgniter.php(361): CodeIgniter\CodeIgniter->handleRequest(null, Object(Config\Cache), false)
 5 FCPATH\index.php(79): CodeIgniter\CodeIgniter->run()
CRITICAL - 2023-12-05 21:20:51 --> Call to undefined method App\Models\NewsSource::getNewsSources
in SYSTEMPATH\Model.php on line 873.
 1 APPPATH\Controllers\NewsSources.php(17): CodeIgniter\Model->__call('getNewsSources', [...])
 2 SYSTEMPATH\CodeIgniter.php(942): App\Controllers\NewsSources->index()
 3 SYSTEMPATH\CodeIgniter.php(502): CodeIgniter\CodeIgniter->runController(Object(App\Controllers\NewsSources))
 4 SYSTEMPATH\CodeIgniter.php(361): CodeIgniter\CodeIgniter->handleRequest(null, Object(Config\Cache), false)
 5 FCPATH\index.php(79): CodeIgniter\CodeIgniter->run()
CRITICAL - 2023-12-05 21:20:51 --> Call to undefined method App\Models\NewsSource::getNewsSources
in SYSTEMPATH\Model.php on line 873.
 1 APPPATH\Controllers\NewsSources.php(17): CodeIgniter\Model->__call('getNewsSources', [...])
 2 SYSTEMPATH\CodeIgniter.php(942): App\Controllers\NewsSources->index()
 3 SYSTEMPATH\CodeIgniter.php(502): CodeIgniter\CodeIgniter->runController(Object(App\Controllers\NewsSources))
 4 SYSTEMPATH\CodeIgniter.php(361): CodeIgniter\CodeIgniter->handleRequest(null, Object(Config\Cache), false)
 5 FCPATH\index.php(79): CodeIgniter\CodeIgniter->run()
CRITICAL - 2023-12-05 21:20:52 --> Call to undefined method App\Models\NewsSource::getNewsSources
in SYSTEMPATH\Model.php on line 873.
 1 APPPATH\Controllers\NewsSources.php(17): CodeIgniter\Model->__call('getNewsSources', [...])
 2 SYSTEMPATH\CodeIgniter.php(942): App\Controllers\NewsSources->index()
 3 SYSTEMPATH\CodeIgniter.php(502): CodeIgniter\CodeIgniter->runController(Object(App\Controllers\NewsSources))
 4 SYSTEMPATH\CodeIgniter.php(361): CodeIgniter\CodeIgniter->handleRequest(null, Object(Config\Cache), false)
 5 FCPATH\index.php(79): CodeIgniter\CodeIgniter->run()
CRITICAL - 2023-12-05 21:21:04 --> Call to undefined method App\Models\NewsSource::getNewsSources
in SYSTEMPATH\Model.php on line 873.
 1 APPPATH\Controllers\NewsSources.php(17): CodeIgniter\Model->__call('getNewsSources', [...])
 2 SYSTEMPATH\CodeIgniter.php(942): App\Controllers\NewsSources->index()
 3 SYSTEMPATH\CodeIgniter.php(502): CodeIgniter\CodeIgniter->runController(Object(App\Controllers\NewsSources))
 4 SYSTEMPATH\CodeIgniter.php(361): CodeIgniter\CodeIgniter->handleRequest(null, Object(Config\Cache), false)
 5 FCPATH\index.php(79): CodeIgniter\CodeIgniter->run()
CRITICAL - 2023-12-05 21:21:04 --> Call to undefined method App\Models\NewsSource::getNewsSources
in SYSTEMPATH\Model.php on line 873.
 1 APPPATH\Controllers\NewsSources.php(17): CodeIgniter\Model->__call('getNewsSources', [...])
 2 SYSTEMPATH\CodeIgniter.php(942): App\Controllers\NewsSources->index()
 3 SYSTEMPATH\CodeIgniter.php(502): CodeIgniter\CodeIgniter->runController(Object(App\Controllers\NewsSources))
 4 SYSTEMPATH\CodeIgniter.php(361): CodeIgniter\CodeIgniter->handleRequest(null, Object(Config\Cache), false)
 5 FCPATH\index.php(79): CodeIgniter\CodeIgniter->run()
CRITICAL - 2023-12-05 21:21:05 --> Call to undefined method App\Models\NewsSource::getNewsSources
in SYSTEMPATH\Model.php on line 873.
 1 APPPATH\Controllers\NewsSources.php(17): CodeIgniter\Model->__call('getNewsSources', [...])
 2 SYSTEMPATH\CodeIgniter.php(942): App\Controllers\NewsSources->index()
 3 SYSTEMPATH\CodeIgniter.php(502): CodeIgniter\CodeIgniter->runController(Object(App\Controllers\NewsSources))
 4 SYSTEMPATH\CodeIgniter.php(361): CodeIgniter\CodeIgniter->handleRequest(null, Object(Config\Cache), false)
 5 FCPATH\index.php(79): CodeIgniter\CodeIgniter->run()
CRITICAL - 2023-12-05 21:21:05 --> Call to undefined method App\Models\NewsSource::getNewsSources
in SYSTEMPATH\Model.php on line 873.
 1 APPPATH\Controllers\NewsSources.php(17): CodeIgniter\Model->__call('getNewsSources', [...])
 2 SYSTEMPATH\CodeIgniter.php(942): App\Controllers\NewsSources->index()
 3 SYSTEMPATH\CodeIgniter.php(502): CodeIgniter\CodeIgniter->runController(Object(App\Controllers\NewsSources))
 4 SYSTEMPATH\CodeIgniter.php(361): CodeIgniter\CodeIgniter->handleRequest(null, Object(Config\Cache), false)
 5 FCPATH\index.php(79): CodeIgniter\CodeIgniter->run()
CRITICAL - 2023-12-05 21:21:56 --> Call to undefined method App\Models\NewsSource::getNewsSources
in SYSTEMPATH\Model.php on line 873.
 1 APPPATH\Controllers\NewsSources.php(17): CodeIgniter\Model->__call('getNewsSources', [...])
 2 SYSTEMPATH\CodeIgniter.php(942): App\Controllers\NewsSources->index()
 3 SYSTEMPATH\CodeIgniter.php(502): CodeIgniter\CodeIgniter->runController(Object(App\Controllers\NewsSources))
 4 SYSTEMPATH\CodeIgniter.php(361): CodeIgniter\CodeIgniter->handleRequest(null, Object(Config\Cache), false)
 5 FCPATH\index.php(79): CodeIgniter\CodeIgniter->run()
CRITICAL - 2023-12-05 21:21:57 --> Call to undefined method App\Models\NewsSource::getNewsSources
in SYSTEMPATH\Model.php on line 873.
 1 APPPATH\Controllers\NewsSources.php(17): CodeIgniter\Model->__call('getNewsSources', [...])
 2 SYSTEMPATH\CodeIgniter.php(942): App\Controllers\NewsSources->index()
 3 SYSTEMPATH\CodeIgniter.php(502): CodeIgniter\CodeIgniter->runController(Object(App\Controllers\NewsSources))
 4 SYSTEMPATH\CodeIgniter.php(361): CodeIgniter\CodeIgniter->handleRequest(null, Object(Config\Cache), false)
 5 FCPATH\index.php(79): CodeIgniter\CodeIgniter->run()
CRITICAL - 2023-12-05 21:21:57 --> Call to undefined method App\Models\NewsSource::getNewsSources
in SYSTEMPATH\Model.php on line 873.
 1 APPPATH\Controllers\NewsSources.php(17): CodeIgniter\Model->__call('getNewsSources', [...])
 2 SYSTEMPATH\CodeIgniter.php(942): App\Controllers\NewsSources->index()
 3 SYSTEMPATH\CodeIgniter.php(502): CodeIgniter\CodeIgniter->runController(Object(App\Controllers\NewsSources))
 4 SYSTEMPATH\CodeIgniter.php(361): CodeIgniter\CodeIgniter->handleRequest(null, Object(Config\Cache), false)
 5 FCPATH\index.php(79): CodeIgniter\CodeIgniter->run()
CRITICAL - 2023-12-05 21:22:03 --> Call to undefined method App\Models\NewsSource::getNewsSources
in SYSTEMPATH\Model.php on line 873.
 1 APPPATH\Controllers\NewsSources.php(17): CodeIgniter\Model->__call('getNewsSources', [...])
 2 SYSTEMPATH\CodeIgniter.php(942): App\Controllers\NewsSources->index()
 3 SYSTEMPATH\CodeIgniter.php(502): CodeIgniter\CodeIgniter->runController(Object(App\Controllers\NewsSources))
 4 SYSTEMPATH\CodeIgniter.php(361): CodeIgniter\CodeIgniter->handleRequest(null, Object(Config\Cache), false)
 5 FCPATH\index.php(79): CodeIgniter\CodeIgniter->run()
CRITICAL - 2023-12-05 21:22:04 --> Call to undefined method App\Models\NewsSource::getNewsSources
in SYSTEMPATH\Model.php on line 873.
 1 APPPATH\Controllers\NewsSources.php(17): CodeIgniter\Model->__call('getNewsSources', [...])
 2 SYSTEMPATH\CodeIgniter.php(942): App\Controllers\NewsSources->index()
 3 SYSTEMPATH\CodeIgniter.php(502): CodeIgniter\CodeIgniter->runController(Object(App\Controllers\NewsSources))
 4 SYSTEMPATH\CodeIgniter.php(361): CodeIgniter\CodeIgniter->handleRequest(null, Object(Config\Cache), false)
 5 FCPATH\index.php(79): CodeIgniter\CodeIgniter->run()
CRITICAL - 2023-12-05 21:22:04 --> Call to undefined method App\Models\NewsSource::getNewsSources
in SYSTEMPATH\Model.php on line 873.
 1 APPPATH\Controllers\NewsSources.php(17): CodeIgniter\Model->__call('getNewsSources', [...])
 2 SYSTEMPATH\CodeIgniter.php(942): App\Controllers\NewsSources->index()
 3 SYSTEMPATH\CodeIgniter.php(502): CodeIgniter\CodeIgniter->runController(Object(App\Controllers\NewsSources))
 4 SYSTEMPATH\CodeIgniter.php(361): CodeIgniter\CodeIgniter->handleRequest(null, Object(Config\Cache), false)
 5 FCPATH\index.php(79): CodeIgniter\CodeIgniter->run()
CRITICAL - 2023-12-05 21:22:04 --> Call to undefined method App\Models\NewsSource::getNewsSources
in SYSTEMPATH\Model.php on line 873.
 1 APPPATH\Controllers\NewsSources.php(17): CodeIgniter\Model->__call('getNewsSources', [...])
 2 SYSTEMPATH\CodeIgniter.php(942): App\Controllers\NewsSources->index()
 3 SYSTEMPATH\CodeIgniter.php(502): CodeIgniter\CodeIgniter->runController(Object(App\Controllers\NewsSources))
 4 SYSTEMPATH\CodeIgniter.php(361): CodeIgniter\CodeIgniter->handleRequest(null, Object(Config\Cache), false)
 5 FCPATH\index.php(79): CodeIgniter\CodeIgniter->run()
CRITICAL - 2023-12-05 21:22:04 --> Call to undefined method App\Models\NewsSource::getNewsSources
in SYSTEMPATH\Model.php on line 873.
 1 APPPATH\Controllers\NewsSources.php(17): CodeIgniter\Model->__call('getNewsSources', [...])
 2 SYSTEMPATH\CodeIgniter.php(942): App\Controllers\NewsSources->index()
 3 SYSTEMPATH\CodeIgniter.php(502): CodeIgniter\CodeIgniter->runController(Object(App\Controllers\NewsSources))
 4 SYSTEMPATH\CodeIgniter.php(361): CodeIgniter\CodeIgniter->handleRequest(null, Object(Config\Cache), false)
 5 FCPATH\index.php(79): CodeIgniter\CodeIgniter->run()
CRITICAL - 2023-12-05 21:22:05 --> Call to undefined method App\Models\NewsSource::getNewsSources
in SYSTEMPATH\Model.php on line 873.
 1 APPPATH\Controllers\NewsSources.php(17): CodeIgniter\Model->__call('getNewsSources', [...])
 2 SYSTEMPATH\CodeIgniter.php(942): App\Controllers\NewsSources->index()
 3 SYSTEMPATH\CodeIgniter.php(502): CodeIgniter\CodeIgniter->runController(Object(App\Controllers\NewsSources))
 4 SYSTEMPATH\CodeIgniter.php(361): CodeIgniter\CodeIgniter->handleRequest(null, Object(Config\Cache), false)
 5 FCPATH\index.php(79): CodeIgniter\CodeIgniter->run()
CRITICAL - 2023-12-05 21:22:05 --> Call to undefined method App\Models\NewsSource::getNewsSources
in SYSTEMPATH\Model.php on line 873.
 1 APPPATH\Controllers\NewsSources.php(17): CodeIgniter\Model->__call('getNewsSources', [...])
 2 SYSTEMPATH\CodeIgniter.php(942): App\Controllers\NewsSources->index()
 3 SYSTEMPATH\CodeIgniter.php(502): CodeIgniter\CodeIgniter->runController(Object(App\Controllers\NewsSources))
 4 SYSTEMPATH\CodeIgniter.php(361): CodeIgniter\CodeIgniter->handleRequest(null, Object(Config\Cache), false)
 5 FCPATH\index.php(79): CodeIgniter\CodeIgniter->run()
CRITICAL - 2023-12-05 21:22:06 --> Call to undefined method App\Models\NewsSource::getNewsSources
in SYSTEMPATH\Model.php on line 873.
 1 APPPATH\Controllers\NewsSources.php(17): CodeIgniter\Model->__call('getNewsSources', [...])
 2 SYSTEMPATH\CodeIgniter.php(942): App\Controllers\NewsSources->index()
 3 SYSTEMPATH\CodeIgniter.php(502): CodeIgniter\CodeIgniter->runController(Object(App\Controllers\NewsSources))
 4 SYSTEMPATH\CodeIgniter.php(361): CodeIgniter\CodeIgniter->handleRequest(null, Object(Config\Cache), false)
 5 FCPATH\index.php(79): CodeIgniter\CodeIgniter->run()
CRITICAL - 2023-12-05 21:22:06 --> Call to undefined method App\Models\NewsSource::getNewsSources
in SYSTEMPATH\Model.php on line 873.
 1 APPPATH\Controllers\NewsSources.php(17): CodeIgniter\Model->__call('getNewsSources', [...])
 2 SYSTEMPATH\CodeIgniter.php(942): App\Controllers\NewsSources->index()
 3 SYSTEMPATH\CodeIgniter.php(502): CodeIgniter\CodeIgniter->runController(Object(App\Controllers\NewsSources))
 4 SYSTEMPATH\CodeIgniter.php(361): CodeIgniter\CodeIgniter->handleRequest(null, Object(Config\Cache), false)
 5 FCPATH\index.php(79): CodeIgniter\CodeIgniter->run()
CRITICAL - 2023-12-05 21:22:06 --> Call to undefined method App\Models\NewsSource::getNewsSources
in SYSTEMPATH\Model.php on line 873.
 1 APPPATH\Controllers\NewsSources.php(17): CodeIgniter\Model->__call('getNewsSources', [...])
 2 SYSTEMPATH\CodeIgniter.php(942): App\Controllers\NewsSources->index()
 3 SYSTEMPATH\CodeIgniter.php(502): CodeIgniter\CodeIgniter->runController(Object(App\Controllers\NewsSources))
 4 SYSTEMPATH\CodeIgniter.php(361): CodeIgniter\CodeIgniter->handleRequest(null, Object(Config\Cache), false)
 5 FCPATH\index.php(79): CodeIgniter\CodeIgniter->run()
CRITICAL - 2023-12-05 21:22:06 --> Call to undefined method App\Models\NewsSource::getNewsSources
in SYSTEMPATH\Model.php on line 873.
 1 APPPATH\Controllers\NewsSources.php(17): CodeIgniter\Model->__call('getNewsSources', [...])
 2 SYSTEMPATH\CodeIgniter.php(942): App\Controllers\NewsSources->index()
 3 SYSTEMPATH\CodeIgniter.php(502): CodeIgniter\CodeIgniter->runController(Object(App\Controllers\NewsSources))
 4 SYSTEMPATH\CodeIgniter.php(361): CodeIgniter\CodeIgniter->handleRequest(null, Object(Config\Cache), false)
 5 FCPATH\index.php(79): CodeIgniter\CodeIgniter->run()
CRITICAL - 2023-12-05 21:22:06 --> Call to undefined method App\Models\NewsSource::getNewsSources
in SYSTEMPATH\Model.php on line 873.
 1 APPPATH\Controllers\NewsSources.php(17): CodeIgniter\Model->__call('getNewsSources', [...])
 2 SYSTEMPATH\CodeIgniter.php(942): App\Controllers\NewsSources->index()
 3 SYSTEMPATH\CodeIgniter.php(502): CodeIgniter\CodeIgniter->runController(Object(App\Controllers\NewsSources))
 4 SYSTEMPATH\CodeIgniter.php(361): CodeIgniter\CodeIgniter->handleRequest(null, Object(Config\Cache), false)
 5 FCPATH\index.php(79): CodeIgniter\CodeIgniter->run()
CRITICAL - 2023-12-05 21:22:21 --> Call to undefined method App\Models\NewsSource::getNewsSources
in SYSTEMPATH\Model.php on line 873.
 1 APPPATH\Controllers\NewsSources.php(15): CodeIgniter\Model->__call('getNewsSources', [...])
 2 SYSTEMPATH\CodeIgniter.php(942): App\Controllers\NewsSources->index()
 3 SYSTEMPATH\CodeIgniter.php(502): CodeIgniter\CodeIgniter->runController(Object(App\Controllers\NewsSources))
 4 SYSTEMPATH\CodeIgniter.php(361): CodeIgniter\CodeIgniter->handleRequest(null, Object(Config\Cache), false)
 5 FCPATH\index.php(79): CodeIgniter\CodeIgniter->run()
CRITICAL - 2023-12-05 21:22:22 --> Call to undefined method App\Models\NewsSource::getNewsSources
in SYSTEMPATH\Model.php on line 873.
 1 APPPATH\Controllers\NewsSources.php(15): CodeIgniter\Model->__call('getNewsSources', [...])
 2 SYSTEMPATH\CodeIgniter.php(942): App\Controllers\NewsSources->index()
 3 SYSTEMPATH\CodeIgniter.php(502): CodeIgniter\CodeIgniter->runController(Object(App\Controllers\NewsSources))
 4 SYSTEMPATH\CodeIgniter.php(361): CodeIgniter\CodeIgniter->handleRequest(null, Object(Config\Cache), false)
 5 FCPATH\index.php(79): CodeIgniter\CodeIgniter->run()
CRITICAL - 2023-12-05 21:22:22 --> Call to undefined method App\Models\NewsSource::getNewsSources
in SYSTEMPATH\Model.php on line 873.
 1 APPPATH\Controllers\NewsSources.php(15): CodeIgniter\Model->__call('getNewsSources', [...])
 2 SYSTEMPATH\CodeIgniter.php(942): App\Controllers\NewsSources->index()
 3 SYSTEMPATH\CodeIgniter.php(502): CodeIgniter\CodeIgniter->runController(Object(App\Controllers\NewsSources))
 4 SYSTEMPATH\CodeIgniter.php(361): CodeIgniter\CodeIgniter->handleRequest(null, Object(Config\Cache), false)
 5 FCPATH\index.php(79): CodeIgniter\CodeIgniter->run()
CRITICAL - 2023-12-05 21:22:22 --> Call to undefined method App\Models\NewsSource::getNewsSources
in SYSTEMPATH\Model.php on line 873.
 1 APPPATH\Controllers\NewsSources.php(15): CodeIgniter\Model->__call('getNewsSources', [...])
 2 SYSTEMPATH\CodeIgniter.php(942): App\Controllers\NewsSources->index()
 3 SYSTEMPATH\CodeIgniter.php(502): CodeIgniter\CodeIgniter->runController(Object(App\Controllers\NewsSources))
 4 SYSTEMPATH\CodeIgniter.php(361): CodeIgniter\CodeIgniter->handleRequest(null, Object(Config\Cache), false)
 5 FCPATH\index.php(79): CodeIgniter\CodeIgniter->run()
CRITICAL - 2023-12-05 21:22:22 --> Call to undefined method App\Models\NewsSource::getNewsSources
in SYSTEMPATH\Model.php on line 873.
 1 APPPATH\Controllers\NewsSources.php(15): CodeIgniter\Model->__call('getNewsSources', [...])
 2 SYSTEMPATH\CodeIgniter.php(942): App\Controllers\NewsSources->index()
 3 SYSTEMPATH\CodeIgniter.php(502): CodeIgniter\CodeIgniter->runController(Object(App\Controllers\NewsSources))
 4 SYSTEMPATH\CodeIgniter.php(361): CodeIgniter\CodeIgniter->handleRequest(null, Object(Config\Cache), false)
 5 FCPATH\index.php(79): CodeIgniter\CodeIgniter->run()
CRITICAL - 2023-12-05 21:22:23 --> Call to undefined method App\Models\NewsSource::getNewsSources
in SYSTEMPATH\Model.php on line 873.
 1 APPPATH\Controllers\NewsSources.php(15): CodeIgniter\Model->__call('getNewsSources', [...])
 2 SYSTEMPATH\CodeIgniter.php(942): App\Controllers\NewsSources->index()
 3 SYSTEMPATH\CodeIgniter.php(502): CodeIgniter\CodeIgniter->runController(Object(App\Controllers\NewsSources))
 4 SYSTEMPATH\CodeIgniter.php(361): CodeIgniter\CodeIgniter->handleRequest(null, Object(Config\Cache), false)
 5 FCPATH\index.php(79): CodeIgniter\CodeIgniter->run()
CRITICAL - 2023-12-05 21:22:23 --> Call to undefined method App\Models\NewsSource::getNewsSources
in SYSTEMPATH\Model.php on line 873.
 1 APPPATH\Controllers\NewsSources.php(15): CodeIgniter\Model->__call('getNewsSources', [...])
 2 SYSTEMPATH\CodeIgniter.php(942): App\Controllers\NewsSources->index()
 3 SYSTEMPATH\CodeIgniter.php(502): CodeIgniter\CodeIgniter->runController(Object(App\Controllers\NewsSources))
 4 SYSTEMPATH\CodeIgniter.php(361): CodeIgniter\CodeIgniter->handleRequest(null, Object(Config\Cache), false)
 5 FCPATH\index.php(79): CodeIgniter\CodeIgniter->run()
CRITICAL - 2023-12-05 21:22:57 --> Call to undefined method App\Models\NewsSource::getNewsSources
in SYSTEMPATH\Model.php on line 873.
 1 APPPATH\Controllers\NewsSources.php(20): CodeIgniter\Model->__call('getNewsSources', [...])
 2 SYSTEMPATH\CodeIgniter.php(942): App\Controllers\NewsSources->index()
 3 SYSTEMPATH\CodeIgniter.php(502): CodeIgniter\CodeIgniter->runController(Object(App\Controllers\NewsSources))
 4 SYSTEMPATH\CodeIgniter.php(361): CodeIgniter\CodeIgniter->handleRequest(null, Object(Config\Cache), false)
 5 FCPATH\index.php(79): CodeIgniter\CodeIgniter->run()
CRITICAL - 2023-12-05 21:23:03 --> Call to undefined method App\Models\NewsSource::getNewsSources
in SYSTEMPATH\Model.php on line 873.
 1 APPPATH\Controllers\NewsSources.php(20): CodeIgniter\Model->__call('getNewsSources', [...])
 2 SYSTEMPATH\CodeIgniter.php(942): App\Controllers\NewsSources->index()
 3 SYSTEMPATH\CodeIgniter.php(502): CodeIgniter\CodeIgniter->runController(Object(App\Controllers\NewsSources))
 4 SYSTEMPATH\CodeIgniter.php(361): CodeIgniter\CodeIgniter->handleRequest(null, Object(Config\Cache), false)
 5 FCPATH\index.php(79): CodeIgniter\CodeIgniter->run()
CRITICAL - 2023-12-05 21:23:13 --> Call to undefined method App\Models\NewsSource::getNewsSources
in SYSTEMPATH\Model.php on line 873.
 1 APPPATH\Controllers\NewsSources.php(20): CodeIgniter\Model->__call('getNewsSources', [...])
 2 SYSTEMPATH\CodeIgniter.php(942): App\Controllers\NewsSources->index()
 3 SYSTEMPATH\CodeIgniter.php(502): CodeIgniter\CodeIgniter->runController(Object(App\Controllers\NewsSources))
 4 SYSTEMPATH\CodeIgniter.php(361): CodeIgniter\CodeIgniter->handleRequest(null, Object(Config\Cache), false)
 5 FCPATH\index.php(79): CodeIgniter\CodeIgniter->run()
CRITICAL - 2023-12-05 21:23:14 --> Call to undefined method App\Models\NewsSource::getNewsSources
in SYSTEMPATH\Model.php on line 873.
 1 APPPATH\Controllers\NewsSources.php(20): CodeIgniter\Model->__call('getNewsSources', [...])
 2 SYSTEMPATH\CodeIgniter.php(942): App\Controllers\NewsSources->index()
 3 SYSTEMPATH\CodeIgniter.php(502): CodeIgniter\CodeIgniter->runController(Object(App\Controllers\NewsSources))
 4 SYSTEMPATH\CodeIgniter.php(361): CodeIgniter\CodeIgniter->handleRequest(null, Object(Config\Cache), false)
 5 FCPATH\index.php(79): CodeIgniter\CodeIgniter->run()
CRITICAL - 2023-12-05 21:23:14 --> Call to undefined method App\Models\NewsSource::getNewsSources
in SYSTEMPATH\Model.php on line 873.
 1 APPPATH\Controllers\NewsSources.php(20): CodeIgniter\Model->__call('getNewsSources', [...])
 2 SYSTEMPATH\CodeIgniter.php(942): App\Controllers\NewsSources->index()
 3 SYSTEMPATH\CodeIgniter.php(502): CodeIgniter\CodeIgniter->runController(Object(App\Controllers\NewsSources))
 4 SYSTEMPATH\CodeIgniter.php(361): CodeIgniter\CodeIgniter->handleRequest(null, Object(Config\Cache), false)
 5 FCPATH\index.php(79): CodeIgniter\CodeIgniter->run()
CRITICAL - 2023-12-05 21:23:14 --> Call to undefined method App\Models\NewsSource::getNewsSources
in SYSTEMPATH\Model.php on line 873.
 1 APPPATH\Controllers\NewsSources.php(20): CodeIgniter\Model->__call('getNewsSources', [...])
 2 SYSTEMPATH\CodeIgniter.php(942): App\Controllers\NewsSources->index()
 3 SYSTEMPATH\CodeIgniter.php(502): CodeIgniter\CodeIgniter->runController(Object(App\Controllers\NewsSources))
 4 SYSTEMPATH\CodeIgniter.php(361): CodeIgniter\CodeIgniter->handleRequest(null, Object(Config\Cache), false)
 5 FCPATH\index.php(79): CodeIgniter\CodeIgniter->run()
CRITICAL - 2023-12-05 21:23:15 --> Call to undefined method App\Models\NewsSource::getNewsSources
in SYSTEMPATH\Model.php on line 873.
 1 APPPATH\Controllers\NewsSources.php(20): CodeIgniter\Model->__call('getNewsSources', [...])
 2 SYSTEMPATH\CodeIgniter.php(942): App\Controllers\NewsSources->index()
 3 SYSTEMPATH\CodeIgniter.php(502): CodeIgniter\CodeIgniter->runController(Object(App\Controllers\NewsSources))
 4 SYSTEMPATH\CodeIgniter.php(361): CodeIgniter\CodeIgniter->handleRequest(null, Object(Config\Cache), false)
 5 FCPATH\index.php(79): CodeIgniter\CodeIgniter->run()
CRITICAL - 2023-12-05 21:23:16 --> Call to undefined method App\Models\NewsSource::getNewsSources
in SYSTEMPATH\Model.php on line 873.
 1 APPPATH\Controllers\NewsSources.php(20): CodeIgniter\Model->__call('getNewsSources', [...])
 2 SYSTEMPATH\CodeIgniter.php(942): App\Controllers\NewsSources->index()
 3 SYSTEMPATH\CodeIgniter.php(502): CodeIgniter\CodeIgniter->runController(Object(App\Controllers\NewsSources))
 4 SYSTEMPATH\CodeIgniter.php(361): CodeIgniter\CodeIgniter->handleRequest(null, Object(Config\Cache), false)
 5 FCPATH\index.php(79): CodeIgniter\CodeIgniter->run()
CRITICAL - 2023-12-05 21:24:07 --> Call to undefined method App\Models\NewsSource::getNewsSources
in SYSTEMPATH\Model.php on line 873.
 1 APPPATH\Controllers\NewsSources.php(18): CodeIgniter\Model->__call('getNewsSources', [...])
 2 SYSTEMPATH\CodeIgniter.php(942): App\Controllers\NewsSources->index()
 3 SYSTEMPATH\CodeIgniter.php(502): CodeIgniter\CodeIgniter->runController(Object(App\Controllers\NewsSources))
 4 SYSTEMPATH\CodeIgniter.php(361): CodeIgniter\CodeIgniter->handleRequest(null, Object(Config\Cache), false)
 5 FCPATH\index.php(79): CodeIgniter\CodeIgniter->run()
CRITICAL - 2023-12-05 21:24:08 --> Call to undefined method App\Models\NewsSource::getNewsSources
in SYSTEMPATH\Model.php on line 873.
 1 APPPATH\Controllers\NewsSources.php(18): CodeIgniter\Model->__call('getNewsSources', [...])
 2 SYSTEMPATH\CodeIgniter.php(942): App\Controllers\NewsSources->index()
 3 SYSTEMPATH\CodeIgniter.php(502): CodeIgniter\CodeIgniter->runController(Object(App\Controllers\NewsSources))
 4 SYSTEMPATH\CodeIgniter.php(361): CodeIgniter\CodeIgniter->handleRequest(null, Object(Config\Cache), false)
 5 FCPATH\index.php(79): CodeIgniter\CodeIgniter->run()
CRITICAL - 2023-12-05 21:24:16 --> Undefined variable $userId
in APPPATH\Controllers\NewsSources.php on line 16.
 1 APPPATH\Controllers\NewsSources.php(16): CodeIgniter\Debug\Exceptions->errorHandler(2, 'Undefined variable $userId', 'C:\\xampp\\htdocs\\code\\app\\Controllers\\NewsSources.php', 16)
 2 SYSTEMPATH\CodeIgniter.php(942): App\Controllers\NewsSources->index()
 3 SYSTEMPATH\CodeIgniter.php(502): CodeIgniter\CodeIgniter->runController(Object(App\Controllers\NewsSources))
 4 SYSTEMPATH\CodeIgniter.php(361): CodeIgniter\CodeIgniter->handleRequest(null, Object(Config\Cache), false)
 5 FCPATH\index.php(79): CodeIgniter\CodeIgniter->run()
CRITICAL - 2023-12-05 21:24:17 --> Undefined variable $userId
in APPPATH\Controllers\NewsSources.php on line 16.
 1 APPPATH\Controllers\NewsSources.php(16): CodeIgniter\Debug\Exceptions->errorHandler(2, 'Undefined variable $userId', 'C:\\xampp\\htdocs\\code\\app\\Controllers\\NewsSources.php', 16)
 2 SYSTEMPATH\CodeIgniter.php(942): App\Controllers\NewsSources->index()
 3 SYSTEMPATH\CodeIgniter.php(502): CodeIgniter\CodeIgniter->runController(Object(App\Controllers\NewsSources))
 4 SYSTEMPATH\CodeIgniter.php(361): CodeIgniter\CodeIgniter->handleRequest(null, Object(Config\Cache), false)
 5 FCPATH\index.php(79): CodeIgniter\CodeIgniter->run()
CRITICAL - 2023-12-05 21:24:17 --> Undefined variable $userId
in APPPATH\Controllers\NewsSources.php on line 16.
 1 APPPATH\Controllers\NewsSources.php(16): CodeIgniter\Debug\Exceptions->errorHandler(2, 'Undefined variable $userId', 'C:\\xampp\\htdocs\\code\\app\\Controllers\\NewsSources.php', 16)
 2 SYSTEMPATH\CodeIgniter.php(942): App\Controllers\NewsSources->index()
 3 SYSTEMPATH\CodeIgniter.php(502): CodeIgniter\CodeIgniter->runController(Object(App\Controllers\NewsSources))
 4 SYSTEMPATH\CodeIgniter.php(361): CodeIgniter\CodeIgniter->handleRequest(null, Object(Config\Cache), false)
 5 FCPATH\index.php(79): CodeIgniter\CodeIgniter->run()
CRITICAL - 2023-12-05 21:24:17 --> Undefined variable $userId
in APPPATH\Controllers\NewsSources.php on line 16.
 1 APPPATH\Controllers\NewsSources.php(16): CodeIgniter\Debug\Exceptions->errorHandler(2, 'Undefined variable $userId', 'C:\\xampp\\htdocs\\code\\app\\Controllers\\NewsSources.php', 16)
 2 SYSTEMPATH\CodeIgniter.php(942): App\Controllers\NewsSources->index()
 3 SYSTEMPATH\CodeIgniter.php(502): CodeIgniter\CodeIgniter->runController(Object(App\Controllers\NewsSources))
 4 SYSTEMPATH\CodeIgniter.php(361): CodeIgniter\CodeIgniter->handleRequest(null, Object(Config\Cache), false)
 5 FCPATH\index.php(79): CodeIgniter\CodeIgniter->run()
CRITICAL - 2023-12-05 21:25:11 --> Call to undefined method App\Models\NewsSource::getNewsSources
in SYSTEMPATH\Model.php on line 873.
 1 APPPATH\Controllers\NewsSources.php(18): CodeIgniter\Model->__call('getNewsSources', [])
 2 SYSTEMPATH\CodeIgniter.php(942): App\Controllers\NewsSources->index()
 3 SYSTEMPATH\CodeIgniter.php(502): CodeIgniter\CodeIgniter->runController(Object(App\Controllers\NewsSources))
 4 SYSTEMPATH\CodeIgniter.php(361): CodeIgniter\CodeIgniter->handleRequest(null, Object(Config\Cache), false)
 5 FCPATH\index.php(79): CodeIgniter\CodeIgniter->run()
CRITICAL - 2023-12-05 21:25:12 --> Call to undefined method App\Models\NewsSource::getNewsSources
in SYSTEMPATH\Model.php on line 873.
 1 APPPATH\Controllers\NewsSources.php(18): CodeIgniter\Model->__call('getNewsSources', [])
 2 SYSTEMPATH\CodeIgniter.php(942): App\Controllers\NewsSources->index()
 3 SYSTEMPATH\CodeIgniter.php(502): CodeIgniter\CodeIgniter->runController(Object(App\Controllers\NewsSources))
 4 SYSTEMPATH\CodeIgniter.php(361): CodeIgniter\CodeIgniter->handleRequest(null, Object(Config\Cache), false)
 5 FCPATH\index.php(79): CodeIgniter\CodeIgniter->run()
CRITICAL - 2023-12-05 21:25:12 --> Call to undefined method App\Models\NewsSource::getNewsSources
in SYSTEMPATH\Model.php on line 873.
 1 APPPATH\Controllers\NewsSources.php(18): CodeIgniter\Model->__call('getNewsSources', [])
 2 SYSTEMPATH\CodeIgniter.php(942): App\Controllers\NewsSources->index()
 3 SYSTEMPATH\CodeIgniter.php(502): CodeIgniter\CodeIgniter->runController(Object(App\Controllers\NewsSources))
 4 SYSTEMPATH\CodeIgniter.php(361): CodeIgniter\CodeIgniter->handleRequest(null, Object(Config\Cache), false)
 5 FCPATH\index.php(79): CodeIgniter\CodeIgniter->run()
CRITICAL - 2023-12-05 21:25:12 --> Call to undefined method App\Models\NewsSource::getNewsSources
in SYSTEMPATH\Model.php on line 873.
 1 APPPATH\Controllers\NewsSources.php(18): CodeIgniter\Model->__call('getNewsSources', [])
 2 SYSTEMPATH\CodeIgniter.php(942): App\Controllers\NewsSources->index()
 3 SYSTEMPATH\CodeIgniter.php(502): CodeIgniter\CodeIgniter->runController(Object(App\Controllers\NewsSources))
 4 SYSTEMPATH\CodeIgniter.php(361): CodeIgniter\CodeIgniter->handleRequest(null, Object(Config\Cache), false)
 5 FCPATH\index.php(79): CodeIgniter\CodeIgniter->run()
CRITICAL - 2023-12-05 21:25:12 --> Call to undefined method App\Models\NewsSource::getNewsSources
in SYSTEMPATH\Model.php on line 873.
 1 APPPATH\Controllers\NewsSources.php(18): CodeIgniter\Model->__call('getNewsSources', [])
 2 SYSTEMPATH\CodeIgniter.php(942): App\Controllers\NewsSources->index()
 3 SYSTEMPATH\CodeIgniter.php(502): CodeIgniter\CodeIgniter->runController(Object(App\Controllers\NewsSources))
 4 SYSTEMPATH\CodeIgniter.php(361): CodeIgniter\CodeIgniter->handleRequest(null, Object(Config\Cache), false)
 5 FCPATH\index.php(79): CodeIgniter\CodeIgniter->run()
CRITICAL - 2023-12-05 21:25:12 --> Call to undefined method App\Models\NewsSource::getNewsSources
in SYSTEMPATH\Model.php on line 873.
 1 APPPATH\Controllers\NewsSources.php(18): CodeIgniter\Model->__call('getNewsSources', [])
 2 SYSTEMPATH\CodeIgniter.php(942): App\Controllers\NewsSources->index()
 3 SYSTEMPATH\CodeIgniter.php(502): CodeIgniter\CodeIgniter->runController(Object(App\Controllers\NewsSources))
 4 SYSTEMPATH\CodeIgniter.php(361): CodeIgniter\CodeIgniter->handleRequest(null, Object(Config\Cache), false)
 5 FCPATH\index.php(79): CodeIgniter\CodeIgniter->run()
CRITICAL - 2023-12-05 21:25:46 --> Call to undefined method App\Models\NewsSource::getNewsSources
in SYSTEMPATH\Model.php on line 873.
 1 APPPATH\Controllers\NewsSources.php(16): CodeIgniter\Model->__call('getNewsSources', [])
 2 SYSTEMPATH\CodeIgniter.php(942): App\Controllers\NewsSources->index()
 3 SYSTEMPATH\CodeIgniter.php(502): CodeIgniter\CodeIgniter->runController(Object(App\Controllers\NewsSources))
 4 SYSTEMPATH\CodeIgniter.php(361): CodeIgniter\CodeIgniter->handleRequest(null, Object(Config\Cache), false)
 5 FCPATH\index.php(79): CodeIgniter\CodeIgniter->run()
CRITICAL - 2023-12-05 21:25:46 --> Call to undefined method App\Models\NewsSource::getNewsSources
in SYSTEMPATH\Model.php on line 873.
 1 APPPATH\Controllers\NewsSources.php(16): CodeIgniter\Model->__call('getNewsSources', [])
 2 SYSTEMPATH\CodeIgniter.php(942): App\Controllers\NewsSources->index()
 3 SYSTEMPATH\CodeIgniter.php(502): CodeIgniter\CodeIgniter->runController(Object(App\Controllers\NewsSources))
 4 SYSTEMPATH\CodeIgniter.php(361): CodeIgniter\CodeIgniter->handleRequest(null, Object(Config\Cache), false)
 5 FCPATH\index.php(79): CodeIgniter\CodeIgniter->run()
CRITICAL - 2023-12-05 21:25:46 --> Call to undefined method App\Models\NewsSource::getNewsSources
in SYSTEMPATH\Model.php on line 873.
 1 APPPATH\Controllers\NewsSources.php(16): CodeIgniter\Model->__call('getNewsSources', [])
 2 SYSTEMPATH\CodeIgniter.php(942): App\Controllers\NewsSources->index()
 3 SYSTEMPATH\CodeIgniter.php(502): CodeIgniter\CodeIgniter->runController(Object(App\Controllers\NewsSources))
 4 SYSTEMPATH\CodeIgniter.php(361): CodeIgniter\CodeIgniter->handleRequest(null, Object(Config\Cache), false)
 5 FCPATH\index.php(79): CodeIgniter\CodeIgniter->run()
CRITICAL - 2023-12-05 21:25:47 --> Call to undefined method App\Models\NewsSource::getNewsSources
in SYSTEMPATH\Model.php on line 873.
 1 APPPATH\Controllers\NewsSources.php(16): CodeIgniter\Model->__call('getNewsSources', [])
 2 SYSTEMPATH\CodeIgniter.php(942): App\Controllers\NewsSources->index()
 3 SYSTEMPATH\CodeIgniter.php(502): CodeIgniter\CodeIgniter->runController(Object(App\Controllers\NewsSources))
 4 SYSTEMPATH\CodeIgniter.php(361): CodeIgniter\CodeIgniter->handleRequest(null, Object(Config\Cache), false)
 5 FCPATH\index.php(79): CodeIgniter\CodeIgniter->run()
CRITICAL - 2023-12-05 21:25:47 --> Call to undefined method App\Models\NewsSource::getNewsSources
in SYSTEMPATH\Model.php on line 873.
 1 APPPATH\Controllers\NewsSources.php(16): CodeIgniter\Model->__call('getNewsSources', [])
 2 SYSTEMPATH\CodeIgniter.php(942): App\Controllers\NewsSources->index()
 3 SYSTEMPATH\CodeIgniter.php(502): CodeIgniter\CodeIgniter->runController(Object(App\Controllers\NewsSources))
 4 SYSTEMPATH\CodeIgniter.php(361): CodeIgniter\CodeIgniter->handleRequest(null, Object(Config\Cache), false)
 5 FCPATH\index.php(79): CodeIgniter\CodeIgniter->run()
CRITICAL - 2023-12-05 21:25:47 --> Call to undefined method App\Models\NewsSource::getNewsSources
in SYSTEMPATH\Model.php on line 873.
 1 APPPATH\Controllers\NewsSources.php(16): CodeIgniter\Model->__call('getNewsSources', [])
 2 SYSTEMPATH\CodeIgniter.php(942): App\Controllers\NewsSources->index()
 3 SYSTEMPATH\CodeIgniter.php(502): CodeIgniter\CodeIgniter->runController(Object(App\Controllers\NewsSources))
 4 SYSTEMPATH\CodeIgniter.php(361): CodeIgniter\CodeIgniter->handleRequest(null, Object(Config\Cache), false)
 5 FCPATH\index.php(79): CodeIgniter\CodeIgniter->run()
CRITICAL - 2023-12-05 21:25:47 --> Call to undefined method App\Models\NewsSource::getNewsSources
in SYSTEMPATH\Model.php on line 873.
 1 APPPATH\Controllers\NewsSources.php(16): CodeIgniter\Model->__call('getNewsSources', [])
 2 SYSTEMPATH\CodeIgniter.php(942): App\Controllers\NewsSources->index()
 3 SYSTEMPATH\CodeIgniter.php(502): CodeIgniter\CodeIgniter->runController(Object(App\Controllers\NewsSources))
 4 SYSTEMPATH\CodeIgniter.php(361): CodeIgniter\CodeIgniter->handleRequest(null, Object(Config\Cache), false)
 5 FCPATH\index.php(79): CodeIgniter\CodeIgniter->run()
CRITICAL - 2023-12-05 21:26:28 --> Call to undefined method App\Models\NewsSource::getNewsSources
in SYSTEMPATH\Model.php on line 873.
 1 APPPATH\Controllers\NewsSources.php(16): CodeIgniter\Model->__call('getNewsSources', [])
 2 SYSTEMPATH\CodeIgniter.php(942): App\Controllers\NewsSources->index()
 3 SYSTEMPATH\CodeIgniter.php(502): CodeIgniter\CodeIgniter->runController(Object(App\Controllers\NewsSources))
 4 SYSTEMPATH\CodeIgniter.php(361): CodeIgniter\CodeIgniter->handleRequest(null, Object(Config\Cache), false)
 5 FCPATH\index.php(79): CodeIgniter\CodeIgniter->run()
CRITICAL - 2023-12-05 21:27:54 --> Call to undefined method App\Models\NewsSource::getNewsSources
in SYSTEMPATH\Model.php on line 873.
 1 APPPATH\Controllers\NewsSources.php(16): CodeIgniter\Model->__call('getNewsSources', [])
 2 SYSTEMPATH\CodeIgniter.php(942): App\Controllers\NewsSources->index()
 3 SYSTEMPATH\CodeIgniter.php(502): CodeIgniter\CodeIgniter->runController(Object(App\Controllers\NewsSources))
 4 SYSTEMPATH\CodeIgniter.php(361): CodeIgniter\CodeIgniter->handleRequest(null, Object(Config\Cache), false)
 5 FCPATH\index.php(79): CodeIgniter\CodeIgniter->run()
CRITICAL - 2023-12-05 21:27:55 --> Call to undefined method App\Models\NewsSource::getNewsSources
in SYSTEMPATH\Model.php on line 873.
 1 APPPATH\Controllers\NewsSources.php(16): CodeIgniter\Model->__call('getNewsSources', [])
 2 SYSTEMPATH\CodeIgniter.php(942): App\Controllers\NewsSources->index()
 3 SYSTEMPATH\CodeIgniter.php(502): CodeIgniter\CodeIgniter->runController(Object(App\Controllers\NewsSources))
 4 SYSTEMPATH\CodeIgniter.php(361): CodeIgniter\CodeIgniter->handleRequest(null, Object(Config\Cache), false)
 5 FCPATH\index.php(79): CodeIgniter\CodeIgniter->run()
CRITICAL - 2023-12-05 21:27:55 --> Call to undefined method App\Models\NewsSource::getNewsSources
in SYSTEMPATH\Model.php on line 873.
 1 APPPATH\Controllers\NewsSources.php(16): CodeIgniter\Model->__call('getNewsSources', [])
 2 SYSTEMPATH\CodeIgniter.php(942): App\Controllers\NewsSources->index()
 3 SYSTEMPATH\CodeIgniter.php(502): CodeIgniter\CodeIgniter->runController(Object(App\Controllers\NewsSources))
 4 SYSTEMPATH\CodeIgniter.php(361): CodeIgniter\CodeIgniter->handleRequest(null, Object(Config\Cache), false)
 5 FCPATH\index.php(79): CodeIgniter\CodeIgniter->run()
CRITICAL - 2023-12-05 21:27:55 --> Call to undefined method App\Models\NewsSource::getNewsSources
in SYSTEMPATH\Model.php on line 873.
 1 APPPATH\Controllers\NewsSources.php(16): CodeIgniter\Model->__call('getNewsSources', [])
 2 SYSTEMPATH\CodeIgniter.php(942): App\Controllers\NewsSources->index()
 3 SYSTEMPATH\CodeIgniter.php(502): CodeIgniter\CodeIgniter->runController(Object(App\Controllers\NewsSources))
 4 SYSTEMPATH\CodeIgniter.php(361): CodeIgniter\CodeIgniter->handleRequest(null, Object(Config\Cache), false)
 5 FCPATH\index.php(79): CodeIgniter\CodeIgniter->run()
CRITICAL - 2023-12-05 21:27:56 --> Call to undefined method App\Models\NewsSource::getNewsSources
in SYSTEMPATH\Model.php on line 873.
 1 APPPATH\Controllers\NewsSources.php(16): CodeIgniter\Model->__call('getNewsSources', [])
 2 SYSTEMPATH\CodeIgniter.php(942): App\Controllers\NewsSources->index()
 3 SYSTEMPATH\CodeIgniter.php(502): CodeIgniter\CodeIgniter->runController(Object(App\Controllers\NewsSources))
 4 SYSTEMPATH\CodeIgniter.php(361): CodeIgniter\CodeIgniter->handleRequest(null, Object(Config\Cache), false)
 5 FCPATH\index.php(79): CodeIgniter\CodeIgniter->run()
CRITICAL - 2023-12-05 21:27:56 --> Call to undefined method App\Models\NewsSource::getNewsSources
in SYSTEMPATH\Model.php on line 873.
 1 APPPATH\Controllers\NewsSources.php(16): CodeIgniter\Model->__call('getNewsSources', [])
 2 SYSTEMPATH\CodeIgniter.php(942): App\Controllers\NewsSources->index()
 3 SYSTEMPATH\CodeIgniter.php(502): CodeIgniter\CodeIgniter->runController(Object(App\Controllers\NewsSources))
 4 SYSTEMPATH\CodeIgniter.php(361): CodeIgniter\CodeIgniter->handleRequest(null, Object(Config\Cache), false)
 5 FCPATH\index.php(79): CodeIgniter\CodeIgniter->run()
CRITICAL - 2023-12-05 21:27:56 --> Call to undefined method App\Models\NewsSource::getNewsSources
in SYSTEMPATH\Model.php on line 873.
 1 APPPATH\Controllers\NewsSources.php(16): CodeIgniter\Model->__call('getNewsSources', [])
 2 SYSTEMPATH\CodeIgniter.php(942): App\Controllers\NewsSources->index()
 3 SYSTEMPATH\CodeIgniter.php(502): CodeIgniter\CodeIgniter->runController(Object(App\Controllers\NewsSources))
 4 SYSTEMPATH\CodeIgniter.php(361): CodeIgniter\CodeIgniter->handleRequest(null, Object(Config\Cache), false)
 5 FCPATH\index.php(79): CodeIgniter\CodeIgniter->run()
CRITICAL - 2023-12-05 21:27:56 --> Call to undefined method App\Models\NewsSource::getNewsSources
in SYSTEMPATH\Model.php on line 873.
 1 APPPATH\Controllers\NewsSources.php(16): CodeIgniter\Model->__call('getNewsSources', [])
 2 SYSTEMPATH\CodeIgniter.php(942): App\Controllers\NewsSources->index()
 3 SYSTEMPATH\CodeIgniter.php(502): CodeIgniter\CodeIgniter->runController(Object(App\Controllers\NewsSources))
 4 SYSTEMPATH\CodeIgniter.php(361): CodeIgniter\CodeIgniter->handleRequest(null, Object(Config\Cache), false)
 5 FCPATH\index.php(79): CodeIgniter\CodeIgniter->run()
CRITICAL - 2023-12-05 21:27:56 --> Call to undefined method App\Models\NewsSource::getNewsSources
in SYSTEMPATH\Model.php on line 873.
 1 APPPATH\Controllers\NewsSources.php(16): CodeIgniter\Model->__call('getNewsSources', [])
 2 SYSTEMPATH\CodeIgniter.php(942): App\Controllers\NewsSources->index()
 3 SYSTEMPATH\CodeIgniter.php(502): CodeIgniter\CodeIgniter->runController(Object(App\Controllers\NewsSources))
 4 SYSTEMPATH\CodeIgniter.php(361): CodeIgniter\CodeIgniter->handleRequest(null, Object(Config\Cache), false)
 5 FCPATH\index.php(79): CodeIgniter\CodeIgniter->run()
CRITICAL - 2023-12-05 21:27:57 --> Call to undefined method App\Models\NewsSource::getNewsSources
in SYSTEMPATH\Model.php on line 873.
 1 APPPATH\Controllers\NewsSources.php(16): CodeIgniter\Model->__call('getNewsSources', [])
 2 SYSTEMPATH\CodeIgniter.php(942): App\Controllers\NewsSources->index()
 3 SYSTEMPATH\CodeIgniter.php(502): CodeIgniter\CodeIgniter->runController(Object(App\Controllers\NewsSources))
 4 SYSTEMPATH\CodeIgniter.php(361): CodeIgniter\CodeIgniter->handleRequest(null, Object(Config\Cache), false)
 5 FCPATH\index.php(79): CodeIgniter\CodeIgniter->run()
CRITICAL - 2023-12-05 21:27:57 --> Call to undefined method App\Models\NewsSource::getNewsSources
in SYSTEMPATH\Model.php on line 873.
 1 APPPATH\Controllers\NewsSources.php(16): CodeIgniter\Model->__call('getNewsSources', [])
 2 SYSTEMPATH\CodeIgniter.php(942): App\Controllers\NewsSources->index()
 3 SYSTEMPATH\CodeIgniter.php(502): CodeIgniter\CodeIgniter->runController(Object(App\Controllers\NewsSources))
 4 SYSTEMPATH\CodeIgniter.php(361): CodeIgniter\CodeIgniter->handleRequest(null, Object(Config\Cache), false)
 5 FCPATH\index.php(79): CodeIgniter\CodeIgniter->run()
CRITICAL - 2023-12-05 21:27:57 --> Call to undefined method App\Models\NewsSource::getNewsSources
in SYSTEMPATH\Model.php on line 873.
 1 APPPATH\Controllers\NewsSources.php(16): CodeIgniter\Model->__call('getNewsSources', [])
 2 SYSTEMPATH\CodeIgniter.php(942): App\Controllers\NewsSources->index()
 3 SYSTEMPATH\CodeIgniter.php(502): CodeIgniter\CodeIgniter->runController(Object(App\Controllers\NewsSources))
 4 SYSTEMPATH\CodeIgniter.php(361): CodeIgniter\CodeIgniter->handleRequest(null, Object(Config\Cache), false)
 5 FCPATH\index.php(79): CodeIgniter\CodeIgniter->run()
CRITICAL - 2023-12-05 21:28:12 --> Call to undefined method App\Models\NewsSource::getNewsSources
in SYSTEMPATH\Model.php on line 873.
 1 APPPATH\Controllers\NewsSources.php(16): CodeIgniter\Model->__call('getNewsSources', [])
 2 SYSTEMPATH\CodeIgniter.php(942): App\Controllers\NewsSources->index()
 3 SYSTEMPATH\CodeIgniter.php(502): CodeIgniter\CodeIgniter->runController(Object(App\Controllers\NewsSources))
 4 SYSTEMPATH\CodeIgniter.php(361): CodeIgniter\CodeIgniter->handleRequest(null, Object(Config\Cache), false)
 5 FCPATH\index.php(79): CodeIgniter\CodeIgniter->run()
CRITICAL - 2023-12-05 21:28:13 --> Call to undefined method App\Models\NewsSource::getNewsSources
in SYSTEMPATH\Model.php on line 873.
 1 APPPATH\Controllers\NewsSources.php(16): CodeIgniter\Model->__call('getNewsSources', [])
 2 SYSTEMPATH\CodeIgniter.php(942): App\Controllers\NewsSources->index()
 3 SYSTEMPATH\CodeIgniter.php(502): CodeIgniter\CodeIgniter->runController(Object(App\Controllers\NewsSources))
 4 SYSTEMPATH\CodeIgniter.php(361): CodeIgniter\CodeIgniter->handleRequest(null, Object(Config\Cache), false)
 5 FCPATH\index.php(79): CodeIgniter\CodeIgniter->run()
CRITICAL - 2023-12-05 21:28:13 --> Call to undefined method App\Models\NewsSource::getNewsSources
in SYSTEMPATH\Model.php on line 873.
 1 APPPATH\Controllers\NewsSources.php(16): CodeIgniter\Model->__call('getNewsSources', [])
 2 SYSTEMPATH\CodeIgniter.php(942): App\Controllers\NewsSources->index()
 3 SYSTEMPATH\CodeIgniter.php(502): CodeIgniter\CodeIgniter->runController(Object(App\Controllers\NewsSources))
 4 SYSTEMPATH\CodeIgniter.php(361): CodeIgniter\CodeIgniter->handleRequest(null, Object(Config\Cache), false)
 5 FCPATH\index.php(79): CodeIgniter\CodeIgniter->run()
CRITICAL - 2023-12-05 21:28:27 --> Too few arguments to function App\Models\NewsSource::getNewsSourcesByUserId(), 0 passed in C:\xampp\htdocs\code\app\Controllers\NewsSources.php on line 16 and exactly 1 expected
in APPPATH\Models\NewsSource.php on line 13.
 1 APPPATH\Controllers\NewsSources.php(16): App\Models\NewsSource->getNewsSourcesByUserId()
 2 SYSTEMPATH\CodeIgniter.php(942): App\Controllers\NewsSources->index()
 3 SYSTEMPATH\CodeIgniter.php(502): CodeIgniter\CodeIgniter->runController(Object(App\Controllers\NewsSources))
 4 SYSTEMPATH\CodeIgniter.php(361): CodeIgniter\CodeIgniter->handleRequest(null, Object(Config\Cache), false)
 5 FCPATH\index.php(79): CodeIgniter\CodeIgniter->run()
CRITICAL - 2023-12-05 21:29:51 --> Undefined variable $newsSources
in APPPATH\Views\news_sources.php on line 64.
 1 APPPATH\Views\news_sources.php(64): CodeIgniter\Debug\Exceptions->errorHandler(2, 'Undefined variable $newsSources', 'C:\\xampp\\htdocs\\code\\app\\Views\\news_sources.php', 64)
 2 SYSTEMPATH\View\View.php(228): include('C:\\xampp\\htdocs\\code\\app\\Views\\news_sources.php')
 3 SYSTEMPATH\View\View.php(231): CodeIgniter\View\View->CodeIgniter\View\{closure}()
 4 SYSTEMPATH\Common.php(1190): CodeIgniter\View\View->render('news_sources', [], true)
 5 APPPATH\Controllers\NewsSources.php(27): view('news_sources')
 6 SYSTEMPATH\CodeIgniter.php(942): App\Controllers\NewsSources->index()
 7 SYSTEMPATH\CodeIgniter.php(502): CodeIgniter\CodeIgniter->runController(Object(App\Controllers\NewsSources))
 8 SYSTEMPATH\CodeIgniter.php(361): CodeIgniter\CodeIgniter->handleRequest(null, Object(Config\Cache), false)
 9 FCPATH\index.php(79): CodeIgniter\CodeIgniter->run()
CRITICAL - 2023-12-05 21:30:10 --> Undefined variable $newsSources
in APPPATH\Views\news_sources.php on line 64.
 1 APPPATH\Views\news_sources.php(64): CodeIgniter\Debug\Exceptions->errorHandler(2, 'Undefined variable $newsSources', 'C:\\xampp\\htdocs\\code\\app\\Views\\news_sources.php', 64)
 2 SYSTEMPATH\View\View.php(228): include('C:\\xampp\\htdocs\\code\\app\\Views\\news_sources.php')
 3 SYSTEMPATH\View\View.php(231): CodeIgniter\View\View->CodeIgniter\View\{closure}()
 4 SYSTEMPATH\Common.php(1190): CodeIgniter\View\View->render('news_sources', [], true)
 5 APPPATH\Controllers\NewsSources.php(27): view('news_sources')
 6 SYSTEMPATH\CodeIgniter.php(942): App\Controllers\NewsSources->index()
 7 SYSTEMPATH\CodeIgniter.php(502): CodeIgniter\CodeIgniter->runController(Object(App\Controllers\NewsSources))
 8 SYSTEMPATH\CodeIgniter.php(361): CodeIgniter\CodeIgniter->handleRequest(null, Object(Config\Cache), false)
 9 FCPATH\index.php(79): CodeIgniter\CodeIgniter->run()
CRITICAL - 2023-12-05 21:30:11 --> Undefined variable $newsSources
in APPPATH\Views\news_sources.php on line 64.
 1 APPPATH\Views\news_sources.php(64): CodeIgniter\Debug\Exceptions->errorHandler(2, 'Undefined variable $newsSources', 'C:\\xampp\\htdocs\\code\\app\\Views\\news_sources.php', 64)
 2 SYSTEMPATH\View\View.php(228): include('C:\\xampp\\htdocs\\code\\app\\Views\\news_sources.php')
 3 SYSTEMPATH\View\View.php(231): CodeIgniter\View\View->CodeIgniter\View\{closure}()
 4 SYSTEMPATH\Common.php(1190): CodeIgniter\View\View->render('news_sources', [], true)
 5 APPPATH\Controllers\NewsSources.php(27): view('news_sources')
 6 SYSTEMPATH\CodeIgniter.php(942): App\Controllers\NewsSources->index()
 7 SYSTEMPATH\CodeIgniter.php(502): CodeIgniter\CodeIgniter->runController(Object(App\Controllers\NewsSources))
 8 SYSTEMPATH\CodeIgniter.php(361): CodeIgniter\CodeIgniter->handleRequest(null, Object(Config\Cache), false)
 9 FCPATH\index.php(79): CodeIgniter\CodeIgniter->run()
CRITICAL - 2023-12-05 21:30:11 --> Undefined variable $newsSources
in APPPATH\Views\news_sources.php on line 64.
 1 APPPATH\Views\news_sources.php(64): CodeIgniter\Debug\Exceptions->errorHandler(2, 'Undefined variable $newsSources', 'C:\\xampp\\htdocs\\code\\app\\Views\\news_sources.php', 64)
 2 SYSTEMPATH\View\View.php(228): include('C:\\xampp\\htdocs\\code\\app\\Views\\news_sources.php')
 3 SYSTEMPATH\View\View.php(231): CodeIgniter\View\View->CodeIgniter\View\{closure}()
 4 SYSTEMPATH\Common.php(1190): CodeIgniter\View\View->render('news_sources', [], true)
 5 APPPATH\Controllers\NewsSources.php(27): view('news_sources')
 6 SYSTEMPATH\CodeIgniter.php(942): App\Controllers\NewsSources->index()
 7 SYSTEMPATH\CodeIgniter.php(502): CodeIgniter\CodeIgniter->runController(Object(App\Controllers\NewsSources))
 8 SYSTEMPATH\CodeIgniter.php(361): CodeIgniter\CodeIgniter->handleRequest(null, Object(Config\Cache), false)
 9 FCPATH\index.php(79): CodeIgniter\CodeIgniter->run()
CRITICAL - 2023-12-05 21:30:11 --> Undefined variable $newsSources
in APPPATH\Views\news_sources.php on line 64.
 1 APPPATH\Views\news_sources.php(64): CodeIgniter\Debug\Exceptions->errorHandler(2, 'Undefined variable $newsSources', 'C:\\xampp\\htdocs\\code\\app\\Views\\news_sources.php', 64)
 2 SYSTEMPATH\View\View.php(228): include('C:\\xampp\\htdocs\\code\\app\\Views\\news_sources.php')
 3 SYSTEMPATH\View\View.php(231): CodeIgniter\View\View->CodeIgniter\View\{closure}()
 4 SYSTEMPATH\Common.php(1190): CodeIgniter\View\View->render('news_sources', [], true)
 5 APPPATH\Controllers\NewsSources.php(27): view('news_sources')
 6 SYSTEMPATH\CodeIgniter.php(942): App\Controllers\NewsSources->index()
 7 SYSTEMPATH\CodeIgniter.php(502): CodeIgniter\CodeIgniter->runController(Object(App\Controllers\NewsSources))
 8 SYSTEMPATH\CodeIgniter.php(361): CodeIgniter\CodeIgniter->handleRequest(null, Object(Config\Cache), false)
 9 FCPATH\index.php(79): CodeIgniter\CodeIgniter->run()
CRITICAL - 2023-12-05 21:30:12 --> Undefined variable $newsSources
in APPPATH\Views\news_sources.php on line 64.
 1 APPPATH\Views\news_sources.php(64): CodeIgniter\Debug\Exceptions->errorHandler(2, 'Undefined variable $newsSources', 'C:\\xampp\\htdocs\\code\\app\\Views\\news_sources.php', 64)
 2 SYSTEMPATH\View\View.php(228): include('C:\\xampp\\htdocs\\code\\app\\Views\\news_sources.php')
 3 SYSTEMPATH\View\View.php(231): CodeIgniter\View\View->CodeIgniter\View\{closure}()
 4 SYSTEMPATH\Common.php(1190): CodeIgniter\View\View->render('news_sources', [], true)
 5 APPPATH\Controllers\NewsSources.php(27): view('news_sources')
 6 SYSTEMPATH\CodeIgniter.php(942): App\Controllers\NewsSources->index()
 7 SYSTEMPATH\CodeIgniter.php(502): CodeIgniter\CodeIgniter->runController(Object(App\Controllers\NewsSources))
 8 SYSTEMPATH\CodeIgniter.php(361): CodeIgniter\CodeIgniter->handleRequest(null, Object(Config\Cache), false)
 9 FCPATH\index.php(79): CodeIgniter\CodeIgniter->run()
CRITICAL - 2023-12-05 21:30:12 --> Undefined variable $newsSources
in APPPATH\Views\news_sources.php on line 64.
 1 APPPATH\Views\news_sources.php(64): CodeIgniter\Debug\Exceptions->errorHandler(2, 'Undefined variable $newsSources', 'C:\\xampp\\htdocs\\code\\app\\Views\\news_sources.php', 64)
 2 SYSTEMPATH\View\View.php(228): include('C:\\xampp\\htdocs\\code\\app\\Views\\news_sources.php')
 3 SYSTEMPATH\View\View.php(231): CodeIgniter\View\View->CodeIgniter\View\{closure}()
 4 SYSTEMPATH\Common.php(1190): CodeIgniter\View\View->render('news_sources', [], true)
 5 APPPATH\Controllers\NewsSources.php(27): view('news_sources')
 6 SYSTEMPATH\CodeIgniter.php(942): App\Controllers\NewsSources->index()
 7 SYSTEMPATH\CodeIgniter.php(502): CodeIgniter\CodeIgniter->runController(Object(App\Controllers\NewsSources))
 8 SYSTEMPATH\CodeIgniter.php(361): CodeIgniter\CodeIgniter->handleRequest(null, Object(Config\Cache), false)
 9 FCPATH\index.php(79): CodeIgniter\CodeIgniter->run()
CRITICAL - 2023-12-05 21:30:17 --> Undefined variable $newsSources
in APPPATH\Views\news_sources.php on line 33.
 1 APPPATH\Views\news_sources.php(33): CodeIgniter\Debug\Exceptions->errorHandler(2, 'Undefined variable $newsSources', 'C:\\xampp\\htdocs\\code\\app\\Views\\news_sources.php', 33)
 2 SYSTEMPATH\View\View.php(228): include('C:\\xampp\\htdocs\\code\\app\\Views\\news_sources.php')
 3 SYSTEMPATH\View\View.php(231): CodeIgniter\View\View->CodeIgniter\View\{closure}()
 4 SYSTEMPATH\Common.php(1190): CodeIgniter\View\View->render('news_sources', [], true)
 5 APPPATH\Controllers\NewsSources.php(27): view('news_sources')
 6 SYSTEMPATH\CodeIgniter.php(942): App\Controllers\NewsSources->index()
 7 SYSTEMPATH\CodeIgniter.php(502): CodeIgniter\CodeIgniter->runController(Object(App\Controllers\NewsSources))
 8 SYSTEMPATH\CodeIgniter.php(361): CodeIgniter\CodeIgniter->handleRequest(null, Object(Config\Cache), false)
 9 FCPATH\index.php(79): CodeIgniter\CodeIgniter->run()
CRITICAL - 2023-12-05 21:30:18 --> Undefined variable $newsSources
in APPPATH\Views\news_sources.php on line 33.
 1 APPPATH\Views\news_sources.php(33): CodeIgniter\Debug\Exceptions->errorHandler(2, 'Undefined variable $newsSources', 'C:\\xampp\\htdocs\\code\\app\\Views\\news_sources.php', 33)
 2 SYSTEMPATH\View\View.php(228): include('C:\\xampp\\htdocs\\code\\app\\Views\\news_sources.php')
 3 SYSTEMPATH\View\View.php(231): CodeIgniter\View\View->CodeIgniter\View\{closure}()
 4 SYSTEMPATH\Common.php(1190): CodeIgniter\View\View->render('news_sources', [], true)
 5 APPPATH\Controllers\NewsSources.php(27): view('news_sources')
 6 SYSTEMPATH\CodeIgniter.php(942): App\Controllers\NewsSources->index()
 7 SYSTEMPATH\CodeIgniter.php(502): CodeIgniter\CodeIgniter->runController(Object(App\Controllers\NewsSources))
 8 SYSTEMPATH\CodeIgniter.php(361): CodeIgniter\CodeIgniter->handleRequest(null, Object(Config\Cache), false)
 9 FCPATH\index.php(79): CodeIgniter\CodeIgniter->run()
CRITICAL - 2023-12-05 21:30:18 --> Undefined variable $newsSources
in APPPATH\Views\news_sources.php on line 33.
 1 APPPATH\Views\news_sources.php(33): CodeIgniter\Debug\Exceptions->errorHandler(2, 'Undefined variable $newsSources', 'C:\\xampp\\htdocs\\code\\app\\Views\\news_sources.php', 33)
 2 SYSTEMPATH\View\View.php(228): include('C:\\xampp\\htdocs\\code\\app\\Views\\news_sources.php')
 3 SYSTEMPATH\View\View.php(231): CodeIgniter\View\View->CodeIgniter\View\{closure}()
 4 SYSTEMPATH\Common.php(1190): CodeIgniter\View\View->render('news_sources', [], true)
 5 APPPATH\Controllers\NewsSources.php(27): view('news_sources')
 6 SYSTEMPATH\CodeIgniter.php(942): App\Controllers\NewsSources->index()
 7 SYSTEMPATH\CodeIgniter.php(502): CodeIgniter\CodeIgniter->runController(Object(App\Controllers\NewsSources))
 8 SYSTEMPATH\CodeIgniter.php(361): CodeIgniter\CodeIgniter->handleRequest(null, Object(Config\Cache), false)
 9 FCPATH\index.php(79): CodeIgniter\CodeIgniter->run()
CRITICAL - 2023-12-05 21:30:18 --> Undefined variable $newsSources
in APPPATH\Views\news_sources.php on line 33.
 1 APPPATH\Views\news_sources.php(33): CodeIgniter\Debug\Exceptions->errorHandler(2, 'Undefined variable $newsSources', 'C:\\xampp\\htdocs\\code\\app\\Views\\news_sources.php', 33)
 2 SYSTEMPATH\View\View.php(228): include('C:\\xampp\\htdocs\\code\\app\\Views\\news_sources.php')
 3 SYSTEMPATH\View\View.php(231): CodeIgniter\View\View->CodeIgniter\View\{closure}()
 4 SYSTEMPATH\Common.php(1190): CodeIgniter\View\View->render('news_sources', [], true)
 5 APPPATH\Controllers\NewsSources.php(27): view('news_sources')
 6 SYSTEMPATH\CodeIgniter.php(942): App\Controllers\NewsSources->index()
 7 SYSTEMPATH\CodeIgniter.php(502): CodeIgniter\CodeIgniter->runController(Object(App\Controllers\NewsSources))
 8 SYSTEMPATH\CodeIgniter.php(361): CodeIgniter\CodeIgniter->handleRequest(null, Object(Config\Cache), false)
 9 FCPATH\index.php(79): CodeIgniter\CodeIgniter->run()
CRITICAL - 2023-12-05 21:30:19 --> Undefined variable $newsSources
in APPPATH\Views\news_sources.php on line 33.
 1 APPPATH\Views\news_sources.php(33): CodeIgniter\Debug\Exceptions->errorHandler(2, 'Undefined variable $newsSources', 'C:\\xampp\\htdocs\\code\\app\\Views\\news_sources.php', 33)
 2 SYSTEMPATH\View\View.php(228): include('C:\\xampp\\htdocs\\code\\app\\Views\\news_sources.php')
 3 SYSTEMPATH\View\View.php(231): CodeIgniter\View\View->CodeIgniter\View\{closure}()
 4 SYSTEMPATH\Common.php(1190): CodeIgniter\View\View->render('news_sources', [], true)
 5 APPPATH\Controllers\NewsSources.php(27): view('news_sources')
 6 SYSTEMPATH\CodeIgniter.php(942): App\Controllers\NewsSources->index()
 7 SYSTEMPATH\CodeIgniter.php(502): CodeIgniter\CodeIgniter->runController(Object(App\Controllers\NewsSources))
 8 SYSTEMPATH\CodeIgniter.php(361): CodeIgniter\CodeIgniter->handleRequest(null, Object(Config\Cache), false)
 9 FCPATH\index.php(79): CodeIgniter\CodeIgniter->run()
CRITICAL - 2023-12-05 21:30:32 --> Undefined variable $newsSources
in APPPATH\Views\news_sources.php on line 33.
 1 APPPATH\Views\news_sources.php(33): CodeIgniter\Debug\Exceptions->errorHandler(2, 'Undefined variable $newsSources', 'C:\\xampp\\htdocs\\code\\app\\Views\\news_sources.php', 33)
 2 SYSTEMPATH\View\View.php(228): include('C:\\xampp\\htdocs\\code\\app\\Views\\news_sources.php')
 3 SYSTEMPATH\View\View.php(231): CodeIgniter\View\View->CodeIgniter\View\{closure}()
 4 SYSTEMPATH\Common.php(1190): CodeIgniter\View\View->render('news_sources', [], true)
 5 APPPATH\Controllers\NewsSources.php(27): view('news_sources')
 6 SYSTEMPATH\CodeIgniter.php(942): App\Controllers\NewsSources->index()
 7 SYSTEMPATH\CodeIgniter.php(502): CodeIgniter\CodeIgniter->runController(Object(App\Controllers\NewsSources))
 8 SYSTEMPATH\CodeIgniter.php(361): CodeIgniter\CodeIgniter->handleRequest(null, Object(Config\Cache), false)
 9 FCPATH\index.php(79): CodeIgniter\CodeIgniter->run()
CRITICAL - 2023-12-05 21:30:33 --> Undefined variable $newsSources
in APPPATH\Views\news_sources.php on line 33.
 1 APPPATH\Views\news_sources.php(33): CodeIgniter\Debug\Exceptions->errorHandler(2, 'Undefined variable $newsSources', 'C:\\xampp\\htdocs\\code\\app\\Views\\news_sources.php', 33)
 2 SYSTEMPATH\View\View.php(228): include('C:\\xampp\\htdocs\\code\\app\\Views\\news_sources.php')
 3 SYSTEMPATH\View\View.php(231): CodeIgniter\View\View->CodeIgniter\View\{closure}()
 4 SYSTEMPATH\Common.php(1190): CodeIgniter\View\View->render('news_sources', [], true)
 5 APPPATH\Controllers\NewsSources.php(27): view('news_sources')
 6 SYSTEMPATH\CodeIgniter.php(942): App\Controllers\NewsSources->index()
 7 SYSTEMPATH\CodeIgniter.php(502): CodeIgniter\CodeIgniter->runController(Object(App\Controllers\NewsSources))
 8 SYSTEMPATH\CodeIgniter.php(361): CodeIgniter\CodeIgniter->handleRequest(null, Object(Config\Cache), false)
 9 FCPATH\index.php(79): CodeIgniter\CodeIgniter->run()
CRITICAL - 2023-12-05 21:30:33 --> Undefined variable $newsSources
in APPPATH\Views\news_sources.php on line 33.
 1 APPPATH\Views\news_sources.php(33): CodeIgniter\Debug\Exceptions->errorHandler(2, 'Undefined variable $newsSources', 'C:\\xampp\\htdocs\\code\\app\\Views\\news_sources.php', 33)
 2 SYSTEMPATH\View\View.php(228): include('C:\\xampp\\htdocs\\code\\app\\Views\\news_sources.php')
 3 SYSTEMPATH\View\View.php(231): CodeIgniter\View\View->CodeIgniter\View\{closure}()
 4 SYSTEMPATH\Common.php(1190): CodeIgniter\View\View->render('news_sources', [], true)
 5 APPPATH\Controllers\NewsSources.php(27): view('news_sources')
 6 SYSTEMPATH\CodeIgniter.php(942): App\Controllers\NewsSources->index()
 7 SYSTEMPATH\CodeIgniter.php(502): CodeIgniter\CodeIgniter->runController(Object(App\Controllers\NewsSources))
 8 SYSTEMPATH\CodeIgniter.php(361): CodeIgniter\CodeIgniter->handleRequest(null, Object(Config\Cache), false)
 9 FCPATH\index.php(79): CodeIgniter\CodeIgniter->run()
CRITICAL - 2023-12-05 21:30:33 --> Undefined variable $newsSources
in APPPATH\Views\news_sources.php on line 33.
 1 APPPATH\Views\news_sources.php(33): CodeIgniter\Debug\Exceptions->errorHandler(2, 'Undefined variable $newsSources', 'C:\\xampp\\htdocs\\code\\app\\Views\\news_sources.php', 33)
 2 SYSTEMPATH\View\View.php(228): include('C:\\xampp\\htdocs\\code\\app\\Views\\news_sources.php')
 3 SYSTEMPATH\View\View.php(231): CodeIgniter\View\View->CodeIgniter\View\{closure}()
 4 SYSTEMPATH\Common.php(1190): CodeIgniter\View\View->render('news_sources', [], true)
 5 APPPATH\Controllers\NewsSources.php(27): view('news_sources')
 6 SYSTEMPATH\CodeIgniter.php(942): App\Controllers\NewsSources->index()
 7 SYSTEMPATH\CodeIgniter.php(502): CodeIgniter\CodeIgniter->runController(Object(App\Controllers\NewsSources))
 8 SYSTEMPATH\CodeIgniter.php(361): CodeIgniter\CodeIgniter->handleRequest(null, Object(Config\Cache), false)
 9 FCPATH\index.php(79): CodeIgniter\CodeIgniter->run()
CRITICAL - 2023-12-05 21:31:33 --> Array to string conversion
in APPPATH\Controllers\NewsSources.php on line 27.
 1 APPPATH\Controllers\NewsSources.php(27): CodeIgniter\Debug\Exceptions->errorHandler(2, 'Array to string conversion', 'C:\\xampp\\htdocs\\code\\app\\Controllers\\NewsSources.php', 27)
 2 SYSTEMPATH\CodeIgniter.php(942): App\Controllers\NewsSources->index()
 3 SYSTEMPATH\CodeIgniter.php(502): CodeIgniter\CodeIgniter->runController(Object(App\Controllers\NewsSources))
 4 SYSTEMPATH\CodeIgniter.php(361): CodeIgniter\CodeIgniter->handleRequest(null, Object(Config\Cache), false)
 5 FCPATH\index.php(79): CodeIgniter\CodeIgniter->run()
CRITICAL - 2023-12-05 21:32:23 --> Undefined variable $noticia
in APPPATH\Views\news_sources.php on line 111.
 1 APPPATH\Views\news_sources.php(111): CodeIgniter\Debug\Exceptions->errorHandler(2, 'Undefined variable $noticia', 'C:\\xampp\\htdocs\\code\\app\\Views\\news_sources.php', 111)
 2 SYSTEMPATH\View\View.php(228): include('C:\\xampp\\htdocs\\code\\app\\Views\\news_sources.php')
 3 SYSTEMPATH\View\View.php(231): CodeIgniter\View\View->CodeIgniter\View\{closure}()
 4 SYSTEMPATH\Common.php(1190): CodeIgniter\View\View->render('news_sources', [], true)
 5 APPPATH\Controllers\NewsSources.php(27): view('news_sources', [...])
 6 SYSTEMPATH\CodeIgniter.php(942): App\Controllers\NewsSources->index()
 7 SYSTEMPATH\CodeIgniter.php(502): CodeIgniter\CodeIgniter->runController(Object(App\Controllers\NewsSources))
 8 SYSTEMPATH\CodeIgniter.php(361): CodeIgniter\CodeIgniter->handleRequest(null, Object(Config\Cache), false)
 9 FCPATH\index.php(79): CodeIgniter\CodeIgniter->run()
CRITICAL - 2023-12-05 21:32:46 --> Undefined variable $noticia
in APPPATH\Views\news_sources.php on line 111.
 1 APPPATH\Views\news_sources.php(111): CodeIgniter\Debug\Exceptions->errorHandler(2, 'Undefined variable $noticia', 'C:\\xampp\\htdocs\\code\\app\\Views\\news_sources.php', 111)
 2 SYSTEMPATH\View\View.php(228): include('C:\\xampp\\htdocs\\code\\app\\Views\\news_sources.php')
 3 SYSTEMPATH\View\View.php(231): CodeIgniter\View\View->CodeIgniter\View\{closure}()
 4 SYSTEMPATH\Common.php(1190): CodeIgniter\View\View->render('news_sources', [], true)
 5 APPPATH\Controllers\NewsSources.php(27): view('news_sources', [...])
 6 SYSTEMPATH\CodeIgniter.php(942): App\Controllers\NewsSources->index()
 7 SYSTEMPATH\CodeIgniter.php(502): CodeIgniter\CodeIgniter->runController(Object(App\Controllers\NewsSources))
 8 SYSTEMPATH\CodeIgniter.php(361): CodeIgniter\CodeIgniter->handleRequest(null, Object(Config\Cache), false)
 9 FCPATH\index.php(79): CodeIgniter\CodeIgniter->run()
CRITICAL - 2023-12-05 21:33:53 --> Undefined variable $newsSource
in APPPATH\Views\news_sources.php on line 111.
 1 APPPATH\Views\news_sources.php(111): CodeIgniter\Debug\Exceptions->errorHandler(2, 'Undefined variable $newsSource', 'C:\\xampp\\htdocs\\code\\app\\Views\\news_sources.php', 111)
 2 SYSTEMPATH\View\View.php(228): include('C:\\xampp\\htdocs\\code\\app\\Views\\news_sources.php')
 3 SYSTEMPATH\View\View.php(231): CodeIgniter\View\View->CodeIgniter\View\{closure}()
 4 SYSTEMPATH\Common.php(1190): CodeIgniter\View\View->render('news_sources', [], true)
 5 APPPATH\Controllers\NewsSources.php(27): view('news_sources', [...])
 6 SYSTEMPATH\CodeIgniter.php(942): App\Controllers\NewsSources->index()
 7 SYSTEMPATH\CodeIgniter.php(502): CodeIgniter\CodeIgniter->runController(Object(App\Controllers\NewsSources))
 8 SYSTEMPATH\CodeIgniter.php(361): CodeIgniter\CodeIgniter->handleRequest(null, Object(Config\Cache), false)
 9 FCPATH\index.php(79): CodeIgniter\CodeIgniter->run()
CRITICAL - 2023-12-05 21:34:21 --> Undefined variable $newsSource
in APPPATH\Views\news_sources.php on line 111.
 1 APPPATH\Views\news_sources.php(111): CodeIgniter\Debug\Exceptions->errorHandler(2, 'Undefined variable $newsSource', 'C:\\xampp\\htdocs\\code\\app\\Views\\news_sources.php', 111)
 2 SYSTEMPATH\View\View.php(228): include('C:\\xampp\\htdocs\\code\\app\\Views\\news_sources.php')
 3 SYSTEMPATH\View\View.php(231): CodeIgniter\View\View->CodeIgniter\View\{closure}()
 4 SYSTEMPATH\Common.php(1190): CodeIgniter\View\View->render('news_sources', [], true)
 5 APPPATH\Controllers\NewsSources.php(27): view('news_sources', [...])
 6 SYSTEMPATH\CodeIgniter.php(942): App\Controllers\NewsSources->index()
 7 SYSTEMPATH\CodeIgniter.php(502): CodeIgniter\CodeIgniter->runController(Object(App\Controllers\NewsSources))
 8 SYSTEMPATH\CodeIgniter.php(361): CodeIgniter\CodeIgniter->handleRequest(null, Object(Config\Cache), false)
 9 FCPATH\index.php(79): CodeIgniter\CodeIgniter->run()
CRITICAL - 2023-12-05 21:34:22 --> Undefined variable $newsSource
in APPPATH\Views\news_sources.php on line 111.
 1 APPPATH\Views\news_sources.php(111): CodeIgniter\Debug\Exceptions->errorHandler(2, 'Undefined variable $newsSource', 'C:\\xampp\\htdocs\\code\\app\\Views\\news_sources.php', 111)
 2 SYSTEMPATH\View\View.php(228): include('C:\\xampp\\htdocs\\code\\app\\Views\\news_sources.php')
 3 SYSTEMPATH\View\View.php(231): CodeIgniter\View\View->CodeIgniter\View\{closure}()
 4 SYSTEMPATH\Common.php(1190): CodeIgniter\View\View->render('news_sources', [], true)
 5 APPPATH\Controllers\NewsSources.php(27): view('news_sources', [...])
 6 SYSTEMPATH\CodeIgniter.php(942): App\Controllers\NewsSources->index()
 7 SYSTEMPATH\CodeIgniter.php(502): CodeIgniter\CodeIgniter->runController(Object(App\Controllers\NewsSources))
 8 SYSTEMPATH\CodeIgniter.php(361): CodeIgniter\CodeIgniter->handleRequest(null, Object(Config\Cache), false)
 9 FCPATH\index.php(79): CodeIgniter\CodeIgniter->run()
CRITICAL - 2023-12-05 21:34:22 --> Undefined variable $newsSource
in APPPATH\Views\news_sources.php on line 111.
 1 APPPATH\Views\news_sources.php(111): CodeIgniter\Debug\Exceptions->errorHandler(2, 'Undefined variable $newsSource', 'C:\\xampp\\htdocs\\code\\app\\Views\\news_sources.php', 111)
 2 SYSTEMPATH\View\View.php(228): include('C:\\xampp\\htdocs\\code\\app\\Views\\news_sources.php')
 3 SYSTEMPATH\View\View.php(231): CodeIgniter\View\View->CodeIgniter\View\{closure}()
 4 SYSTEMPATH\Common.php(1190): CodeIgniter\View\View->render('news_sources', [], true)
 5 APPPATH\Controllers\NewsSources.php(27): view('news_sources', [...])
 6 SYSTEMPATH\CodeIgniter.php(942): App\Controllers\NewsSources->index()
 7 SYSTEMPATH\CodeIgniter.php(502): CodeIgniter\CodeIgniter->runController(Object(App\Controllers\NewsSources))
 8 SYSTEMPATH\CodeIgniter.php(361): CodeIgniter\CodeIgniter->handleRequest(null, Object(Config\Cache), false)
 9 FCPATH\index.php(79): CodeIgniter\CodeIgniter->run()
CRITICAL - 2023-12-05 21:34:23 --> Undefined variable $newsSource
in APPPATH\Views\news_sources.php on line 111.
 1 APPPATH\Views\news_sources.php(111): CodeIgniter\Debug\Exceptions->errorHandler(2, 'Undefined variable $newsSource', 'C:\\xampp\\htdocs\\code\\app\\Views\\news_sources.php', 111)
 2 SYSTEMPATH\View\View.php(228): include('C:\\xampp\\htdocs\\code\\app\\Views\\news_sources.php')
 3 SYSTEMPATH\View\View.php(231): CodeIgniter\View\View->CodeIgniter\View\{closure}()
 4 SYSTEMPATH\Common.php(1190): CodeIgniter\View\View->render('news_sources', [], true)
 5 APPPATH\Controllers\NewsSources.php(27): view('news_sources', [...])
 6 SYSTEMPATH\CodeIgniter.php(942): App\Controllers\NewsSources->index()
 7 SYSTEMPATH\CodeIgniter.php(502): CodeIgniter\CodeIgniter->runController(Object(App\Controllers\NewsSources))
 8 SYSTEMPATH\CodeIgniter.php(361): CodeIgniter\CodeIgniter->handleRequest(null, Object(Config\Cache), false)
 9 FCPATH\index.php(79): CodeIgniter\CodeIgniter->run()
CRITICAL - 2023-12-05 21:34:46 --> Undefined variable $newsSource
in APPPATH\Views\news_sources.php on line 111.
 1 APPPATH\Views\news_sources.php(111): CodeIgniter\Debug\Exceptions->errorHandler(2, 'Undefined variable $newsSource', 'C:\\xampp\\htdocs\\code\\app\\Views\\news_sources.php', 111)
 2 SYSTEMPATH\View\View.php(228): include('C:\\xampp\\htdocs\\code\\app\\Views\\news_sources.php')
 3 SYSTEMPATH\View\View.php(231): CodeIgniter\View\View->CodeIgniter\View\{closure}()
 4 SYSTEMPATH\Common.php(1190): CodeIgniter\View\View->render('news_sources', [], true)
 5 APPPATH\Controllers\NewsSources.php(27): view('news_sources', [...])
 6 SYSTEMPATH\CodeIgniter.php(942): App\Controllers\NewsSources->index()
 7 SYSTEMPATH\CodeIgniter.php(502): CodeIgniter\CodeIgniter->runController(Object(App\Controllers\NewsSources))
 8 SYSTEMPATH\CodeIgniter.php(361): CodeIgniter\CodeIgniter->handleRequest(null, Object(Config\Cache), false)
 9 FCPATH\index.php(79): CodeIgniter\CodeIgniter->run()
CRITICAL - 2023-12-05 21:38:44 --> Undefined variable $newsSource
in APPPATH\Views\news_sources.php on line 111.
 1 APPPATH\Views\news_sources.php(111): CodeIgniter\Debug\Exceptions->errorHandler(2, 'Undefined variable $newsSource', 'C:\\xampp\\htdocs\\code\\app\\Views\\news_sources.php', 111)
 2 SYSTEMPATH\View\View.php(228): include('C:\\xampp\\htdocs\\code\\app\\Views\\news_sources.php')
 3 SYSTEMPATH\View\View.php(231): CodeIgniter\View\View->CodeIgniter\View\{closure}()
 4 SYSTEMPATH\Common.php(1190): CodeIgniter\View\View->render('news_sources', [], true)
 5 APPPATH\Controllers\NewsSources.php(27): view('news_sources', [...])
 6 SYSTEMPATH\CodeIgniter.php(942): App\Controllers\NewsSources->index()
 7 SYSTEMPATH\CodeIgniter.php(502): CodeIgniter\CodeIgniter->runController(Object(App\Controllers\NewsSources))
 8 SYSTEMPATH\CodeIgniter.php(361): CodeIgniter\CodeIgniter->handleRequest(null, Object(Config\Cache), false)
 9 FCPATH\index.php(79): CodeIgniter\CodeIgniter->run()
CRITICAL - 2023-12-05 21:39:25 --> Undefined array key "category_id"
in APPPATH\Views\news_sources.php on line 111.
 1 APPPATH\Views\news_sources.php(111): CodeIgniter\Debug\Exceptions->errorHandler(2, 'Undefined array key "category_id"', 'C:\\xampp\\htdocs\\code\\app\\Views\\news_sources.php', 111)
 2 SYSTEMPATH\View\View.php(228): include('C:\\xampp\\htdocs\\code\\app\\Views\\news_sources.php')
 3 SYSTEMPATH\View\View.php(231): CodeIgniter\View\View->CodeIgniter\View\{closure}()
 4 SYSTEMPATH\Common.php(1190): CodeIgniter\View\View->render('news_sources', [], true)
 5 APPPATH\Controllers\NewsSources.php(27): view('news_sources', [...])
 6 SYSTEMPATH\CodeIgniter.php(942): App\Controllers\NewsSources->index()
 7 SYSTEMPATH\CodeIgniter.php(502): CodeIgniter\CodeIgniter->runController(Object(App\Controllers\NewsSources))
 8 SYSTEMPATH\CodeIgniter.php(361): CodeIgniter\CodeIgniter->handleRequest(null, Object(Config\Cache), false)
 9 FCPATH\index.php(79): CodeIgniter\CodeIgniter->run()
CRITICAL - 2023-12-05 21:39:26 --> Undefined array key "category_id"
in APPPATH\Views\news_sources.php on line 111.
 1 APPPATH\Views\news_sources.php(111): CodeIgniter\Debug\Exceptions->errorHandler(2, 'Undefined array key "category_id"', 'C:\\xampp\\htdocs\\code\\app\\Views\\news_sources.php', 111)
 2 SYSTEMPATH\View\View.php(228): include('C:\\xampp\\htdocs\\code\\app\\Views\\news_sources.php')
 3 SYSTEMPATH\View\View.php(231): CodeIgniter\View\View->CodeIgniter\View\{closure}()
 4 SYSTEMPATH\Common.php(1190): CodeIgniter\View\View->render('news_sources', [], true)
 5 APPPATH\Controllers\NewsSources.php(27): view('news_sources', [...])
 6 SYSTEMPATH\CodeIgniter.php(942): App\Controllers\NewsSources->index()
 7 SYSTEMPATH\CodeIgniter.php(502): CodeIgniter\CodeIgniter->runController(Object(App\Controllers\NewsSources))
 8 SYSTEMPATH\CodeIgniter.php(361): CodeIgniter\CodeIgniter->handleRequest(null, Object(Config\Cache), false)
 9 FCPATH\index.php(79): CodeIgniter\CodeIgniter->run()
CRITICAL - 2023-12-05 21:39:26 --> Undefined array key "category_id"
in APPPATH\Views\news_sources.php on line 111.
 1 APPPATH\Views\news_sources.php(111): CodeIgniter\Debug\Exceptions->errorHandler(2, 'Undefined array key "category_id"', 'C:\\xampp\\htdocs\\code\\app\\Views\\news_sources.php', 111)
 2 SYSTEMPATH\View\View.php(228): include('C:\\xampp\\htdocs\\code\\app\\Views\\news_sources.php')
 3 SYSTEMPATH\View\View.php(231): CodeIgniter\View\View->CodeIgniter\View\{closure}()
 4 SYSTEMPATH\Common.php(1190): CodeIgniter\View\View->render('news_sources', [], true)
 5 APPPATH\Controllers\NewsSources.php(27): view('news_sources', [...])
 6 SYSTEMPATH\CodeIgniter.php(942): App\Controllers\NewsSources->index()
 7 SYSTEMPATH\CodeIgniter.php(502): CodeIgniter\CodeIgniter->runController(Object(App\Controllers\NewsSources))
 8 SYSTEMPATH\CodeIgniter.php(361): CodeIgniter\CodeIgniter->handleRequest(null, Object(Config\Cache), false)
 9 FCPATH\index.php(79): CodeIgniter\CodeIgniter->run()
CRITICAL - 2023-12-05 21:39:26 --> Undefined array key "category_id"
in APPPATH\Views\news_sources.php on line 111.
 1 APPPATH\Views\news_sources.php(111): CodeIgniter\Debug\Exceptions->errorHandler(2, 'Undefined array key "category_id"', 'C:\\xampp\\htdocs\\code\\app\\Views\\news_sources.php', 111)
 2 SYSTEMPATH\View\View.php(228): include('C:\\xampp\\htdocs\\code\\app\\Views\\news_sources.php')
 3 SYSTEMPATH\View\View.php(231): CodeIgniter\View\View->CodeIgniter\View\{closure}()
 4 SYSTEMPATH\Common.php(1190): CodeIgniter\View\View->render('news_sources', [], true)
 5 APPPATH\Controllers\NewsSources.php(27): view('news_sources', [...])
 6 SYSTEMPATH\CodeIgniter.php(942): App\Controllers\NewsSources->index()
 7 SYSTEMPATH\CodeIgniter.php(502): CodeIgniter\CodeIgniter->runController(Object(App\Controllers\NewsSources))
 8 SYSTEMPATH\CodeIgniter.php(361): CodeIgniter\CodeIgniter->handleRequest(null, Object(Config\Cache), false)
 9 FCPATH\index.php(79): CodeIgniter\CodeIgniter->run()
CRITICAL - 2023-12-05 22:51:28 --> Undefined variable $category
in APPPATH\Views\news_sources.php on line 65.
 1 APPPATH\Views\news_sources.php(65): CodeIgniter\Debug\Exceptions->errorHandler(2, 'Undefined variable $category', 'C:\\xampp\\htdocs\\code\\app\\Views\\news_sources.php', 65)
 2 SYSTEMPATH\View\View.php(228): include('C:\\xampp\\htdocs\\code\\app\\Views\\news_sources.php')
 3 SYSTEMPATH\View\View.php(231): CodeIgniter\View\View->CodeIgniter\View\{closure}()
 4 SYSTEMPATH\Common.php(1190): CodeIgniter\View\View->render('news_sources', [], true)
 5 APPPATH\Controllers\NewsSources.php(27): view('news_sources', [...])
 6 SYSTEMPATH\CodeIgniter.php(942): App\Controllers\NewsSources->index()
 7 SYSTEMPATH\CodeIgniter.php(502): CodeIgniter\CodeIgniter->runController(Object(App\Controllers\NewsSources))
 8 SYSTEMPATH\CodeIgniter.php(361): CodeIgniter\CodeIgniter->handleRequest(null, Object(Config\Cache), false)
 9 FCPATH\index.php(79): CodeIgniter\CodeIgniter->run()
CRITICAL - 2023-12-05 22:51:29 --> Undefined variable $category
in APPPATH\Views\news_sources.php on line 65.
 1 APPPATH\Views\news_sources.php(65): CodeIgniter\Debug\Exceptions->errorHandler(2, 'Undefined variable $category', 'C:\\xampp\\htdocs\\code\\app\\Views\\news_sources.php', 65)
 2 SYSTEMPATH\View\View.php(228): include('C:\\xampp\\htdocs\\code\\app\\Views\\news_sources.php')
 3 SYSTEMPATH\View\View.php(231): CodeIgniter\View\View->CodeIgniter\View\{closure}()
 4 SYSTEMPATH\Common.php(1190): CodeIgniter\View\View->render('news_sources', [], true)
 5 APPPATH\Controllers\NewsSources.php(27): view('news_sources', [...])
 6 SYSTEMPATH\CodeIgniter.php(942): App\Controllers\NewsSources->index()
 7 SYSTEMPATH\CodeIgniter.php(502): CodeIgniter\CodeIgniter->runController(Object(App\Controllers\NewsSources))
 8 SYSTEMPATH\CodeIgniter.php(361): CodeIgniter\CodeIgniter->handleRequest(null, Object(Config\Cache), false)
 9 FCPATH\index.php(79): CodeIgniter\CodeIgniter->run()
CRITICAL - 2023-12-05 22:52:23 --> Undefined array key "name"
in APPPATH\Views\news_sources.php on line 65.
 1 APPPATH\Views\news_sources.php(65): CodeIgniter\Debug\Exceptions->errorHandler(2, 'Undefined array key "name"', 'C:\\xampp\\htdocs\\code\\app\\Views\\news_sources.php', 65)
 2 SYSTEMPATH\View\View.php(228): include('C:\\xampp\\htdocs\\code\\app\\Views\\news_sources.php')
 3 SYSTEMPATH\View\View.php(231): CodeIgniter\View\View->CodeIgniter\View\{closure}()
 4 SYSTEMPATH\Common.php(1190): CodeIgniter\View\View->render('news_sources', [], true)
 5 APPPATH\Controllers\NewsSources.php(27): view('news_sources', [...])
 6 SYSTEMPATH\CodeIgniter.php(942): App\Controllers\NewsSources->index()
 7 SYSTEMPATH\CodeIgniter.php(502): CodeIgniter\CodeIgniter->runController(Object(App\Controllers\NewsSources))
 8 SYSTEMPATH\CodeIgniter.php(361): CodeIgniter\CodeIgniter->handleRequest(null, Object(Config\Cache), false)
 9 FCPATH\index.php(79): CodeIgniter\CodeIgniter->run()
CRITICAL - 2023-12-05 22:52:24 --> Undefined array key "name"
in APPPATH\Views\news_sources.php on line 65.
 1 APPPATH\Views\news_sources.php(65): CodeIgniter\Debug\Exceptions->errorHandler(2, 'Undefined array key "name"', 'C:\\xampp\\htdocs\\code\\app\\Views\\news_sources.php', 65)
 2 SYSTEMPATH\View\View.php(228): include('C:\\xampp\\htdocs\\code\\app\\Views\\news_sources.php')
 3 SYSTEMPATH\View\View.php(231): CodeIgniter\View\View->CodeIgniter\View\{closure}()
 4 SYSTEMPATH\Common.php(1190): CodeIgniter\View\View->render('news_sources', [], true)
 5 APPPATH\Controllers\NewsSources.php(27): view('news_sources', [...])
 6 SYSTEMPATH\CodeIgniter.php(942): App\Controllers\NewsSources->index()
 7 SYSTEMPATH\CodeIgniter.php(502): CodeIgniter\CodeIgniter->runController(Object(App\Controllers\NewsSources))
 8 SYSTEMPATH\CodeIgniter.php(361): CodeIgniter\CodeIgniter->handleRequest(null, Object(Config\Cache), false)
 9 FCPATH\index.php(79): CodeIgniter\CodeIgniter->run()
CRITICAL - 2023-12-05 22:54:34 --> Undefined variable $if
in APPPATH\Views\news_sources.php on line 66.
 1 APPPATH\Views\news_sources.php(66): CodeIgniter\Debug\Exceptions->errorHandler(2, 'Undefined variable $if', 'C:\\xampp\\htdocs\\code\\app\\Views\\news_sources.php', 66)
 2 SYSTEMPATH\View\View.php(228): include('C:\\xampp\\htdocs\\code\\app\\Views\\news_sources.php')
 3 SYSTEMPATH\View\View.php(231): CodeIgniter\View\View->CodeIgniter\View\{closure}()
 4 SYSTEMPATH\Common.php(1190): CodeIgniter\View\View->render('news_sources', [], true)
 5 APPPATH\Controllers\NewsSources.php(27): view('news_sources', [...])
 6 SYSTEMPATH\CodeIgniter.php(942): App\Controllers\NewsSources->index()
 7 SYSTEMPATH\CodeIgniter.php(502): CodeIgniter\CodeIgniter->runController(Object(App\Controllers\NewsSources))
 8 SYSTEMPATH\CodeIgniter.php(361): CodeIgniter\CodeIgniter->handleRequest(null, Object(Config\Cache), false)
 9 FCPATH\index.php(79): CodeIgniter\CodeIgniter->run()
CRITICAL - 2023-12-05 23:03:27 --> Undefined array key "category_id"
in APPPATH\Views\news_sources.php on line 66.
 1 APPPATH\Views\news_sources.php(66): CodeIgniter\Debug\Exceptions->errorHandler(2, 'Undefined array key "category_id"', 'C:\\xampp\\htdocs\\code\\app\\Views\\news_sources.php', 66)
 2 SYSTEMPATH\View\View.php(228): include('C:\\xampp\\htdocs\\code\\app\\Views\\news_sources.php')
 3 SYSTEMPATH\View\View.php(231): CodeIgniter\View\View->CodeIgniter\View\{closure}()
 4 SYSTEMPATH\Common.php(1190): CodeIgniter\View\View->render('news_sources', [], true)
 5 APPPATH\Controllers\NewsSources.php(27): view('news_sources', [...])
 6 SYSTEMPATH\CodeIgniter.php(942): App\Controllers\NewsSources->index()
 7 SYSTEMPATH\CodeIgniter.php(502): CodeIgniter\CodeIgniter->runController(Object(App\Controllers\NewsSources))
 8 SYSTEMPATH\CodeIgniter.php(361): CodeIgniter\CodeIgniter->handleRequest(null, Object(Config\Cache), false)
 9 FCPATH\index.php(79): CodeIgniter\CodeIgniter->run()
CRITICAL - 2023-12-05 23:07:06 --> Call to undefined method App\Models\NewsSource::deleteNewsSources
in SYSTEMPATH\Model.php on line 873.
 1 APPPATH\Controllers\NewsSources.php(56): CodeIgniter\Model->__call('deleteNewsSources', [...])
 2 SYSTEMPATH\CodeIgniter.php(942): App\Controllers\NewsSources->delete('91')
 3 SYSTEMPATH\CodeIgniter.php(502): CodeIgniter\CodeIgniter->runController(Object(App\Controllers\NewsSources))
 4 SYSTEMPATH\CodeIgniter.php(361): CodeIgniter\CodeIgniter->handleRequest(null, Object(Config\Cache), false)
 5 FCPATH\index.php(79): CodeIgniter\CodeIgniter->run()
CRITICAL - 2023-12-05 23:57:32 --> Call to undefined method App\Models\NewsSource::getNewsSourcesByUserId
in SYSTEMPATH\Model.php on line 873.
 1 APPPATH\Controllers\NewsSources.php(20): CodeIgniter\Model->__call('getNewsSourcesByUserId', [...])
 2 SYSTEMPATH\CodeIgniter.php(942): App\Controllers\NewsSources->index()
 3 SYSTEMPATH\CodeIgniter.php(502): CodeIgniter\CodeIgniter->runController(Object(App\Controllers\NewsSources))
 4 SYSTEMPATH\CodeIgniter.php(361): CodeIgniter\CodeIgniter->handleRequest(null, Object(Config\Cache), false)
 5 FCPATH\index.php(79): CodeIgniter\CodeIgniter->run()
CRITICAL - 2023-12-05 23:57:33 --> Call to undefined method App\Models\NewsSource::getNewsSourcesByUserId
in SYSTEMPATH\Model.php on line 873.
 1 APPPATH\Controllers\NewsSources.php(20): CodeIgniter\Model->__call('getNewsSourcesByUserId', [...])
 2 SYSTEMPATH\CodeIgniter.php(942): App\Controllers\NewsSources->index()
 3 SYSTEMPATH\CodeIgniter.php(502): CodeIgniter\CodeIgniter->runController(Object(App\Controllers\NewsSources))
 4 SYSTEMPATH\CodeIgniter.php(361): CodeIgniter\CodeIgniter->handleRequest(null, Object(Config\Cache), false)
 5 FCPATH\index.php(79): CodeIgniter\CodeIgniter->run()
CRITICAL - 2023-12-05 23:57:35 --> Call to undefined method App\Models\NewsSource::getNewsSourcesByUserId
in SYSTEMPATH\Model.php on line 873.
 1 APPPATH\Controllers\NewsSources.php(20): CodeIgniter\Model->__call('getNewsSourcesByUserId', [...])
 2 SYSTEMPATH\CodeIgniter.php(942): App\Controllers\NewsSources->index()
 3 SYSTEMPATH\CodeIgniter.php(502): CodeIgniter\CodeIgniter->runController(Object(App\Controllers\NewsSources))
 4 SYSTEMPATH\CodeIgniter.php(361): CodeIgniter\CodeIgniter->handleRequest(null, Object(Config\Cache), false)
 5 FCPATH\index.php(79): CodeIgniter\CodeIgniter->run()
CRITICAL - 2023-12-05 23:57:36 --> Call to undefined method App\Models\NewsSource::getNewsSourcesByUserId
in SYSTEMPATH\Model.php on line 873.
 1 APPPATH\Controllers\NewsSources.php(20): CodeIgniter\Model->__call('getNewsSourcesByUserId', [...])
 2 SYSTEMPATH\CodeIgniter.php(942): App\Controllers\NewsSources->index()
 3 SYSTEMPATH\CodeIgniter.php(502): CodeIgniter\CodeIgniter->runController(Object(App\Controllers\NewsSources))
 4 SYSTEMPATH\CodeIgniter.php(361): CodeIgniter\CodeIgniter->handleRequest(null, Object(Config\Cache), false)
 5 FCPATH\index.php(79): CodeIgniter\CodeIgniter->run()
CRITICAL - 2023-12-05 23:57:36 --> Call to undefined method App\Models\NewsSource::getNewsSourcesByUserId
in SYSTEMPATH\Model.php on line 873.
 1 APPPATH\Controllers\NewsSources.php(20): CodeIgniter\Model->__call('getNewsSourcesByUserId', [...])
 2 SYSTEMPATH\CodeIgniter.php(942): App\Controllers\NewsSources->index()
 3 SYSTEMPATH\CodeIgniter.php(502): CodeIgniter\CodeIgniter->runController(Object(App\Controllers\NewsSources))
 4 SYSTEMPATH\CodeIgniter.php(361): CodeIgniter\CodeIgniter->handleRequest(null, Object(Config\Cache), false)
 5 FCPATH\index.php(79): CodeIgniter\CodeIgniter->run()
CRITICAL - 2023-12-05 23:57:37 --> Call to undefined method App\Models\NewsSource::getNewsSourcesByUserId
in SYSTEMPATH\Model.php on line 873.
 1 APPPATH\Controllers\NewsSources.php(20): CodeIgniter\Model->__call('getNewsSourcesByUserId', [...])
 2 SYSTEMPATH\CodeIgniter.php(942): App\Controllers\NewsSources->index()
 3 SYSTEMPATH\CodeIgniter.php(502): CodeIgniter\CodeIgniter->runController(Object(App\Controllers\NewsSources))
 4 SYSTEMPATH\CodeIgniter.php(361): CodeIgniter\CodeIgniter->handleRequest(null, Object(Config\Cache), false)
 5 FCPATH\index.php(79): CodeIgniter\CodeIgniter->run()
CRITICAL - 2023-12-05 23:57:39 --> Call to undefined method App\Models\NewsSource::getNewsSourcesByUserId
in SYSTEMPATH\Model.php on line 873.
 1 APPPATH\Controllers\NewsSources.php(20): CodeIgniter\Model->__call('getNewsSourcesByUserId', [...])
 2 SYSTEMPATH\CodeIgniter.php(942): App\Controllers\NewsSources->index()
 3 SYSTEMPATH\CodeIgniter.php(502): CodeIgniter\CodeIgniter->runController(Object(App\Controllers\NewsSources))
 4 SYSTEMPATH\CodeIgniter.php(361): CodeIgniter\CodeIgniter->handleRequest(null, Object(Config\Cache), false)
 5 FCPATH\index.php(79): CodeIgniter\CodeIgniter->run()
CRITICAL - 2023-12-05 23:57:40 --> Call to undefined method App\Models\NewsSource::getNewsSourcesByUserId
in SYSTEMPATH\Model.php on line 873.
 1 APPPATH\Controllers\NewsSources.php(20): CodeIgniter\Model->__call('getNewsSourcesByUserId', [...])
 2 SYSTEMPATH\CodeIgniter.php(942): App\Controllers\NewsSources->index()
 3 SYSTEMPATH\CodeIgniter.php(502): CodeIgniter\CodeIgniter->runController(Object(App\Controllers\NewsSources))
 4 SYSTEMPATH\CodeIgniter.php(361): CodeIgniter\CodeIgniter->handleRequest(null, Object(Config\Cache), false)
 5 FCPATH\index.php(79): CodeIgniter\CodeIgniter->run()
CRITICAL - 2023-12-05 23:57:49 --> Call to undefined method App\Models\NewsSource::getNewsSourcesByUserId
in SYSTEMPATH\Model.php on line 873.
 1 APPPATH\Controllers\NewsSources.php(20): CodeIgniter\Model->__call('getNewsSourcesByUserId', [...])
 2 SYSTEMPATH\CodeIgniter.php(942): App\Controllers\NewsSources->index()
 3 SYSTEMPATH\CodeIgniter.php(502): CodeIgniter\CodeIgniter->runController(Object(App\Controllers\NewsSources))
 4 SYSTEMPATH\CodeIgniter.php(361): CodeIgniter\CodeIgniter->handleRequest(null, Object(Config\Cache), false)
 5 FCPATH\index.php(79): CodeIgniter\CodeIgniter->run()
CRITICAL - 2023-12-05 23:57:55 --> Call to undefined method App\Models\NewsSource::getNewsSourcesByUserId
in SYSTEMPATH\Model.php on line 873.
 1 APPPATH\Controllers\NewsSources.php(20): CodeIgniter\Model->__call('getNewsSourcesByUserId', [...])
 2 SYSTEMPATH\CodeIgniter.php(942): App\Controllers\NewsSources->index()
 3 SYSTEMPATH\CodeIgniter.php(502): CodeIgniter\CodeIgniter->runController(Object(App\Controllers\NewsSources))
 4 SYSTEMPATH\CodeIgniter.php(361): CodeIgniter\CodeIgniter->handleRequest(null, Object(Config\Cache), false)
 5 FCPATH\index.php(79): CodeIgniter\CodeIgniter->run()
CRITICAL - 2023-12-05 23:59:40 --> Call to undefined method App\Models\NewsSource::getNewsSourcesByUserId
in SYSTEMPATH\Model.php on line 873.
 1 APPPATH\Controllers\NewsSources.php(20): CodeIgniter\Model->__call('getNewsSourcesByUserId', [...])
 2 SYSTEMPATH\CodeIgniter.php(942): App\Controllers\NewsSources->index()
 3 SYSTEMPATH\CodeIgniter.php(502): CodeIgniter\CodeIgniter->runController(Object(App\Controllers\NewsSources))
 4 SYSTEMPATH\CodeIgniter.php(361): CodeIgniter\CodeIgniter->handleRequest(null, Object(Config\Cache), false)
 5 FCPATH\index.php(79): CodeIgniter\CodeIgniter->run()
CRITICAL - 2023-12-05 23:59:40 --> Call to undefined method App\Models\NewsSource::getNewsSourcesByUserId
in SYSTEMPATH\Model.php on line 873.
 1 APPPATH\Controllers\NewsSources.php(20): CodeIgniter\Model->__call('getNewsSourcesByUserId', [...])
 2 SYSTEMPATH\CodeIgniter.php(942): App\Controllers\NewsSources->index()
 3 SYSTEMPATH\CodeIgniter.php(502): CodeIgniter\CodeIgniter->runController(Object(App\Controllers\NewsSources))
 4 SYSTEMPATH\CodeIgniter.php(361): CodeIgniter\CodeIgniter->handleRequest(null, Object(Config\Cache), false)
 5 FCPATH\index.php(79): CodeIgniter\CodeIgniter->run()
CRITICAL - 2023-12-05 23:59:41 --> Call to undefined method App\Models\NewsSource::getNewsSourcesByUserId
in SYSTEMPATH\Model.php on line 873.
 1 APPPATH\Controllers\NewsSources.php(20): CodeIgniter\Model->__call('getNewsSourcesByUserId', [...])
 2 SYSTEMPATH\CodeIgniter.php(942): App\Controllers\NewsSources->index()
 3 SYSTEMPATH\CodeIgniter.php(502): CodeIgniter\CodeIgniter->runController(Object(App\Controllers\NewsSources))
 4 SYSTEMPATH\CodeIgniter.php(361): CodeIgniter\CodeIgniter->handleRequest(null, Object(Config\Cache), false)
 5 FCPATH\index.php(79): CodeIgniter\CodeIgniter->run()
