CRITICAL - 2023-12-09 16:49:18 --> CodeIgniter\BaseModel::findAll(): Argument #1 ($limit) must be of type int, string given, called in C:\xampp\htdocs\code\app\Models\Etiqueta.php on line 14
in SYSTEMPATH\BaseModel.php on line 607.
 1 APPPATH\Models\Etiqueta.php(14): CodeIgniter\BaseModel->findAll('name_etiqueta')
 2 APPPATH\Controllers\YourNews.php(32): App\Models\Etiqueta->getAllEtiquetas()
 3 SYSTEMPATH\CodeIgniter.php(942): App\Controllers\YourNews->index()
 4 SYSTEMPATH\CodeIgniter.php(502): CodeIgniter\CodeIgniter->runController(Object(App\Controllers\YourNews))
 5 SYSTEMPATH\CodeIgniter.php(361): CodeIgniter\CodeIgniter->handleRequest(null, Object(Config\Cache), false)
 6 FCPATH\index.php(79): CodeIgniter\CodeIgniter->run()
ERROR - 2023-12-09 16:51:23 --> mysqli_sql_exception: Column 'user_id' cannot be null in C:\xampp\htdocs\code\system\Database\MySQLi\Connection.php:306
Stack trace:
#0 C:\xampp\htdocs\code\system\Database\MySQLi\Connection.php(306): mysqli->query('INSERT INTO `ne...', 0)
#1 C:\xampp\htdocs\code\system\Database\BaseConnection.php(693): CodeIgniter\Database\MySQLi\Connection->execute('INSERT INTO `ne...')
#2 C:\xampp\htdocs\code\system\Database\BaseConnection.php(607): CodeIgniter\Database\BaseConnection->simpleQuery('INSERT INTO `ne...')
#3 C:\xampp\htdocs\code\system\Database\BaseBuilder.php(2308): CodeIgniter\Database\BaseConnection->query('INSERT INTO `ne...', Array, false)
#4 C:\xampp\htdocs\code\system\Model.php(319): CodeIgniter\Database\BaseBuilder->insert()
#5 C:\xampp\htdocs\code\system\BaseModel.php(788): CodeIgniter\Model->doInsert(Array)
#6 C:\xampp\htdocs\code\system\Model.php(715): CodeIgniter\BaseModel->insert(Array, true)
#7 C:\xampp\htdocs\code\app\Models\NewsSource.php(20): CodeIgniter\Model->insert(Array)
#8 C:\xampp\htdocs\code\app\Controllers\NewsSources.php(56): App\Models\NewsSource->insertNewsSource(Array)
#9 C:\xampp\htdocs\code\system\CodeIgniter.php(942): App\Controllers\NewsSources->agregar()
#10 C:\xampp\htdocs\code\system\CodeIgniter.php(502): CodeIgniter\CodeIgniter->runController(Object(App\Controllers\NewsSources))
#11 C:\xampp\htdocs\code\system\CodeIgniter.php(361): CodeIgniter\CodeIgniter->handleRequest(NULL, Object(Config\Cache), false)
#12 C:\xampp\htdocs\code\public\index.php(79): CodeIgniter\CodeIgniter->run()
#13 {main}
CRITICAL - 2023-12-09 16:51:23 --> Column 'user_id' cannot be null
in SYSTEMPATH\Database\BaseConnection.php on line 647.
 1 SYSTEMPATH\Database\BaseBuilder.php(2308): CodeIgniter\Database\BaseConnection->query('INSERT INTO `news_sources` (`name`, `url`, `category_id`, `user_id`) VALUES (:name:, :url:, :category_id:, :user_id:)', [...], false)
 2 SYSTEMPATH\Model.php(319): CodeIgniter\Database\BaseBuilder->insert()
 3 SYSTEMPATH\BaseModel.php(788): CodeIgniter\Model->doInsert([...])
 4 SYSTEMPATH\Model.php(715): CodeIgniter\BaseModel->insert([...], true)
 5 APPPATH\Models\NewsSource.php(20): CodeIgniter\Model->insert([...])
 6 APPPATH\Controllers\NewsSources.php(56): App\Models\NewsSource->insertNewsSource([...])
 7 SYSTEMPATH\CodeIgniter.php(942): App\Controllers\NewsSources->agregar()
 8 SYSTEMPATH\CodeIgniter.php(502): CodeIgniter\CodeIgniter->runController(Object(App\Controllers\NewsSources))
 9 SYSTEMPATH\CodeIgniter.php(361): CodeIgniter\CodeIgniter->handleRequest(null, Object(Config\Cache), false)
10 FCPATH\index.php(79): CodeIgniter\CodeIgniter->run()
CRITICAL - 2023-12-09 16:53:42 --> CodeIgniter\BaseModel::findAll(): Argument #1 ($limit) must be of type int, string given, called in C:\xampp\htdocs\code\app\Models\Etiqueta.php on line 14
in SYSTEMPATH\BaseModel.php on line 607.
 1 APPPATH\Models\Etiqueta.php(14): CodeIgniter\BaseModel->findAll('name_etiqueta')
 2 APPPATH\Controllers\YourNews.php(32): App\Models\Etiqueta->getAllEtiquetas()
 3 SYSTEMPATH\CodeIgniter.php(942): App\Controllers\YourNews->index()
 4 SYSTEMPATH\CodeIgniter.php(502): CodeIgniter\CodeIgniter->runController(Object(App\Controllers\YourNews))
 5 SYSTEMPATH\CodeIgniter.php(361): CodeIgniter\CodeIgniter->handleRequest(null, Object(Config\Cache), false)
 6 FCPATH\index.php(79): CodeIgniter\CodeIgniter->run()
CRITICAL - 2023-12-09 16:53:55 --> CodeIgniter\BaseModel::findAll(): Argument #1 ($limit) must be of type int, string given, called in C:\xampp\htdocs\code\app\Models\Etiqueta.php on line 14
in SYSTEMPATH\BaseModel.php on line 607.
 1 APPPATH\Models\Etiqueta.php(14): CodeIgniter\BaseModel->findAll('name_etiqueta')
 2 APPPATH\Controllers\YourNews.php(32): App\Models\Etiqueta->getAllEtiquetas()
 3 SYSTEMPATH\CodeIgniter.php(942): App\Controllers\YourNews->index()
 4 SYSTEMPATH\CodeIgniter.php(502): CodeIgniter\CodeIgniter->runController(Object(App\Controllers\YourNews))
 5 SYSTEMPATH\CodeIgniter.php(361): CodeIgniter\CodeIgniter->handleRequest(null, Object(Config\Cache), false)
 6 FCPATH\index.php(79): CodeIgniter\CodeIgniter->run()
CRITICAL - 2023-12-09 16:53:56 --> CodeIgniter\BaseModel::findAll(): Argument #1 ($limit) must be of type int, string given, called in C:\xampp\htdocs\code\app\Models\Etiqueta.php on line 14
in SYSTEMPATH\BaseModel.php on line 607.
 1 APPPATH\Models\Etiqueta.php(14): CodeIgniter\BaseModel->findAll('name_etiqueta')
 2 APPPATH\Controllers\YourNews.php(32): App\Models\Etiqueta->getAllEtiquetas()
 3 SYSTEMPATH\CodeIgniter.php(942): App\Controllers\YourNews->index()
 4 SYSTEMPATH\CodeIgniter.php(502): CodeIgniter\CodeIgniter->runController(Object(App\Controllers\YourNews))
 5 SYSTEMPATH\CodeIgniter.php(361): CodeIgniter\CodeIgniter->handleRequest(null, Object(Config\Cache), false)
 6 FCPATH\index.php(79): CodeIgniter\CodeIgniter->run()
CRITICAL - 2023-12-09 17:00:43 --> CodeIgniter\BaseModel::findAll(): Argument #1 ($limit) must be of type int, string given, called in C:\xampp\htdocs\code\app\Models\Etiqueta.php on line 14
in SYSTEMPATH\BaseModel.php on line 607.
 1 APPPATH\Models\Etiqueta.php(14): CodeIgniter\BaseModel->findAll('name_etiqueta')
 2 APPPATH\Controllers\YourNews.php(32): App\Models\Etiqueta->getAllEtiquetas()
 3 SYSTEMPATH\CodeIgniter.php(942): App\Controllers\YourNews->index()
 4 SYSTEMPATH\CodeIgniter.php(502): CodeIgniter\CodeIgniter->runController(Object(App\Controllers\YourNews))
 5 SYSTEMPATH\CodeIgniter.php(361): CodeIgniter\CodeIgniter->handleRequest(null, Object(Config\Cache), false)
 6 FCPATH\index.php(79): CodeIgniter\CodeIgniter->run()
CRITICAL - 2023-12-09 17:00:45 --> CodeIgniter\BaseModel::findAll(): Argument #1 ($limit) must be of type int, string given, called in C:\xampp\htdocs\code\app\Models\Etiqueta.php on line 14
in SYSTEMPATH\BaseModel.php on line 607.
 1 APPPATH\Models\Etiqueta.php(14): CodeIgniter\BaseModel->findAll('name_etiqueta')
 2 APPPATH\Controllers\YourNews.php(32): App\Models\Etiqueta->getAllEtiquetas()
 3 SYSTEMPATH\CodeIgniter.php(942): App\Controllers\YourNews->index()
 4 SYSTEMPATH\CodeIgniter.php(502): CodeIgniter\CodeIgniter->runController(Object(App\Controllers\YourNews))
 5 SYSTEMPATH\CodeIgniter.php(361): CodeIgniter\CodeIgniter->handleRequest(null, Object(Config\Cache), false)
 6 FCPATH\index.php(79): CodeIgniter\CodeIgniter->run()
CRITICAL - 2023-12-09 17:00:52 --> CodeIgniter\BaseModel::findAll(): Argument #1 ($limit) must be of type int, string given, called in C:\xampp\htdocs\code\app\Models\Etiqueta.php on line 14
in SYSTEMPATH\BaseModel.php on line 607.
 1 APPPATH\Models\Etiqueta.php(14): CodeIgniter\BaseModel->findAll('name_etiqueta')
 2 APPPATH\Controllers\YourNews.php(32): App\Models\Etiqueta->getAllEtiquetas()
 3 SYSTEMPATH\CodeIgniter.php(942): App\Controllers\YourNews->index()
 4 SYSTEMPATH\CodeIgniter.php(502): CodeIgniter\CodeIgniter->runController(Object(App\Controllers\YourNews))
 5 SYSTEMPATH\CodeIgniter.php(361): CodeIgniter\CodeIgniter->handleRequest(null, Object(Config\Cache), false)
 6 FCPATH\index.php(79): CodeIgniter\CodeIgniter->run()
CRITICAL - 2023-12-09 17:00:52 --> CodeIgniter\BaseModel::findAll(): Argument #1 ($limit) must be of type int, string given, called in C:\xampp\htdocs\code\app\Models\Etiqueta.php on line 14
in SYSTEMPATH\BaseModel.php on line 607.
 1 APPPATH\Models\Etiqueta.php(14): CodeIgniter\BaseModel->findAll('name_etiqueta')
 2 APPPATH\Controllers\YourNews.php(32): App\Models\Etiqueta->getAllEtiquetas()
 3 SYSTEMPATH\CodeIgniter.php(942): App\Controllers\YourNews->index()
 4 SYSTEMPATH\CodeIgniter.php(502): CodeIgniter\CodeIgniter->runController(Object(App\Controllers\YourNews))
 5 SYSTEMPATH\CodeIgniter.php(361): CodeIgniter\CodeIgniter->handleRequest(null, Object(Config\Cache), false)
 6 FCPATH\index.php(79): CodeIgniter\CodeIgniter->run()
CRITICAL - 2023-12-09 17:03:17 --> CodeIgniter\BaseModel::findAll(): Argument #1 ($limit) must be of type int, string given, called in C:\xampp\htdocs\code\app\Models\Etiqueta.php on line 14
in SYSTEMPATH\BaseModel.php on line 607.
 1 APPPATH\Models\Etiqueta.php(14): CodeIgniter\BaseModel->findAll('name_etiqueta')
 2 APPPATH\Controllers\YourNews.php(32): App\Models\Etiqueta->getAllEtiquetas()
 3 SYSTEMPATH\CodeIgniter.php(942): App\Controllers\YourNews->index()
 4 SYSTEMPATH\CodeIgniter.php(502): CodeIgniter\CodeIgniter->runController(Object(App\Controllers\YourNews))
 5 SYSTEMPATH\CodeIgniter.php(361): CodeIgniter\CodeIgniter->handleRequest(null, Object(Config\Cache), false)
 6 FCPATH\index.php(79): CodeIgniter\CodeIgniter->run()
